This is pdfTeX, Version 3.1415926-1.40.10 (TeX Live 2009/Debian) (format=pdflatex 2012.10.10)  26 NOV 2012 17:09
entering extended mode
 %&-line parsing enabled.
**\input tex.tex
(./tex.tex

! LaTeX Error: Environment figure undefined.

See the LaTeX manual or LaTeX Companion for explanation.
Type  H <return>  for immediate help.
 ...                                              
                                                  
l.3 \begin{figure}
                  [ht]
Your command was ignored.
Type  I <command> <return>  to replace it with another command,
or  <return>  to continue without it.


! LaTeX Error: Missing \begin{document}.

See the LaTeX manual or LaTeX Companion for explanation.
Type  H <return>  for immediate help.
 ...                                              
                                                  
l.3 \begin{figure}[
                   ht]
You're in trouble here.  Try typing  <return>  to proceed.
If that doesn't work, type  X <return>  to quit.

Missing character: There is no [ in font nullfont!
Missing character: There is no h in font nullfont!
Missing character: There is no t in font nullfont!
Missing character: There is no ] in font nullfont!
! Undefined control sequence.
l.5   \subfigure
                [Height and impulse of $p_1^L$.] {
The control sequence at the end of the top line
of your error message was never \def'ed. If you have
misspelled it (e.g., `\hobx'), type `I' and the correct
spelling (e.g., `I\hbox'). Otherwise just continue,
and I'll forget about whatever was undefined.

Missing character: There is no [ in font nullfont!
Missing character: There is no H in font nullfont!
Missing character: There is no e in font nullfont!
Missing character: There is no i in font nullfont!
Missing character: There is no g in font nullfont!
Missing character: There is no h in font nullfont!
Missing character: There is no t in font nullfont!
Missing character: There is no a in font nullfont!
Missing character: There is no n in font nullfont!
Missing character: There is no d in font nullfont!
Missing character: There is no i in font nullfont!
Missing character: There is no m in font nullfont!
Missing character: There is no p in font nullfont!
Missing character: There is no u in font nullfont!
Missing character: There is no l in font nullfont!
Missing character: There is no s in font nullfont!
Missing character: There is no e in font nullfont!
Missing character: There is no o in font nullfont!
Missing character: There is no f in font nullfont!
LaTeX Font Info:    External font `cmex10' loaded for size
(Font)              <7> on input line 5.
LaTeX Font Info:    External font `cmex10' loaded for size
(Font)              <5> on input line 5.
Missing character: There is no . in font nullfont!
Missing character: There is no ] in font nullfont!
! Undefined control sequence.
l.6     \includegraphics
                        [scale=\zoomfactor]{{{3_punkte_equidist_alles_gleich...
The control sequence at the end of the top line
of your error message was never \def'ed. If you have
misspelled it (e.g., `\hobx'), type `I' and the correct
spelling (e.g., `I\hbox'). Otherwise just continue,
and I'll forget about whatever was undefined.

Missing character: There is no [ in font nullfont!
Missing character: There is no s in font nullfont!
Missing character: There is no c in font nullfont!
Missing character: There is no a in font nullfont!
Missing character: There is no l in font nullfont!
Missing character: There is no e in font nullfont!
Missing character: There is no = in font nullfont!
! Undefined control sequence.
l.6     \includegraphics[scale=\zoomfactor
                                          ]{{{3_punkte_equidist_alles_gleich...
The control sequence at the end of the top line
of your error message was never \def'ed. If you have
misspelled it (e.g., `\hobx'), type `I' and the correct
spelling (e.g., `I\hbox'). Otherwise just continue,
and I'll forget about whatever was undefined.

Missing character: There is no ] in font nullfont!
Missing character: There is no 3 in font nullfont!
! Missing $ inserted.
<inserted text> 
                $
l.6     \includegraphics[scale=\zoomfactor]{{{3_
                                                punkte_equidist_alles_gleich...
I've inserted a begin-math/end-math symbol since I think
you left one out. Proceed, with fingers crossed.

! Double subscript.
l.6 ...ctor]{{{3_punkte_equidist_alles_gleich/x_y_
                                                  0.0_10.0_0.0_10.0_0.0_10.0...
I treat `x_1_2' essentially like `x_1{}_2'.

! Extra }, or forgotten $.
l.6 ...10.0_0.0_10.0_0.0_10.0_0.0_10.0_0.0_10.0f0}
                                                  }}
I've deleted a group-closing symbol because it seems to be
spurious, as in `$x}$'. But perhaps the } is legitimate and
you forgot something else, as in `\hbox{$x}'. In such cases
the way to recover is to insert both the forgotten and the
deleted material, e.g., by typing `I$}'.

! Extra }, or forgotten $.
l.6 ...0.0_0.0_10.0_0.0_10.0_0.0_10.0_0.0_10.0f0}}
                                                  }
I've deleted a group-closing symbol because it seems to be
spurious, as in `$x}$'. But perhaps the } is legitimate and
you forgot something else, as in `\hbox{$x}'. In such cases
the way to recover is to insert both the forgotten and the
deleted material, e.g., by typing `I$}'.

! Extra }, or forgotten $.
l.6 ....0_0.0_10.0_0.0_10.0_0.0_10.0_0.0_10.0f0}}}
                                                  
I've deleted a group-closing symbol because it seems to be
spurious, as in `$x}$'. But perhaps the } is legitimate and
you forgot something else, as in `\hbox{$x}'. In such cases
the way to recover is to insert both the forgotten and the
deleted material, e.g., by typing `I$}'.

! Undefined control sequence.
l.7     \includegraphics
                        [scale=\zoomfactor]{{{3_punkte_equidist_alles_gleich...
The control sequence at the end of the top line
of your error message was never \def'ed. If you have
misspelled it (e.g., `\hobx'), type `I' and the correct
spelling (e.g., `I\hbox'). Otherwise just continue,
and I'll forget about whatever was undefined.

! Undefined control sequence.
l.7     \includegraphics[scale=\zoomfactor
                                          ]{{{3_punkte_equidist_alles_gleich...
The control sequence at the end of the top line
of your error message was never \def'ed. If you have
misspelled it (e.g., `\hobx'), type `I' and the correct
spelling (e.g., `I\hbox'). Otherwise just continue,
and I'll forget about whatever was undefined.

! Double subscript.
l.7 ...ctor]{{{3_punkte_equidist_alles_gleich/x_y_
                                                  0.0_10.0_0.0_10.0_0.0_10.0...
I treat `x_1_2' essentially like `x_1{}_2'.

! Extra }, or forgotten $.
l.8   }
       
I've deleted a group-closing symbol because it seems to be
spurious, as in `$x}$'. But perhaps the } is legitimate and
you forgot something else, as in `\hbox{$x}'. In such cases
the way to recover is to insert both the forgotten and the
deleted material, e.g., by typing `I$}'.

! Missing $ inserted.
<inserted text> 
                $
l.9 
    
I've inserted a begin-math/end-math symbol since I think
you left one out. Proceed, with fingers crossed.


Overfull \hbox (20.0pt too wide) in paragraph at lines 3--9
 [] 
 []


Overfull \hbox (11.0174pt too wide) in paragraph at lines 3--9
 \OML/cmm/m/it/10 p[]$ 
 []


Overfull \hbox (321.54373pt too wide) in paragraph at lines 3--9
 []\OML/cmm/m/it/10 unkte[]quidist[]lles[]leich=x[][]:\OT1/cmr/m/n/10 0[]0\OML/
cmm/m/it/10 :\OT1/cmr/m/n/10 0[]\OML/cmm/m/it/10 :\OT1/cmr/m/n/10 0[]0\OML/cmm/
m/it/10 :\OT1/cmr/m/n/10 0[]\OML/cmm/m/it/10 :\OT1/cmr/m/n/10 0[]0\OML/cmm/m/it
/10 :\OT1/cmr/m/n/10 0[]\OML/cmm/m/it/10 :\OT1/cmr/m/n/10 0[]0\OML/cmm/m/it/10 
:\OT1/cmr/m/n/10 0[]\OML/cmm/m/it/10 :\OT1/cmr/m/n/10 0[]0\OML/cmm/m/it/10 :\OT
1/cmr/m/n/10 0\OML/cmm/m/it/10 f\OT1/cmr/m/n/10 0[\OML/cmm/m/it/10 scale \OT1/c
mr/m/n/10 = 
 []


Overfull \hbox (293.85045pt too wide) in paragraph at lines 3--9
 \OT1/cmr/m/n/10 ][]$ 
 []

! Undefined control sequence.
l.10   \subfigure
                 [Height and impulse of $p_2^L$.] {
The control sequence at the end of the top line
of your error message was never \def'ed. If you have
misspelled it (e.g., `\hobx'), type `I' and the correct
spelling (e.g., `I\hbox'). Otherwise just continue,
and I'll forget about whatever was undefined.


! LaTeX Error: Missing \begin{document}.

See the LaTeX manual or LaTeX Companion for explanation.
Type  H <return>  for immediate help.
 ...                                              
                                                  
l.10   \subfigure[
                  Height and impulse of $p_2^L$.] {
You're in trouble here.  Try typing  <return>  to proceed.
If that doesn't work, type  X <return>  to quit.

Missing character: There is no [ in font nullfont!
Missing character: There is no H in font nullfont!
Missing character: There is no e in font nullfont!
Missing character: There is no i in font nullfont!
Missing character: There is no g in font nullfont!
Missing character: There is no h in font nullfont!
Missing character: There is no t in font nullfont!
Missing character: There is no a in font nullfont!
Missing character: There is no n in font nullfont!
Missing character: There is no d in font nullfont!
Missing character: There is no i in font nullfont!
Missing character: There is no m in font nullfont!
Missing character: There is no p in font nullfont!
Missing character: There is no u in font nullfont!
Missing character: There is no l in font nullfont!
Missing character: There is no s in font nullfont!
Missing character: There is no e in font nullfont!
Missing character: There is no o in font nullfont!
Missing character: There is no f in font nullfont!
Missing character: There is no . in font nullfont!
Missing character: There is no ] in font nullfont!
! Undefined control sequence.
l.11     \includegraphics
                         [scale=\zoomfactor]{{{3_punkte_equidist_alles_gleic...
The control sequence at the end of the top line
of your error message was never \def'ed. If you have
misspelled it (e.g., `\hobx'), type `I' and the correct
spelling (e.g., `I\hbox'). Otherwise just continue,
and I'll forget about whatever was undefined.

Missing character: There is no [ in font nullfont!
Missing character: There is no s in font nullfont!
Missing character: There is no c in font nullfont!
Missing character: There is no a in font nullfont!
Missing character: There is no l in font nullfont!
Missing character: There is no e in font nullfont!
Missing character: There is no = in font nullfont!
! Undefined control sequence.
l.11     \includegraphics[scale=\zoomfactor
                                           ]{{{3_punkte_equidist_alles_gleic...
The control sequence at the end of the top line
of your error message was never \def'ed. If you have
misspelled it (e.g., `\hobx'), type `I' and the correct
spelling (e.g., `I\hbox'). Otherwise just continue,
and I'll forget about whatever was undefined.

Missing character: There is no ] in font nullfont!
Missing character: There is no 3 in font nullfont!
! Missing $ inserted.
<inserted text> 
                $
l.11     \includegraphics[scale=\zoomfactor]{{{3_
                                                 punkte_equidist_alles_gleic...
I've inserted a begin-math/end-math symbol since I think
you left one out. Proceed, with fingers crossed.

! Double subscript.
l.11 ...equidist_alles_gleich/0.0_10.0_0.0_10.0_x_
                                                  y_0.0_10.0_0.0_10.0_0.0_10...
I treat `x_1_2' essentially like `x_1{}_2'.

! Double subscript.
l.11 ...uidist_alles_gleich/0.0_10.0_0.0_10.0_x_y_
                                                  0.0_10.0_0.0_10.0_0.0_10.0...
I treat `x_1_2' essentially like `x_1{}_2'.

! Extra }, or forgotten $.
l.11 ...0.0_10.0_x_y_0.0_10.0_0.0_10.0_0.0_10.0f0}
                                                  }}
I've deleted a group-closing symbol because it seems to be
spurious, as in `$x}$'. But perhaps the } is legitimate and
you forgot something else, as in `\hbox{$x}'. In such cases
the way to recover is to insert both the forgotten and the
deleted material, e.g., by typing `I$}'.

! Extra }, or forgotten $.
l.11 ....0_10.0_x_y_0.0_10.0_0.0_10.0_0.0_10.0f0}}
                                                  }
I've deleted a group-closing symbol because it seems to be
spurious, as in `$x}$'. But perhaps the } is legitimate and
you forgot something else, as in `\hbox{$x}'. In such cases
the way to recover is to insert both the forgotten and the
deleted material, e.g., by typing `I$}'.

! Extra }, or forgotten $.
l.11 ...0_10.0_x_y_0.0_10.0_0.0_10.0_0.0_10.0f0}}}
                                                  
I've deleted a group-closing symbol because it seems to be
spurious, as in `$x}$'. But perhaps the } is legitimate and
you forgot something else, as in `\hbox{$x}'. In such cases
the way to recover is to insert both the forgotten and the
deleted material, e.g., by typing `I$}'.

! Undefined control sequence.
l.12     \includegraphics
                         [scale=\zoomfactor]{{{3_punkte_equidist_alles_gleic...
The control sequence at the end of the top line
of your error message was never \def'ed. If you have
misspelled it (e.g., `\hobx'), type `I' and the correct
spelling (e.g., `I\hbox'). Otherwise just continue,
and I'll forget about whatever was undefined.

! Undefined control sequence.
l.12     \includegraphics[scale=\zoomfactor
                                           ]{{{3_punkte_equidist_alles_gleic...
The control sequence at the end of the top line
of your error message was never \def'ed. If you have
misspelled it (e.g., `\hobx'), type `I' and the correct
spelling (e.g., `I\hbox'). Otherwise just continue,
and I'll forget about whatever was undefined.

! Double subscript.
l.12 ...equidist_alles_gleich/0.0_10.0_0.0_10.0_x_
                                                  y_0.0_10.0_0.0_10.0_0.0_10...
I treat `x_1_2' essentially like `x_1{}_2'.

! Double subscript.
l.12 ...uidist_alles_gleich/0.0_10.0_0.0_10.0_x_y_
                                                  0.0_10.0_0.0_10.0_0.0_10.0...
I treat `x_1_2' essentially like `x_1{}_2'.

! Extra }, or forgotten $.
l.13   }
        
I've deleted a group-closing symbol because it seems to be
spurious, as in `$x}$'. But perhaps the } is legitimate and
you forgot something else, as in `\hbox{$x}'. In such cases
the way to recover is to insert both the forgotten and the
deleted material, e.g., by typing `I$}'.

! Missing $ inserted.
<inserted text> 
                $
l.14 
     
I've inserted a begin-math/end-math symbol since I think
you left one out. Proceed, with fingers crossed.


Overfull \hbox (11.0174pt too wide) in paragraph at lines 10--14
 \OML/cmm/m/it/10 p[]$ 
 []


Overfull \hbox (321.37708pt too wide) in paragraph at lines 10--14
 []\OML/cmm/m/it/10 unkte[]quidist[]lles[]leich=\OT1/cmr/m/n/10 0\OML/cmm/m/it/
10 :\OT1/cmr/m/n/10 0[]0\OML/cmm/m/it/10 :\OT1/cmr/m/n/10 0[]\OML/cmm/m/it/10 :
\OT1/cmr/m/n/10 0[]0\OML/cmm/m/it/10 :\OT1/cmr/m/n/10 0[][][]\OML/cmm/m/it/10 :
\OT1/cmr/m/n/10 0[]0\OML/cmm/m/it/10 :\OT1/cmr/m/n/10 0[]\OML/cmm/m/it/10 :\OT1
/cmr/m/n/10 0[]0\OML/cmm/m/it/10 :\OT1/cmr/m/n/10 0[]\OML/cmm/m/it/10 :\OT1/cmr
/m/n/10 0[]0\OML/cmm/m/it/10 :\OT1/cmr/m/n/10 0\OML/cmm/m/it/10 f\OT1/cmr/m/n/1
0 0[\OML/cmm/m/it/10 scale \OT1/cmr/m/n/10 = 
 []


Overfull \hbox (293.68379pt too wide) in paragraph at lines 10--14
 \OT1/cmr/m/n/10 ][]$ 
 []

! Undefined control sequence.
l.15   \subfigure
                 [Height and impulse of $p_3^L$.] {
The control sequence at the end of the top line
of your error message was never \def'ed. If you have
misspelled it (e.g., `\hobx'), type `I' and the correct
spelling (e.g., `I\hbox'). Otherwise just continue,
and I'll forget about whatever was undefined.


! LaTeX Error: Missing \begin{document}.

See the LaTeX manual or LaTeX Companion for explanation.
Type  H <return>  for immediate help.
 ...                                              
                                                  
l.15   \subfigure[
                  Height and impulse of $p_3^L$.] {
You're in trouble here.  Try typing  <return>  to proceed.
If that doesn't work, type  X <return>  to quit.

Missing character: There is no [ in font nullfont!
Missing character: There is no H in font nullfont!
Missing character: There is no e in font nullfont!
Missing character: There is no i in font nullfont!
Missing character: There is no g in font nullfont!
Missing character: There is no h in font nullfont!
Missing character: There is no t in font nullfont!
Missing character: There is no a in font nullfont!
Missing character: There is no n in font nullfont!
Missing character: There is no d in font nullfont!
Missing character: There is no i in font nullfont!
Missing character: There is no m in font nullfont!
Missing character: There is no p in font nullfont!
Missing character: There is no u in font nullfont!
Missing character: There is no l in font nullfont!
Missing character: There is no s in font nullfont!
Missing character: There is no e in font nullfont!
Missing character: There is no o in font nullfont!
Missing character: There is no f in font nullfont!
Missing character: There is no . in font nullfont!
Missing character: There is no ] in font nullfont!
! Undefined control sequence.
l.16     \includegraphics
                         [scale=\zoomfactor]{{{3_punkte_equidist_alles_gleic...
The control sequence at the end of the top line
of your error message was never \def'ed. If you have
misspelled it (e.g., `\hobx'), type `I' and the correct
spelling (e.g., `I\hbox'). Otherwise just continue,
and I'll forget about whatever was undefined.

Missing character: There is no [ in font nullfont!
Missing character: There is no s in font nullfont!
Missing character: There is no c in font nullfont!
Missing character: There is no a in font nullfont!
Missing character: There is no l in font nullfont!
Missing character: There is no e in font nullfont!
Missing character: There is no = in font nullfont!
! Undefined control sequence.
l.16     \includegraphics[scale=\zoomfactor
                                           ]{{{3_punkte_equidist_alles_gleic...
The control sequence at the end of the top line
of your error message was never \def'ed. If you have
misspelled it (e.g., `\hobx'), type `I' and the correct
spelling (e.g., `I\hbox'). Otherwise just continue,
and I'll forget about whatever was undefined.

Missing character: There is no ] in font nullfont!
Missing character: There is no 3 in font nullfont!
! Missing $ inserted.
<inserted text> 
                $
l.16     \includegraphics[scale=\zoomfactor]{{{3_
                                                 punkte_equidist_alles_gleic...
I've inserted a begin-math/end-math symbol since I think
you left one out. Proceed, with fingers crossed.

! Double subscript.
l.16 ...ich/0.0_10.0_0.0_10.0_0.0_10.0_0.0_10.0_x_
                                                  y_0.0_10.0f0}}}
I treat `x_1_2' essentially like `x_1{}_2'.

! Double subscript.
l.16 ...h/0.0_10.0_0.0_10.0_0.0_10.0_0.0_10.0_x_y_
                                                  0.0_10.0f0}}}
I treat `x_1_2' essentially like `x_1{}_2'.

! Extra }, or forgotten $.
l.16 ...0.0_10.0_0.0_10.0_0.0_10.0_x_y_0.0_10.0f0}
                                                  }}
I've deleted a group-closing symbol because it seems to be
spurious, as in `$x}$'. But perhaps the } is legitimate and
you forgot something else, as in `\hbox{$x}'. In such cases
the way to recover is to insert both the forgotten and the
deleted material, e.g., by typing `I$}'.

! Extra }, or forgotten $.
l.16 ....0_10.0_0.0_10.0_0.0_10.0_x_y_0.0_10.0f0}}
                                                  }
I've deleted a group-closing symbol because it seems to be
spurious, as in `$x}$'. But perhaps the } is legitimate and
you forgot something else, as in `\hbox{$x}'. In such cases
the way to recover is to insert both the forgotten and the
deleted material, e.g., by typing `I$}'.

! Extra }, or forgotten $.
l.16 ...0_10.0_0.0_10.0_0.0_10.0_x_y_0.0_10.0f0}}}
                                                  
I've deleted a group-closing symbol because it seems to be
spurious, as in `$x}$'. But perhaps the } is legitimate and
you forgot something else, as in `\hbox{$x}'. In such cases
the way to recover is to insert both the forgotten and the
deleted material, e.g., by typing `I$}'.

! Undefined control sequence.
l.17     \includegraphics
                         [scale=\zoomfactor]{{{3_punkte_equidist_alles_gleic...
The control sequence at the end of the top line
of your error message was never \def'ed. If you have
misspelled it (e.g., `\hobx'), type `I' and the correct
spelling (e.g., `I\hbox'). Otherwise just continue,
and I'll forget about whatever was undefined.

! Undefined control sequence.
l.17     \includegraphics[scale=\zoomfactor
                                           ]{{{3_punkte_equidist_alles_gleic...
The control sequence at the end of the top line
of your error message was never \def'ed. If you have
misspelled it (e.g., `\hobx'), type `I' and the correct
spelling (e.g., `I\hbox'). Otherwise just continue,
and I'll forget about whatever was undefined.

! Double subscript.
l.17 ...ich/0.0_10.0_0.0_10.0_0.0_10.0_0.0_10.0_x_
                                                  y_0.0_10.0f1}}}
I treat `x_1_2' essentially like `x_1{}_2'.

! Double subscript.
l.17 ...h/0.0_10.0_0.0_10.0_0.0_10.0_0.0_10.0_x_y_
                                                  0.0_10.0f1}}}
I treat `x_1_2' essentially like `x_1{}_2'.

! Extra }, or forgotten $.
l.18   }
        
I've deleted a group-closing symbol because it seems to be
spurious, as in `$x}$'. But perhaps the } is legitimate and
you forgot something else, as in `\hbox{$x}'. In such cases
the way to recover is to insert both the forgotten and the
deleted material, e.g., by typing `I$}'.

! Missing $ inserted.
<inserted text> 
                $
l.19 
     
I've inserted a begin-math/end-math symbol since I think
you left one out. Proceed, with fingers crossed.


Overfull \hbox (11.0174pt too wide) in paragraph at lines 15--19
 \OML/cmm/m/it/10 p[]$ 
 []


Overfull \hbox (321.37708pt too wide) in paragraph at lines 15--19
 []\OML/cmm/m/it/10 unkte[]quidist[]lles[]leich=\OT1/cmr/m/n/10 0\OML/cmm/m/it/
10 :\OT1/cmr/m/n/10 0[]0\OML/cmm/m/it/10 :\OT1/cmr/m/n/10 0[]\OML/cmm/m/it/10 :
\OT1/cmr/m/n/10 0[]0\OML/cmm/m/it/10 :\OT1/cmr/m/n/10 0[]\OML/cmm/m/it/10 :\OT1
/cmr/m/n/10 0[]0\OML/cmm/m/it/10 :\OT1/cmr/m/n/10 0[]\OML/cmm/m/it/10 :\OT1/cmr
/m/n/10 0[]0\OML/cmm/m/it/10 :\OT1/cmr/m/n/10 0[][][]\OML/cmm/m/it/10 :\OT1/cmr
/m/n/10 0[]0\OML/cmm/m/it/10 :\OT1/cmr/m/n/10 0\OML/cmm/m/it/10 f\OT1/cmr/m/n/1
0 0[\OML/cmm/m/it/10 scale \OT1/cmr/m/n/10 = 
 []


Overfull \hbox (293.68379pt too wide) in paragraph at lines 15--19
 \OT1/cmr/m/n/10 ][]$ 
 []

! Undefined control sequence.
l.20   \subfigure
                 [Height and impulse of $p_1^R$.] {
The control sequence at the end of the top line
of your error message was never \def'ed. If you have
misspelled it (e.g., `\hobx'), type `I' and the correct
spelling (e.g., `I\hbox'). Otherwise just continue,
and I'll forget about whatever was undefined.


! LaTeX Error: Missing \begin{document}.

See the LaTeX manual or LaTeX Companion for explanation.
Type  H <return>  for immediate help.
 ...                                              
                                                  
l.20   \subfigure[
                  Height and impulse of $p_1^R$.] {
You're in trouble here.  Try typing  <return>  to proceed.
If that doesn't work, type  X <return>  to quit.

Missing character: There is no [ in font nullfont!
Missing character: There is no H in font nullfont!
Missing character: There is no e in font nullfont!
Missing character: There is no i in font nullfont!
Missing character: There is no g in font nullfont!
Missing character: There is no h in font nullfont!
Missing character: There is no t in font nullfont!
Missing character: There is no a in font nullfont!
Missing character: There is no n in font nullfont!
Missing character: There is no d in font nullfont!
Missing character: There is no i in font nullfont!
Missing character: There is no m in font nullfont!
Missing character: There is no p in font nullfont!
Missing character: There is no u in font nullfont!
Missing character: There is no l in font nullfont!
Missing character: There is no s in font nullfont!
Missing character: There is no e in font nullfont!
Missing character: There is no o in font nullfont!
Missing character: There is no f in font nullfont!
Missing character: There is no . in font nullfont!
Missing character: There is no ] in font nullfont!
! Undefined control sequence.
l.21     \includegraphics
                         [scale=\zoomfactor]{{{3_punkte_equidist_alles_gleic...
The control sequence at the end of the top line
of your error message was never \def'ed. If you have
misspelled it (e.g., `\hobx'), type `I' and the correct
spelling (e.g., `I\hbox'). Otherwise just continue,
and I'll forget about whatever was undefined.

Missing character: There is no [ in font nullfont!
Missing character: There is no s in font nullfont!
Missing character: There is no c in font nullfont!
Missing character: There is no a in font nullfont!
Missing character: There is no l in font nullfont!
Missing character: There is no e in font nullfont!
Missing character: There is no = in font nullfont!
! Undefined control sequence.
l.21     \includegraphics[scale=\zoomfactor
                                           ]{{{3_punkte_equidist_alles_gleic...
The control sequence at the end of the top line
of your error message was never \def'ed. If you have
misspelled it (e.g., `\hobx'), type `I' and the correct
spelling (e.g., `I\hbox'). Otherwise just continue,
and I'll forget about whatever was undefined.

Missing character: There is no ] in font nullfont!
Missing character: There is no 3 in font nullfont!
! Missing $ inserted.
<inserted text> 
                $
l.21     \includegraphics[scale=\zoomfactor]{{{3_
                                                 punkte_equidist_alles_gleic...
I've inserted a begin-math/end-math symbol since I think
you left one out. Proceed, with fingers crossed.

! Double subscript.
l.21 ...3_punkte_equidist_alles_gleich/0.0_10.0_x_
                                                  y_0.0_10.0_0.0_10.0_0.0_10...
I treat `x_1_2' essentially like `x_1{}_2'.

! Double subscript.
l.21 ...punkte_equidist_alles_gleich/0.0_10.0_x_y_
                                                  0.0_10.0_0.0_10.0_0.0_10.0...
I treat `x_1_2' essentially like `x_1{}_2'.

! Extra }, or forgotten $.
l.21 ...x_y_0.0_10.0_0.0_10.0_0.0_10.0_0.0_10.0f0}
                                                  }}
I've deleted a group-closing symbol because it seems to be
spurious, as in `$x}$'. But perhaps the } is legitimate and
you forgot something else, as in `\hbox{$x}'. In such cases
the way to recover is to insert both the forgotten and the
deleted material, e.g., by typing `I$}'.

! Extra }, or forgotten $.
l.21 ..._y_0.0_10.0_0.0_10.0_0.0_10.0_0.0_10.0f0}}
                                                  }
I've deleted a group-closing symbol because it seems to be
spurious, as in `$x}$'. But perhaps the } is legitimate and
you forgot something else, as in `\hbox{$x}'. In such cases
the way to recover is to insert both the forgotten and the
deleted material, e.g., by typing `I$}'.

! Extra }, or forgotten $.
l.21 ...y_0.0_10.0_0.0_10.0_0.0_10.0_0.0_10.0f0}}}
                                                  
I've deleted a group-closing symbol because it seems to be
spurious, as in `$x}$'. But perhaps the } is legitimate and
you forgot something else, as in `\hbox{$x}'. In such cases
the way to recover is to insert both the forgotten and the
deleted material, e.g., by typing `I$}'.

! Undefined control sequence.
l.22     \includegraphics
                         [scale=\zoomfactor]{{{3_punkte_equidist_alles_gleic...
The control sequence at the end of the top line
of your error message was never \def'ed. If you have
misspelled it (e.g., `\hobx'), type `I' and the correct
spelling (e.g., `I\hbox'). Otherwise just continue,
and I'll forget about whatever was undefined.

! Undefined control sequence.
l.22     \includegraphics[scale=\zoomfactor
                                           ]{{{3_punkte_equidist_alles_gleic...
The control sequence at the end of the top line
of your error message was never \def'ed. If you have
misspelled it (e.g., `\hobx'), type `I' and the correct
spelling (e.g., `I\hbox'). Otherwise just continue,
and I'll forget about whatever was undefined.

! Double subscript.
l.22 ...3_punkte_equidist_alles_gleich/0.0_10.0_x_
                                                  y_0.0_10.0_0.0_10.0_0.0_10...
I treat `x_1_2' essentially like `x_1{}_2'.

! Double subscript.
l.22 ...punkte_equidist_alles_gleich/0.0_10.0_x_y_
                                                  0.0_10.0_0.0_10.0_0.0_10.0...
I treat `x_1_2' essentially like `x_1{}_2'.

! Extra }, or forgotten $.
l.23   }
        
I've deleted a group-closing symbol because it seems to be
spurious, as in `$x}$'. But perhaps the } is legitimate and
you forgot something else, as in `\hbox{$x}'. In such cases
the way to recover is to insert both the forgotten and the
deleted material, e.g., by typing `I$}'.

! Missing $ inserted.
<inserted text> 
                $
l.24 
     
I've inserted a begin-math/end-math symbol since I think
you left one out. Proceed, with fingers crossed.


Overfull \hbox (11.59134pt too wide) in paragraph at lines 20--24
 \OML/cmm/m/it/10 p[]$ 
 []


Overfull \hbox (321.37708pt too wide) in paragraph at lines 20--24
 []\OML/cmm/m/it/10 unkte[]quidist[]lles[]leich=\OT1/cmr/m/n/10 0\OML/cmm/m/it/
10 :\OT1/cmr/m/n/10 0[]0\OML/cmm/m/it/10 :\OT1/cmr/m/n/10 0[][][]\OML/cmm/m/it/
10 :\OT1/cmr/m/n/10 0[]0\OML/cmm/m/it/10 :\OT1/cmr/m/n/10 0[]\OML/cmm/m/it/10 :
\OT1/cmr/m/n/10 0[]0\OML/cmm/m/it/10 :\OT1/cmr/m/n/10 0[]\OML/cmm/m/it/10 :\OT1
/cmr/m/n/10 0[]0\OML/cmm/m/it/10 :\OT1/cmr/m/n/10 0[]\OML/cmm/m/it/10 :\OT1/cmr
/m/n/10 0[]0\OML/cmm/m/it/10 :\OT1/cmr/m/n/10 0\OML/cmm/m/it/10 f\OT1/cmr/m/n/1
0 0[\OML/cmm/m/it/10 scale \OT1/cmr/m/n/10 = 
 []


Overfull \hbox (293.68379pt too wide) in paragraph at lines 20--24
 \OT1/cmr/m/n/10 ][]$ 
 []

! Undefined control sequence.
l.25   \subfigure
                 [Height and impulse of $p_2^R$.] {
The control sequence at the end of the top line
of your error message was never \def'ed. If you have
misspelled it (e.g., `\hobx'), type `I' and the correct
spelling (e.g., `I\hbox'). Otherwise just continue,
and I'll forget about whatever was undefined.


! LaTeX Error: Missing \begin{document}.

See the LaTeX manual or LaTeX Companion for explanation.
Type  H <return>  for immediate help.
 ...                                              
                                                  
l.25   \subfigure[
                  Height and impulse of $p_2^R$.] {
You're in trouble here.  Try typing  <return>  to proceed.
If that doesn't work, type  X <return>  to quit.

Missing character: There is no [ in font nullfont!
Missing character: There is no H in font nullfont!
Missing character: There is no e in font nullfont!
Missing character: There is no i in font nullfont!
Missing character: There is no g in font nullfont!
Missing character: There is no h in font nullfont!
Missing character: There is no t in font nullfont!
Missing character: There is no a in font nullfont!
Missing character: There is no n in font nullfont!
Missing character: There is no d in font nullfont!
Missing character: There is no i in font nullfont!
Missing character: There is no m in font nullfont!
Missing character: There is no p in font nullfont!
Missing character: There is no u in font nullfont!
Missing character: There is no l in font nullfont!
Missing character: There is no s in font nullfont!
Missing character: There is no e in font nullfont!
Missing character: There is no o in font nullfont!
Missing character: There is no f in font nullfont!
Missing character: There is no . in font nullfont!
Missing character: There is no ] in font nullfont!
! Undefined control sequence.
l.26     \includegraphics
                         [scale=\zoomfactor]{{{3_punkte_equidist_alles_gleic...
The control sequence at the end of the top line
of your error message was never \def'ed. If you have
misspelled it (e.g., `\hobx'), type `I' and the correct
spelling (e.g., `I\hbox'). Otherwise just continue,
and I'll forget about whatever was undefined.

Missing character: There is no [ in font nullfont!
Missing character: There is no s in font nullfont!
Missing character: There is no c in font nullfont!
Missing character: There is no a in font nullfont!
Missing character: There is no l in font nullfont!
Missing character: There is no e in font nullfont!
Missing character: There is no = in font nullfont!
! Undefined control sequence.
l.26     \includegraphics[scale=\zoomfactor
                                           ]{{{3_punkte_equidist_alles_gleic...
The control sequence at the end of the top line
of your error message was never \def'ed. If you have
misspelled it (e.g., `\hobx'), type `I' and the correct
spelling (e.g., `I\hbox'). Otherwise just continue,
and I'll forget about whatever was undefined.

Missing character: There is no ] in font nullfont!
Missing character: There is no 3 in font nullfont!
! Missing $ inserted.
<inserted text> 
                $
l.26     \includegraphics[scale=\zoomfactor]{{{3_
                                                 punkte_equidist_alles_gleic...
I've inserted a begin-math/end-math symbol since I think
you left one out. Proceed, with fingers crossed.

! Double subscript.
l.26 ...alles_gleich/0.0_10.0_0.0_10.0_0.0_10.0_x_
                                                  y_0.0_10.0_0.0_10.0f0}}}
I treat `x_1_2' essentially like `x_1{}_2'.

! Double subscript.
l.26 ...les_gleich/0.0_10.0_0.0_10.0_0.0_10.0_x_y_
                                                  0.0_10.0_0.0_10.0f0}}}
I treat `x_1_2' essentially like `x_1{}_2'.

! Extra }, or forgotten $.
l.26 ...0.0_10.0_0.0_10.0_x_y_0.0_10.0_0.0_10.0f0}
                                                  }}
I've deleted a group-closing symbol because it seems to be
spurious, as in `$x}$'. But perhaps the } is legitimate and
you forgot something else, as in `\hbox{$x}'. In such cases
the way to recover is to insert both the forgotten and the
deleted material, e.g., by typing `I$}'.

! Extra }, or forgotten $.
l.26 ....0_10.0_0.0_10.0_x_y_0.0_10.0_0.0_10.0f0}}
                                                  }
I've deleted a group-closing symbol because it seems to be
spurious, as in `$x}$'. But perhaps the } is legitimate and
you forgot something else, as in `\hbox{$x}'. In such cases
the way to recover is to insert both the forgotten and the
deleted material, e.g., by typing `I$}'.

! Extra }, or forgotten $.
l.26 ...0_10.0_0.0_10.0_x_y_0.0_10.0_0.0_10.0f0}}}
                                                  
I've deleted a group-closing symbol because it seems to be
spurious, as in `$x}$'. But perhaps the } is legitimate and
you forgot something else, as in `\hbox{$x}'. In such cases
the way to recover is to insert both the forgotten and the
deleted material, e.g., by typing `I$}'.

! Undefined control sequence.
l.27     \includegraphics
                         [scale=\zoomfactor]{{{3_punkte_equidist_alles_gleic...
The control sequence at the end of the top line
of your error message was never \def'ed. If you have
misspelled it (e.g., `\hobx'), type `I' and the correct
spelling (e.g., `I\hbox'). Otherwise just continue,
and I'll forget about whatever was undefined.

! Undefined control sequence.
l.27     \includegraphics[scale=\zoomfactor
                                           ]{{{3_punkte_equidist_alles_gleic...
The control sequence at the end of the top line
of your error message was never \def'ed. If you have
misspelled it (e.g., `\hobx'), type `I' and the correct
spelling (e.g., `I\hbox'). Otherwise just continue,
and I'll forget about whatever was undefined.

! Double subscript.
l.27 ...alles_gleich/0.0_10.0_0.0_10.0_0.0_10.0_x_
                                                  y_0.0_10.0_0.0_10.0f1}}}
I treat `x_1_2' essentially like `x_1{}_2'.

! Double subscript.
l.27 ...les_gleich/0.0_10.0_0.0_10.0_0.0_10.0_x_y_
                                                  0.0_10.0_0.0_10.0f1}}}
I treat `x_1_2' essentially like `x_1{}_2'.

! Extra }, or forgotten $.
l.28   }
        
I've deleted a group-closing symbol because it seems to be
spurious, as in `$x}$'. But perhaps the } is legitimate and
you forgot something else, as in `\hbox{$x}'. In such cases
the way to recover is to insert both the forgotten and the
deleted material, e.g., by typing `I$}'.

! Missing $ inserted.
<inserted text> 
                $
l.29 
     
I've inserted a begin-math/end-math symbol since I think
you left one out. Proceed, with fingers crossed.


Overfull \hbox (11.59134pt too wide) in paragraph at lines 25--29
 \OML/cmm/m/it/10 p[]$ 
 []


Overfull \hbox (321.37708pt too wide) in paragraph at lines 25--29
 []\OML/cmm/m/it/10 unkte[]quidist[]lles[]leich=\OT1/cmr/m/n/10 0\OML/cmm/m/it/
10 :\OT1/cmr/m/n/10 0[]0\OML/cmm/m/it/10 :\OT1/cmr/m/n/10 0[]\OML/cmm/m/it/10 :
\OT1/cmr/m/n/10 0[]0\OML/cmm/m/it/10 :\OT1/cmr/m/n/10 0[]\OML/cmm/m/it/10 :\OT1
/cmr/m/n/10 0[]0\OML/cmm/m/it/10 :\OT1/cmr/m/n/10 0[][][]\OML/cmm/m/it/10 :\OT1
/cmr/m/n/10 0[]0\OML/cmm/m/it/10 :\OT1/cmr/m/n/10 0[]\OML/cmm/m/it/10 :\OT1/cmr
/m/n/10 0[]0\OML/cmm/m/it/10 :\OT1/cmr/m/n/10 0\OML/cmm/m/it/10 f\OT1/cmr/m/n/1
0 0[\OML/cmm/m/it/10 scale \OT1/cmr/m/n/10 = 
 []


Overfull \hbox (293.68379pt too wide) in paragraph at lines 25--29
 \OT1/cmr/m/n/10 ][]$ 
 []

! Undefined control sequence.
l.30   \subfigure
                 [Height and impulse of $p_3^R$.] {
The control sequence at the end of the top line
of your error message was never \def'ed. If you have
misspelled it (e.g., `\hobx'), type `I' and the correct
spelling (e.g., `I\hbox'). Otherwise just continue,
and I'll forget about whatever was undefined.


! LaTeX Error: Missing \begin{document}.

See the LaTeX manual or LaTeX Companion for explanation.
Type  H <return>  for immediate help.
 ...                                              
                                                  
l.30   \subfigure[
                  Height and impulse of $p_3^R$.] {
You're in trouble here.  Try typing  <return>  to proceed.
If that doesn't work, type  X <return>  to quit.

Missing character: There is no [ in font nullfont!
Missing character: There is no H in font nullfont!
Missing character: There is no e in font nullfont!
Missing character: There is no i in font nullfont!
Missing character: There is no g in font nullfont!
Missing character: There is no h in font nullfont!
Missing character: There is no t in font nullfont!
Missing character: There is no a in font nullfont!
Missing character: There is no n in font nullfont!
Missing character: There is no d in font nullfont!
Missing character: There is no i in font nullfont!
Missing character: There is no m in font nullfont!
Missing character: There is no p in font nullfont!
Missing character: There is no u in font nullfont!
Missing character: There is no l in font nullfont!
Missing character: There is no s in font nullfont!
Missing character: There is no e in font nullfont!
Missing character: There is no o in font nullfont!
Missing character: There is no f in font nullfont!
Missing character: There is no . in font nullfont!
Missing character: There is no ] in font nullfont!
! Undefined control sequence.
l.31     \includegraphics
                         [scale=\zoomfactor]{{{3_punkte_equidist_alles_gleic...
The control sequence at the end of the top line
of your error message was never \def'ed. If you have
misspelled it (e.g., `\hobx'), type `I' and the correct
spelling (e.g., `I\hbox'). Otherwise just continue,
and I'll forget about whatever was undefined.

Missing character: There is no [ in font nullfont!
Missing character: There is no s in font nullfont!
Missing character: There is no c in font nullfont!
Missing character: There is no a in font nullfont!
Missing character: There is no l in font nullfont!
Missing character: There is no e in font nullfont!
Missing character: There is no = in font nullfont!
! Undefined control sequence.
l.31     \includegraphics[scale=\zoomfactor
                                           ]{{{3_punkte_equidist_alles_gleic...
The control sequence at the end of the top line
of your error message was never \def'ed. If you have
misspelled it (e.g., `\hobx'), type `I' and the correct
spelling (e.g., `I\hbox'). Otherwise just continue,
and I'll forget about whatever was undefined.

Missing character: There is no ] in font nullfont!
Missing character: There is no 3 in font nullfont!
! Missing $ inserted.
<inserted text> 
                $
l.31     \includegraphics[scale=\zoomfactor]{{{3_
                                                 punkte_equidist_alles_gleic...
I've inserted a begin-math/end-math symbol since I think
you left one out. Proceed, with fingers crossed.

! Double subscript.
l.31 ...0.0_0.0_10.0_0.0_10.0_0.0_10.0_0.0_10.0_x_
                                                  yf0}}}
I treat `x_1_2' essentially like `x_1{}_2'.

! Extra }, or forgotten $.
l.31 ...0.0_10.0_0.0_10.0_0.0_10.0_0.0_10.0_x_yf0}
                                                  }}
I've deleted a group-closing symbol because it seems to be
spurious, as in `$x}$'. But perhaps the } is legitimate and
you forgot something else, as in `\hbox{$x}'. In such cases
the way to recover is to insert both the forgotten and the
deleted material, e.g., by typing `I$}'.

! Extra }, or forgotten $.
l.31 ....0_10.0_0.0_10.0_0.0_10.0_0.0_10.0_x_yf0}}
                                                  }
I've deleted a group-closing symbol because it seems to be
spurious, as in `$x}$'. But perhaps the } is legitimate and
you forgot something else, as in `\hbox{$x}'. In such cases
the way to recover is to insert both the forgotten and the
deleted material, e.g., by typing `I$}'.

! Extra }, or forgotten $.
l.31 ...0_10.0_0.0_10.0_0.0_10.0_0.0_10.0_x_yf0}}}
                                                  
I've deleted a group-closing symbol because it seems to be
spurious, as in `$x}$'. But perhaps the } is legitimate and
you forgot something else, as in `\hbox{$x}'. In such cases
the way to recover is to insert both the forgotten and the
deleted material, e.g., by typing `I$}'.

! Undefined control sequence.
l.32     \includegraphics
                         [scale=\zoomfactor]{{{3_punkte_equidist_alles_gleic...
The control sequence at the end of the top line
of your error message was never \def'ed. If you have
misspelled it (e.g., `\hobx'), type `I' and the correct
spelling (e.g., `I\hbox'). Otherwise just continue,
and I'll forget about whatever was undefined.

! Undefined control sequence.
l.32     \includegraphics[scale=\zoomfactor
                                           ]{{{3_punkte_equidist_alles_gleic...
The control sequence at the end of the top line
of your error message was never \def'ed. If you have
misspelled it (e.g., `\hobx'), type `I' and the correct
spelling (e.g., `I\hbox'). Otherwise just continue,
and I'll forget about whatever was undefined.

! Double subscript.
l.32 ...0.0_0.0_10.0_0.0_10.0_0.0_10.0_0.0_10.0_x_
                                                  yf1}}}
I treat `x_1_2' essentially like `x_1{}_2'.

! Extra }, or forgotten $.
l.33   }
        
I've deleted a group-closing symbol because it seems to be
spurious, as in `$x}$'. But perhaps the } is legitimate and
you forgot something else, as in `\hbox{$x}'. In such cases
the way to recover is to insert both the forgotten and the
deleted material, e.g., by typing `I$}'.


! LaTeX Error: \caption outside float.

See the LaTeX manual or LaTeX Companion for explanation.
Type  H <return>  for immediate help.
 ...                                              
                                                  
l.34 \caption
             {Three equidistant points}
You're in trouble here.  Try typing  <return>  to proceed.
If that doesn't work, type  X <return>  to quit.


! LaTeX Error: \begin{document} ended by \end{figure}.

See the LaTeX manual or LaTeX Companion for explanation.
Type  H <return>  for immediate help.
 ...                                              
                                                  
l.36 \end{figure}
                 
Your command was ignored.
Type  I <command> <return>  to replace it with another command,
or  <return>  to continue without it.

! Missing $ inserted.
<inserted text> 
                $
l.36 \end{figure}
                 
I've inserted something that you may have forgotten.
(See the <inserted text> above.)
With luck, this will get me unwedged. But if you
really didn't forget anything, try typing `2' now; then
my insertion and my current dilemma will both disappear.

! Missing } inserted.
<inserted text> 
                }
l.36 \end{figure}
                 
I've inserted something that you may have forgotten.
(See the <inserted text> above.)
With luck, this will get me unwedged. But if you
really didn't forget anything, try typing `2' now; then
my insertion and my current dilemma will both disappear.

! Missing } inserted.
<inserted text> 
                }
l.36 \end{figure}
                 
I've inserted something that you may have forgotten.
(See the <inserted text> above.)
With luck, this will get me unwedged. But if you
really didn't forget anything, try typing `2' now; then
my insertion and my current dilemma will both disappear.

! Missing } inserted.
<inserted text> 
                }
l.36 \end{figure}
                 
I've inserted something that you may have forgotten.
(See the <inserted text> above.)
With luck, this will get me unwedged. But if you
really didn't forget anything, try typing `2' now; then
my insertion and my current dilemma will both disappear.

! Missing } inserted.
<inserted text> 
                }
l.36 \end{figure}
                 
I've inserted something that you may have forgotten.
(See the <inserted text> above.)
With luck, this will get me unwedged. But if you
really didn't forget anything, try typing `2' now; then
my insertion and my current dilemma will both disappear.

! Missing } inserted.
<inserted text> 
                }
l.36 \end{figure}
                 
I've inserted something that you may have forgotten.
(See the <inserted text> above.)
With luck, this will get me unwedged. But if you
really didn't forget anything, try typing `2' now; then
my insertion and my current dilemma will both disappear.

! Missing } inserted.
<inserted text> 
                }
l.36 \end{figure}
                 
I've inserted something that you may have forgotten.
(See the <inserted text> above.)
With luck, this will get me unwedged. But if you
really didn't forget anything, try typing `2' now; then
my insertion and my current dilemma will both disappear.

! Missing } inserted.
<inserted text> 
                }
l.36 \end{figure}
                 
I've inserted something that you may have forgotten.
(See the <inserted text> above.)
With luck, this will get me unwedged. But if you
really didn't forget anything, try typing `2' now; then
my insertion and my current dilemma will both disappear.

! Missing } inserted.
<inserted text> 
                }
l.36 \end{figure}
                 
I've inserted something that you may have forgotten.
(See the <inserted text> above.)
With luck, this will get me unwedged. But if you
really didn't forget anything, try typing `2' now; then
my insertion and my current dilemma will both disappear.

! Missing } inserted.
<inserted text> 
                }
l.36 \end{figure}
                 
I've inserted something that you may have forgotten.
(See the <inserted text> above.)
With luck, this will get me unwedged. But if you
really didn't forget anything, try typing `2' now; then
my insertion and my current dilemma will both disappear.

! Missing } inserted.
<inserted text> 
                }
l.36 \end{figure}
                 
I've inserted something that you may have forgotten.
(See the <inserted text> above.)
With luck, this will get me unwedged. But if you
really didn't forget anything, try typing `2' now; then
my insertion and my current dilemma will both disappear.

! Missing } inserted.
<inserted text> 
                }
l.36 \end{figure}
                 
I've inserted something that you may have forgotten.
(See the <inserted text> above.)
With luck, this will get me unwedged. But if you
really didn't forget anything, try typing `2' now; then
my insertion and my current dilemma will both disappear.

! Missing } inserted.
<inserted text> 
                }
l.36 \end{figure}
                 
I've inserted something that you may have forgotten.
(See the <inserted text> above.)
With luck, this will get me unwedged. But if you
really didn't forget anything, try typing `2' now; then
my insertion and my current dilemma will both disappear.

! Missing } inserted.
<inserted text> 
                }
l.36 \end{figure}
                 
I've inserted something that you may have forgotten.
(See the <inserted text> above.)
With luck, this will get me unwedged. But if you
really didn't forget anything, try typing `2' now; then
my insertion and my current dilemma will both disappear.

! Missing } inserted.
<inserted text> 
                }
l.36 \end{figure}
                 
I've inserted something that you may have forgotten.
(See the <inserted text> above.)
With luck, this will get me unwedged. But if you
really didn't forget anything, try typing `2' now; then
my insertion and my current dilemma will both disappear.

! Missing } inserted.
<inserted text> 
                }
l.36 \end{figure}
                 
I've inserted something that you may have forgotten.
(See the <inserted text> above.)
With luck, this will get me unwedged. But if you
really didn't forget anything, try typing `2' now; then
my insertion and my current dilemma will both disappear.

! Missing } inserted.
<inserted text> 
                }
l.36 \end{figure}
                 
I've inserted something that you may have forgotten.
(See the <inserted text> above.)
With luck, this will get me unwedged. But if you
really didn't forget anything, try typing `2' now; then
my insertion and my current dilemma will both disappear.

! Missing } inserted.
<inserted text> 
                }
l.36 \end{figure}
                 
I've inserted something that you may have forgotten.
(See the <inserted text> above.)
With luck, this will get me unwedged. But if you
really didn't forget anything, try typing `2' now; then
my insertion and my current dilemma will both disappear.

! Missing } inserted.
<inserted text> 
                }
l.36 \end{figure}
                 
I've inserted something that you may have forgotten.
(See the <inserted text> above.)
With luck, this will get me unwedged. But if you
really didn't forget anything, try typing `2' now; then
my insertion and my current dilemma will both disappear.

! Missing } inserted.
<inserted text> 
                }
l.36 \end{figure}
                 
I've inserted something that you may have forgotten.
(See the <inserted text> above.)
With luck, this will get me unwedged. But if you
really didn't forget anything, try typing `2' now; then
my insertion and my current dilemma will both disappear.

! Missing } inserted.
<inserted text> 
                }
l.36 \end{figure}
                 
I've inserted something that you may have forgotten.
(See the <inserted text> above.)
With luck, this will get me unwedged. But if you
really didn't forget anything, try typing `2' now; then
my insertion and my current dilemma will both disappear.

! Missing } inserted.
<inserted text> 
                }
l.36 \end{figure}
                 
I've inserted something that you may have forgotten.
(See the <inserted text> above.)
With luck, this will get me unwedged. But if you
really didn't forget anything, try typing `2' now; then
my insertion and my current dilemma will both disappear.

! Missing } inserted.
<inserted text> 
                }
l.36 \end{figure}
                 
I've inserted something that you may have forgotten.
(See the <inserted text> above.)
With luck, this will get me unwedged. But if you
really didn't forget anything, try typing `2' now; then
my insertion and my current dilemma will both disappear.

! Missing } inserted.
<inserted text> 
                }
l.36 \end{figure}
                 
I've inserted something that you may have forgotten.
(See the <inserted text> above.)
With luck, this will get me unwedged. But if you
really didn't forget anything, try typing `2' now; then
my insertion and my current dilemma will both disappear.

! Missing } inserted.
<inserted text> 
                }
l.36 \end{figure}
                 
I've inserted something that you may have forgotten.
(See the <inserted text> above.)
With luck, this will get me unwedged. But if you
really didn't forget anything, try typing `2' now; then
my insertion and my current dilemma will both disappear.


Overfull \hbox (11.59134pt too wide) in paragraph at lines 30--37
\OML/cmm/m/it/10 p[]$
 []


Overfull \hbox (321.37708pt too wide) in paragraph at lines 30--37
[]\OML/cmm/m/it/10 unkte[]quidist[]lles[]leich=\OT1/cmr/m/n/10 0\OML/cmm/m/it/1
0 :\OT1/cmr/m/n/10 0[]0\OML/cmm/m/it/10 :\OT1/cmr/m/n/10 0[]\OML/cmm/m/it/10 :\
OT1/cmr/m/n/10 0[]0\OML/cmm/m/it/10 :\OT1/cmr/m/n/10 0[]\OML/cmm/m/it/10 :\OT1/
cmr/m/n/10 0[]0\OML/cmm/m/it/10 :\OT1/cmr/m/n/10 0[]\OML/cmm/m/it/10 :\OT1/cmr/
m/n/10 0[]0\OML/cmm/m/it/10 :\OT1/cmr/m/n/10 0[]\OML/cmm/m/it/10 :\OT1/cmr/m/n/
10 0[]0\OML/cmm/m/it/10 :\OT1/cmr/m/n/10 0[][]\OML/cmm/m/it/10 f\OT1/cmr/m/n/10
 0[\OML/cmm/m/it/10 scale \OT1/cmr/m/n/10 =
 []


Overfull \hbox (398.90134pt too wide) in paragraph at lines 30--37
\OT1/cmr/m/n/10 ][][][]$ 
 []

)
! Emergency stop.
<*> \input tex.tex
                  
*** (job aborted, no legal \end found)

 
Here is how much of TeX's memory you used:
 9 strings out of 494617
 160 string characters out of 1172294
 48840 words of memory out of 3000000
 3322 multiletter control sequences out of 15000+50000
 3640 words of font info for 14 fonts, out of 3000000 for 9000
 289 hyphenation exceptions out of 8191
 18i,4n,12p,155b,85s stack positions out of 5000i,500n,10000p,200000b,50000s
!  ==> Fatal error occurred, no output PDF file produced!
