This is pdfTeX, Version 3.1415926-2.4-1.40.13 (TeX Live 2012/Debian) (format=pdflatex 2012.10.20)  28 JUN 2013 10:31
entering extended mode
 \write18 enabled.
 %&-line parsing enabled.
**\input tex.tex
(./tex.tex

! LaTeX Error: Environment figure undefined.

See the LaTeX manual or LaTeX Companion for explanation.
Type  H <return>  for immediate help.
 ...                                              
                                                  
l.3 \begin{figure}
                  [h!]
Your command was ignored.
Type  I <command> <return>  to replace it with another command,
or  <return>  to continue without it.


! LaTeX Error: Missing \begin{document}.

See the LaTeX manual or LaTeX Companion for explanation.
Type  H <return>  for immediate help.
 ...                                              
                                                  
l.3 \begin{figure}[
                   h!]
You're in trouble here.  Try typing  <return>  to proceed.
If that doesn't work, type  X <return>  to quit.

Missing character: There is no [ in font nullfont!
Missing character: There is no h in font nullfont!
Missing character: There is no ! in font nullfont!
Missing character: There is no ] in font nullfont!
! Undefined control sequence.
l.5   \subfigure
                [Height vales are $h_1=12, h_3=9$, $h_1$ ranges from 8 to 12...
The control sequence at the end of the top line
of your error message was never \def'ed. If you have
misspelled it (e.g., `\hobx'), type `I' and the correct
spelling (e.g., `I\hbox'). Otherwise just continue,
and I'll forget about whatever was undefined.

Missing character: There is no [ in font nullfont!
Missing character: There is no H in font nullfont!
Missing character: There is no e in font nullfont!
Missing character: There is no i in font nullfont!
Missing character: There is no g in font nullfont!
Missing character: There is no h in font nullfont!
Missing character: There is no t in font nullfont!
Missing character: There is no v in font nullfont!
Missing character: There is no a in font nullfont!
Missing character: There is no l in font nullfont!
Missing character: There is no e in font nullfont!
Missing character: There is no s in font nullfont!
Missing character: There is no a in font nullfont!
Missing character: There is no r in font nullfont!
Missing character: There is no e in font nullfont!
LaTeX Font Info:    External font `cmex10' loaded for size
(Font)              <7> on input line 5.
LaTeX Font Info:    External font `cmex10' loaded for size
(Font)              <5> on input line 5.
Missing character: There is no , in font nullfont!
Missing character: There is no r in font nullfont!
Missing character: There is no a in font nullfont!
Missing character: There is no n in font nullfont!
Missing character: There is no g in font nullfont!
Missing character: There is no e in font nullfont!
Missing character: There is no s in font nullfont!
Missing character: There is no f in font nullfont!
Missing character: There is no r in font nullfont!
Missing character: There is no o in font nullfont!
Missing character: There is no m in font nullfont!
Missing character: There is no 8 in font nullfont!
Missing character: There is no t in font nullfont!
Missing character: There is no o in font nullfont!
Missing character: There is no 1 in font nullfont!
Missing character: There is no 2 in font nullfont!
Missing character: There is no . in font nullfont!
Missing character: There is no ] in font nullfont!
! Undefined control sequence.
l.6     \includegraphics
                        [scale=\zoomfactor]{{{magnitude_10_heights_momentums...
The control sequence at the end of the top line
of your error message was never \def'ed. If you have
misspelled it (e.g., `\hobx'), type `I' and the correct
spelling (e.g., `I\hbox'). Otherwise just continue,
and I'll forget about whatever was undefined.

Missing character: There is no [ in font nullfont!
Missing character: There is no s in font nullfont!
Missing character: There is no c in font nullfont!
Missing character: There is no a in font nullfont!
Missing character: There is no l in font nullfont!
Missing character: There is no e in font nullfont!
Missing character: There is no = in font nullfont!
! Undefined control sequence.
l.6     \includegraphics[scale=\zoomfactor
                                          ]{{{magnitude_10_heights_momentums...
The control sequence at the end of the top line
of your error message was never \def'ed. If you have
misspelled it (e.g., `\hobx'), type `I' and the correct
spelling (e.g., `I\hbox'). Otherwise just continue,
and I'll forget about whatever was undefined.

Missing character: There is no ] in font nullfont!
Missing character: There is no m in font nullfont!
Missing character: There is no a in font nullfont!
Missing character: There is no g in font nullfont!
Missing character: There is no n in font nullfont!
Missing character: There is no i in font nullfont!
Missing character: There is no t in font nullfont!
Missing character: There is no u in font nullfont!
Missing character: There is no d in font nullfont!
Missing character: There is no e in font nullfont!
! Missing $ inserted.
<inserted text> 
                $
l.6 ...udegraphics[scale=\zoomfactor]{{{magnitude_
                                                  10_heights_momentums/y_12....
I've inserted a begin-math/end-math symbol since I think
you left one out. Proceed, with fingers crossed.

! Extra }, or forgotten $.
l.6 ...ms/y_12.0_9.0_2.0_-3.0_1.0_3.0_2.0_-3.0f00}
                                                  }}
I've deleted a group-closing symbol because it seems to be
spurious, as in `$x}$'. But perhaps the } is legitimate and
you forgot something else, as in `\hbox{$x}'. In such cases
the way to recover is to insert both the forgotten and the
deleted material, e.g., by typing `I$}'.

! Extra }, or forgotten $.
l.6 ...s/y_12.0_9.0_2.0_-3.0_1.0_3.0_2.0_-3.0f00}}
                                                  }
I've deleted a group-closing symbol because it seems to be
spurious, as in `$x}$'. But perhaps the } is legitimate and
you forgot something else, as in `\hbox{$x}'. In such cases
the way to recover is to insert both the forgotten and the
deleted material, e.g., by typing `I$}'.

! Extra }, or forgotten $.
l.6 .../y_12.0_9.0_2.0_-3.0_1.0_3.0_2.0_-3.0f00}}}
                                                  
I've deleted a group-closing symbol because it seems to be
spurious, as in `$x}$'. But perhaps the } is legitimate and
you forgot something else, as in `\hbox{$x}'. In such cases
the way to recover is to insert both the forgotten and the
deleted material, e.g., by typing `I$}'.

! Extra }, or forgotten $.
l.7   }
       
I've deleted a group-closing symbol because it seems to be
spurious, as in `$x}$'. But perhaps the } is legitimate and
you forgot something else, as in `\hbox{$x}'. In such cases
the way to recover is to insert both the forgotten and the
deleted material, e.g., by typing `I$}'.

! Undefined control sequence.
l.8   \subfigure
                [Height vales are $h_1=12, h_3=9$, $h_1$ ranges from 8 to 12...
The control sequence at the end of the top line
of your error message was never \def'ed. If you have
misspelled it (e.g., `\hobx'), type `I' and the correct
spelling (e.g., `I\hbox'). Otherwise just continue,
and I'll forget about whatever was undefined.

Missing character: There is no h in font nullfont!
! Missing $ inserted.
<inserted text> 
                $
l.8   \subfigure[Height vales are $h_
                                     1=12, h_3=9$, $h_1$ ranges from 8 to 12...
I've inserted a begin-math/end-math symbol since I think
you left one out. Proceed, with fingers crossed.

Missing character: There is no , in font nullfont!
Missing character: There is no r in font nullfont!
Missing character: There is no a in font nullfont!
Missing character: There is no n in font nullfont!
Missing character: There is no g in font nullfont!
Missing character: There is no e in font nullfont!
Missing character: There is no s in font nullfont!
Missing character: There is no f in font nullfont!
Missing character: There is no r in font nullfont!
Missing character: There is no o in font nullfont!
Missing character: There is no m in font nullfont!
Missing character: There is no 8 in font nullfont!
Missing character: There is no t in font nullfont!
Missing character: There is no o in font nullfont!
Missing character: There is no 1 in font nullfont!
Missing character: There is no 2 in font nullfont!
Missing character: There is no . in font nullfont!
Missing character: There is no ] in font nullfont!
! Undefined control sequence.
l.9     \includegraphics
                        [scale=\zoomfactor]{{{magnitude_10_heights_momentums...
The control sequence at the end of the top line
of your error message was never \def'ed. If you have
misspelled it (e.g., `\hobx'), type `I' and the correct
spelling (e.g., `I\hbox'). Otherwise just continue,
and I'll forget about whatever was undefined.

Missing character: There is no [ in font nullfont!
Missing character: There is no s in font nullfont!
Missing character: There is no c in font nullfont!
Missing character: There is no a in font nullfont!
Missing character: There is no l in font nullfont!
Missing character: There is no e in font nullfont!
Missing character: There is no = in font nullfont!
! Undefined control sequence.
l.9     \includegraphics[scale=\zoomfactor
                                          ]{{{magnitude_10_heights_momentums...
The control sequence at the end of the top line
of your error message was never \def'ed. If you have
misspelled it (e.g., `\hobx'), type `I' and the correct
spelling (e.g., `I\hbox'). Otherwise just continue,
and I'll forget about whatever was undefined.

Missing character: There is no ] in font nullfont!
Missing character: There is no m in font nullfont!
Missing character: There is no a in font nullfont!
Missing character: There is no g in font nullfont!
Missing character: There is no n in font nullfont!
Missing character: There is no i in font nullfont!
Missing character: There is no t in font nullfont!
Missing character: There is no u in font nullfont!
Missing character: There is no d in font nullfont!
Missing character: There is no e in font nullfont!
! Missing $ inserted.
<inserted text> 
                $
l.9 ...udegraphics[scale=\zoomfactor]{{{magnitude_
                                                  10_heights_momentums/y_12....
I've inserted a begin-math/end-math symbol since I think
you left one out. Proceed, with fingers crossed.

! Extra }, or forgotten $.
l.9 ...ms/y_12.0_9.0_2.0_-3.0_1.0_3.0_2.0_-3.0f02}
                                                  }}
I've deleted a group-closing symbol because it seems to be
spurious, as in `$x}$'. But perhaps the } is legitimate and
you forgot something else, as in `\hbox{$x}'. In such cases
the way to recover is to insert both the forgotten and the
deleted material, e.g., by typing `I$}'.

! Extra }, or forgotten $.
l.9 ...s/y_12.0_9.0_2.0_-3.0_1.0_3.0_2.0_-3.0f02}}
                                                  }
I've deleted a group-closing symbol because it seems to be
spurious, as in `$x}$'. But perhaps the } is legitimate and
you forgot something else, as in `\hbox{$x}'. In such cases
the way to recover is to insert both the forgotten and the
deleted material, e.g., by typing `I$}'.

! Extra }, or forgotten $.
l.9 .../y_12.0_9.0_2.0_-3.0_1.0_3.0_2.0_-3.0f02}}}
                                                  
I've deleted a group-closing symbol because it seems to be
spurious, as in `$x}$'. But perhaps the } is legitimate and
you forgot something else, as in `\hbox{$x}'. In such cases
the way to recover is to insert both the forgotten and the
deleted material, e.g., by typing `I$}'.

! Extra }, or forgotten $.
l.10   }
        
I've deleted a group-closing symbol because it seems to be
spurious, as in `$x}$'. But perhaps the } is legitimate and
you forgot something else, as in `\hbox{$x}'. In such cases
the way to recover is to insert both the forgotten and the
deleted material, e.g., by typing `I$}'.

! Missing $ inserted.
<inserted text> 
                $
l.11 
     
I've inserted a begin-math/end-math symbol since I think
you left one out. Proceed, with fingers crossed.


Overfull \hbox (20.0pt too wide) in paragraph at lines 3--11
 [] 
 []


Overfull \hbox (20.80322pt too wide) in paragraph at lines 3--11
 \OML/cmm/m/it/10 h[] \OT1/cmr/m/n/10 = 
 []


Overfull \hbox (35.24767pt too wide) in paragraph at lines 3--11
 \OT1/cmr/m/n/10 12\OML/cmm/m/it/10 ; h[] \OT1/cmr/m/n/10 = 
 []


Overfull \hbox (5.00002pt too wide) in paragraph at lines 3--11
 \OT1/cmr/m/n/10 9$ 
 []


Overfull \hbox (10.24771pt too wide) in paragraph at lines 3--11
 \OML/cmm/m/it/10 h[]$ 
 []


Overfull \hbox (327.45247pt too wide) in paragraph at lines 3--11
 []\OT1/cmr/m/n/10 0[]\OML/cmm/m/it/10 eights[]omentums=y[]\OT1/cmr/m/n/10 2\OM
L/cmm/m/it/10 :\OT1/cmr/m/n/10 0[]\OML/cmm/m/it/10 :\OT1/cmr/m/n/10 0[]\OML/cmm
/m/it/10 :\OT1/cmr/m/n/10 0[]3\OML/cmm/m/it/10 :\OT1/cmr/m/n/10 0[]\OML/cmm/m/i
t/10 :\OT1/cmr/m/n/10 0[]\OML/cmm/m/it/10 :\OT1/cmr/m/n/10 0[]\OML/cmm/m/it/10 
:\OT1/cmr/m/n/10 0[]3\OML/cmm/m/it/10 :\OT1/cmr/m/n/10 0\OML/cmm/m/it/10 f\OT1/
cmr/m/n/10 00[\OML/cmm/m/it/10 Heightvalesare$$[] \OT1/cmr/m/n/10 = 
 []


Overfull \hbox (35.24767pt too wide) in paragraph at lines 3--11
 \OT1/cmr/m/n/10 12\OML/cmm/m/it/10 ; h[] \OT1/cmr/m/n/10 = 
 []


Overfull \hbox (5.00002pt too wide) in paragraph at lines 3--11
 \OT1/cmr/m/n/10 9$ 
 []


Overfull \hbox (10.24771pt too wide) in paragraph at lines 3--11
 \OML/cmm/m/it/10 h[]$ 
 []


Overfull \hbox (240.15776pt too wide) in paragraph at lines 3--11
 []\OT1/cmr/m/n/10 0[]\OML/cmm/m/it/10 eights[]omentums=y[]\OT1/cmr/m/n/10 2\OM
L/cmm/m/it/10 :\OT1/cmr/m/n/10 0[]\OML/cmm/m/it/10 :\OT1/cmr/m/n/10 0[]\OML/cmm
/m/it/10 :\OT1/cmr/m/n/10 0[]3\OML/cmm/m/it/10 :\OT1/cmr/m/n/10 0[]\OML/cmm/m/i
t/10 :\OT1/cmr/m/n/10 0[]\OML/cmm/m/it/10 :\OT1/cmr/m/n/10 0[]\OML/cmm/m/it/10 
:\OT1/cmr/m/n/10 0[]3\OML/cmm/m/it/10 :\OT1/cmr/m/n/10 0\OML/cmm/m/it/10 f\OT1/
cmr/m/n/10 02$ 
 []

! Undefined control sequence.
l.12   \subfigure
                 [Height vales are $h_1=1002, h_3=999$, $h_1$ ranges from 99...
The control sequence at the end of the top line
of your error message was never \def'ed. If you have
misspelled it (e.g., `\hobx'), type `I' and the correct
spelling (e.g., `I\hbox'). Otherwise just continue,
and I'll forget about whatever was undefined.


! LaTeX Error: Missing \begin{document}.

See the LaTeX manual or LaTeX Companion for explanation.
Type  H <return>  for immediate help.
 ...                                              
                                                  
l.12   \subfigure[
                  Height vales are $h_1=1002, h_3=999$, $h_1$ ranges from 99...

You're in trouble here.  Try typing  <return>  to proceed.
If that doesn't work, type  X <return>  to quit.

Missing character: There is no [ in font nullfont!
Missing character: There is no H in font nullfont!
Missing character: There is no e in font nullfont!
Missing character: There is no i in font nullfont!
Missing character: There is no g in font nullfont!
Missing character: There is no h in font nullfont!
Missing character: There is no t in font nullfont!
Missing character: There is no v in font nullfont!
Missing character: There is no a in font nullfont!
Missing character: There is no l in font nullfont!
Missing character: There is no e in font nullfont!
Missing character: There is no s in font nullfont!
Missing character: There is no a in font nullfont!
Missing character: There is no r in font nullfont!
Missing character: There is no e in font nullfont!
Missing character: There is no , in font nullfont!
Missing character: There is no r in font nullfont!
Missing character: There is no a in font nullfont!
Missing character: There is no n in font nullfont!
Missing character: There is no g in font nullfont!
Missing character: There is no e in font nullfont!
Missing character: There is no s in font nullfont!
Missing character: There is no f in font nullfont!
Missing character: There is no r in font nullfont!
Missing character: There is no o in font nullfont!
Missing character: There is no m in font nullfont!
Missing character: There is no 9 in font nullfont!
Missing character: There is no 9 in font nullfont!
Missing character: There is no 8 in font nullfont!
Missing character: There is no t in font nullfont!
Missing character: There is no o in font nullfont!
Missing character: There is no 1 in font nullfont!
Missing character: There is no 0 in font nullfont!
Missing character: There is no 0 in font nullfont!
Missing character: There is no 2 in font nullfont!
Missing character: There is no . in font nullfont!
Missing character: There is no ] in font nullfont!
! Undefined control sequence.
l.13     \includegraphics
                         [scale=\zoomfactor]{{{magnitude_1000_heightsmomentu...
The control sequence at the end of the top line
of your error message was never \def'ed. If you have
misspelled it (e.g., `\hobx'), type `I' and the correct
spelling (e.g., `I\hbox'). Otherwise just continue,
and I'll forget about whatever was undefined.

Missing character: There is no [ in font nullfont!
Missing character: There is no s in font nullfont!
Missing character: There is no c in font nullfont!
Missing character: There is no a in font nullfont!
Missing character: There is no l in font nullfont!
Missing character: There is no e in font nullfont!
Missing character: There is no = in font nullfont!
! Undefined control sequence.
l.13     \includegraphics[scale=\zoomfactor
                                           ]{{{magnitude_1000_heightsmomentu...
The control sequence at the end of the top line
of your error message was never \def'ed. If you have
misspelled it (e.g., `\hobx'), type `I' and the correct
spelling (e.g., `I\hbox'). Otherwise just continue,
and I'll forget about whatever was undefined.

Missing character: There is no ] in font nullfont!
Missing character: There is no m in font nullfont!
Missing character: There is no a in font nullfont!
Missing character: There is no g in font nullfont!
Missing character: There is no n in font nullfont!
Missing character: There is no i in font nullfont!
Missing character: There is no t in font nullfont!
Missing character: There is no u in font nullfont!
Missing character: There is no d in font nullfont!
Missing character: There is no e in font nullfont!
! Missing $ inserted.
<inserted text> 
                $
l.13 ...degraphics[scale=\zoomfactor]{{{magnitude_
                                                  1000_heightsmomentums/y_10...
I've inserted a begin-math/end-math symbol since I think
you left one out. Proceed, with fingers crossed.

! Extra }, or forgotten $.
l.13 ...1002.0_999.0_2.0_-3.0_1.0_3.0_2.0_-3.0f00}
                                                  }}
I've deleted a group-closing symbol because it seems to be
spurious, as in `$x}$'. But perhaps the } is legitimate and
you forgot something else, as in `\hbox{$x}'. In such cases
the way to recover is to insert both the forgotten and the
deleted material, e.g., by typing `I$}'.

! Extra }, or forgotten $.
l.13 ...002.0_999.0_2.0_-3.0_1.0_3.0_2.0_-3.0f00}}
                                                  }
I've deleted a group-closing symbol because it seems to be
spurious, as in `$x}$'. But perhaps the } is legitimate and
you forgot something else, as in `\hbox{$x}'. In such cases
the way to recover is to insert both the forgotten and the
deleted material, e.g., by typing `I$}'.

! Extra }, or forgotten $.
l.13 ...02.0_999.0_2.0_-3.0_1.0_3.0_2.0_-3.0f00}}}
                                                  
I've deleted a group-closing symbol because it seems to be
spurious, as in `$x}$'. But perhaps the } is legitimate and
you forgot something else, as in `\hbox{$x}'. In such cases
the way to recover is to insert both the forgotten and the
deleted material, e.g., by typing `I$}'.

! Extra }, or forgotten $.
l.14   }
        
I've deleted a group-closing symbol because it seems to be
spurious, as in `$x}$'. But perhaps the } is legitimate and
you forgot something else, as in `\hbox{$x}'. In such cases
the way to recover is to insert both the forgotten and the
deleted material, e.g., by typing `I$}'.

! Undefined control sequence.
l.15   \subfigure
                 [Height vales are $h_1=1002, h_3=999$, $h_1$ ranges from 99...
The control sequence at the end of the top line
of your error message was never \def'ed. If you have
misspelled it (e.g., `\hobx'), type `I' and the correct
spelling (e.g., `I\hbox'). Otherwise just continue,
and I'll forget about whatever was undefined.

Missing character: There is no h in font nullfont!
! Missing $ inserted.
<inserted text> 
                $
l.15   \subfigure[Height vales are $h_
                                      1=1002, h_3=999$, $h_1$ ranges from 99...
I've inserted a begin-math/end-math symbol since I think
you left one out. Proceed, with fingers crossed.

Missing character: There is no , in font nullfont!
Missing character: There is no r in font nullfont!
Missing character: There is no a in font nullfont!
Missing character: There is no n in font nullfont!
Missing character: There is no g in font nullfont!
Missing character: There is no e in font nullfont!
Missing character: There is no s in font nullfont!
Missing character: There is no f in font nullfont!
Missing character: There is no r in font nullfont!
Missing character: There is no o in font nullfont!
Missing character: There is no m in font nullfont!
Missing character: There is no 9 in font nullfont!
Missing character: There is no 9 in font nullfont!
Missing character: There is no 8 in font nullfont!
Missing character: There is no t in font nullfont!
Missing character: There is no o in font nullfont!
Missing character: There is no 1 in font nullfont!
Missing character: There is no 0 in font nullfont!
Missing character: There is no 0 in font nullfont!
Missing character: There is no 2 in font nullfont!
Missing character: There is no . in font nullfont!
Missing character: There is no ] in font nullfont!
! Undefined control sequence.
l.16     \includegraphics
                         [scale=\zoomfactor]{{{magnitude_1000_heightsmomentu...
The control sequence at the end of the top line
of your error message was never \def'ed. If you have
misspelled it (e.g., `\hobx'), type `I' and the correct
spelling (e.g., `I\hbox'). Otherwise just continue,
and I'll forget about whatever was undefined.

Missing character: There is no [ in font nullfont!
Missing character: There is no s in font nullfont!
Missing character: There is no c in font nullfont!
Missing character: There is no a in font nullfont!
Missing character: There is no l in font nullfont!
Missing character: There is no e in font nullfont!
Missing character: There is no = in font nullfont!
! Undefined control sequence.
l.16     \includegraphics[scale=\zoomfactor
                                           ]{{{magnitude_1000_heightsmomentu...
The control sequence at the end of the top line
of your error message was never \def'ed. If you have
misspelled it (e.g., `\hobx'), type `I' and the correct
spelling (e.g., `I\hbox'). Otherwise just continue,
and I'll forget about whatever was undefined.

Missing character: There is no ] in font nullfont!
Missing character: There is no m in font nullfont!
Missing character: There is no a in font nullfont!
Missing character: There is no g in font nullfont!
Missing character: There is no n in font nullfont!
Missing character: There is no i in font nullfont!
Missing character: There is no t in font nullfont!
Missing character: There is no u in font nullfont!
Missing character: There is no d in font nullfont!
Missing character: There is no e in font nullfont!
! Missing $ inserted.
<inserted text> 
                $
l.16 ...degraphics[scale=\zoomfactor]{{{magnitude_
                                                  1000_heightsmomentums/y_10...
I've inserted a begin-math/end-math symbol since I think
you left one out. Proceed, with fingers crossed.

! Extra }, or forgotten $.
l.16 ...1002.0_999.0_2.0_-3.0_1.0_3.0_2.0_-3.0f02}
                                                  }}
I've deleted a group-closing symbol because it seems to be
spurious, as in `$x}$'. But perhaps the } is legitimate and
you forgot something else, as in `\hbox{$x}'. In such cases
the way to recover is to insert both the forgotten and the
deleted material, e.g., by typing `I$}'.

! Extra }, or forgotten $.
l.16 ...002.0_999.0_2.0_-3.0_1.0_3.0_2.0_-3.0f02}}
                                                  }
I've deleted a group-closing symbol because it seems to be
spurious, as in `$x}$'. But perhaps the } is legitimate and
you forgot something else, as in `\hbox{$x}'. In such cases
the way to recover is to insert both the forgotten and the
deleted material, e.g., by typing `I$}'.

! Extra }, or forgotten $.
l.16 ...02.0_999.0_2.0_-3.0_1.0_3.0_2.0_-3.0f02}}}
                                                  
I've deleted a group-closing symbol because it seems to be
spurious, as in `$x}$'. But perhaps the } is legitimate and
you forgot something else, as in `\hbox{$x}'. In such cases
the way to recover is to insert both the forgotten and the
deleted material, e.g., by typing `I$}'.

! Extra }, or forgotten $.
l.17   }
        
I've deleted a group-closing symbol because it seems to be
spurious, as in `$x}$'. But perhaps the } is legitimate and
you forgot something else, as in `\hbox{$x}'. In such cases
the way to recover is to insert both the forgotten and the
deleted material, e.g., by typing `I$}'.


! LaTeX Error: \caption outside float.

See the LaTeX manual or LaTeX Companion for explanation.
Type  H <return>  for immediate help.
 ...                                              
                                                  
l.18 \caption
             {Comparison of different orders of magnitude for differing heig...

You're in trouble here.  Try typing  <return>  to proceed.
If that doesn't work, type  X <return>  to quit.

! Missing } inserted.
<inserted text> 
                }
l.18 ...ghts and momentums. Momentums are set to $
                                                  u_{x,1}=2, u_{x,2}= -2, u_...
I've inserted something that you may have forgotten.
(See the <inserted text> above.)
With luck, this will get me unwedged. But if you
really didn't forget anything, try typing `2' now; then
my insertion and my current dilemma will both disappear.

Missing character: There is no u in font nullfont!
! Missing $ inserted.
<inserted text> 
                $
l.18 ...ts and momentums. Momentums are set to $u_
                                                  {x,1}=2, u_{x,2}= -2, u_{x...
I've inserted a begin-math/end-math symbol since I think
you left one out. Proceed, with fingers crossed.

Missing character: There is no f in font nullfont!
Missing character: There is no o in font nullfont!
Missing character: There is no r in font nullfont!
Missing character: There is no e in font nullfont!
Missing character: There is no a in font nullfont!
Missing character: There is no c in font nullfont!
Missing character: There is no h in font nullfont!
Missing character: There is no p in font nullfont!
Missing character: There is no l in font nullfont!
Missing character: There is no o in font nullfont!
Missing character: There is no t in font nullfont!
Missing character: There is no . in font nullfont!

! LaTeX Error: \begin{document} ended by \end{figure}.

See the LaTeX manual or LaTeX Companion for explanation.
Type  H <return>  for immediate help.
 ...                                              
                                                  
l.20 \end{figure}
                 
Your command was ignored.
Type  I <command> <return>  to replace it with another command,
or  <return>  to continue without it.

! Missing } inserted.
<inserted text> 
                }
l.20 \end{figure}
                 
I've inserted something that you may have forgotten.
(See the <inserted text> above.)
With luck, this will get me unwedged. But if you
really didn't forget anything, try typing `2' now; then
my insertion and my current dilemma will both disappear.

! Missing } inserted.
<inserted text> 
                }
l.20 \end{figure}
                 
I've inserted something that you may have forgotten.
(See the <inserted text> above.)
With luck, this will get me unwedged. But if you
really didn't forget anything, try typing `2' now; then
my insertion and my current dilemma will both disappear.

! Missing } inserted.
<inserted text> 
                }
l.20 \end{figure}
                 
I've inserted something that you may have forgotten.
(See the <inserted text> above.)
With luck, this will get me unwedged. But if you
really didn't forget anything, try typing `2' now; then
my insertion and my current dilemma will both disappear.

! Missing } inserted.
<inserted text> 
                }
l.20 \end{figure}
                 
I've inserted something that you may have forgotten.
(See the <inserted text> above.)
With luck, this will get me unwedged. But if you
really didn't forget anything, try typing `2' now; then
my insertion and my current dilemma will both disappear.

! Missing } inserted.
<inserted text> 
                }
l.20 \end{figure}
                 
I've inserted something that you may have forgotten.
(See the <inserted text> above.)
With luck, this will get me unwedged. But if you
really didn't forget anything, try typing `2' now; then
my insertion and my current dilemma will both disappear.

! Missing } inserted.
<inserted text> 
                }
l.20 \end{figure}
                 
I've inserted something that you may have forgotten.
(See the <inserted text> above.)
With luck, this will get me unwedged. But if you
really didn't forget anything, try typing `2' now; then
my insertion and my current dilemma will both disappear.

! Missing } inserted.
<inserted text> 
                }
l.20 \end{figure}
                 
I've inserted something that you may have forgotten.
(See the <inserted text> above.)
With luck, this will get me unwedged. But if you
really didn't forget anything, try typing `2' now; then
my insertion and my current dilemma will both disappear.

! Missing } inserted.
<inserted text> 
                }
l.20 \end{figure}
                 
I've inserted something that you may have forgotten.
(See the <inserted text> above.)
With luck, this will get me unwedged. But if you
really didn't forget anything, try typing `2' now; then
my insertion and my current dilemma will both disappear.

! Missing } inserted.
<inserted text> 
                }
l.20 \end{figure}
                 
I've inserted something that you may have forgotten.
(See the <inserted text> above.)
With luck, this will get me unwedged. But if you
really didn't forget anything, try typing `2' now; then
my insertion and my current dilemma will both disappear.

! Missing } inserted.
<inserted text> 
                }
l.20 \end{figure}
                 
I've inserted something that you may have forgotten.
(See the <inserted text> above.)
With luck, this will get me unwedged. But if you
really didn't forget anything, try typing `2' now; then
my insertion and my current dilemma will both disappear.

! Missing } inserted.
<inserted text> 
                }
l.20 \end{figure}
                 
I've inserted something that you may have forgotten.
(See the <inserted text> above.)
With luck, this will get me unwedged. But if you
really didn't forget anything, try typing `2' now; then
my insertion and my current dilemma will both disappear.

! Missing } inserted.
<inserted text> 
                }
l.20 \end{figure}
                 
I've inserted something that you may have forgotten.
(See the <inserted text> above.)
With luck, this will get me unwedged. But if you
really didn't forget anything, try typing `2' now; then
my insertion and my current dilemma will both disappear.

! Missing } inserted.
<inserted text> 
                }
l.20 \end{figure}
                 
I've inserted something that you may have forgotten.
(See the <inserted text> above.)
With luck, this will get me unwedged. But if you
really didn't forget anything, try typing `2' now; then
my insertion and my current dilemma will both disappear.

! Missing } inserted.
<inserted text> 
                }
l.20 \end{figure}
                 
I've inserted something that you may have forgotten.
(See the <inserted text> above.)
With luck, this will get me unwedged. But if you
really didn't forget anything, try typing `2' now; then
my insertion and my current dilemma will both disappear.

! Missing } inserted.
<inserted text> 
                }
l.20 \end{figure}
                 
I've inserted something that you may have forgotten.
(See the <inserted text> above.)
With luck, this will get me unwedged. But if you
really didn't forget anything, try typing `2' now; then
my insertion and my current dilemma will both disappear.


Overfull \hbox (20.80322pt too wide) in paragraph at lines 12--21
\OML/cmm/m/it/10 h[] \OT1/cmr/m/n/10 =
 []


Overfull \hbox (45.2477pt too wide) in paragraph at lines 12--21
\OT1/cmr/m/n/10 1002\OML/cmm/m/it/10 ; h[] \OT1/cmr/m/n/10 =
 []


Overfull \hbox (15.00005pt too wide) in paragraph at lines 12--21
\OT1/cmr/m/n/10 999$
 []


Overfull \hbox (10.24771pt too wide) in paragraph at lines 12--21
\OML/cmm/m/it/10 h[]$
 []


Overfull \hbox (358.63658pt too wide) in paragraph at lines 12--21
[]\OT1/cmr/m/n/10 000[]\OML/cmm/m/it/10 eightsmomentums=y[]\OT1/cmr/m/n/10 002\
OML/cmm/m/it/10 :\OT1/cmr/m/n/10 0[]99\OML/cmm/m/it/10 :\OT1/cmr/m/n/10 0[]\OML
/cmm/m/it/10 :\OT1/cmr/m/n/10 0[]3\OML/cmm/m/it/10 :\OT1/cmr/m/n/10 0[]\OML/cmm
/m/it/10 :\OT1/cmr/m/n/10 0[]\OML/cmm/m/it/10 :\OT1/cmr/m/n/10 0[]\OML/cmm/m/it
/10 :\OT1/cmr/m/n/10 0[]3\OML/cmm/m/it/10 :\OT1/cmr/m/n/10 0\OML/cmm/m/it/10 f\
OT1/cmr/m/n/10 00[\OML/cmm/m/it/10 Heightvalesare$$[] \OT1/cmr/m/n/10 =
 []


Overfull \hbox (45.2477pt too wide) in paragraph at lines 12--21
\OT1/cmr/m/n/10 1002\OML/cmm/m/it/10 ; h[] \OT1/cmr/m/n/10 =
 []


Overfull \hbox (15.00005pt too wide) in paragraph at lines 12--21
\OT1/cmr/m/n/10 999$
 []


Overfull \hbox (10.24771pt too wide) in paragraph at lines 12--21
\OML/cmm/m/it/10 h[]$
 []


Overfull \hbox (754.07668pt too wide) in paragraph at lines 12--21
[]\OT1/cmr/m/n/10 000[]\OML/cmm/m/it/10 eightsmomentums=y[]\OT1/cmr/m/n/10 002\
OML/cmm/m/it/10 :\OT1/cmr/m/n/10 0[]99\OML/cmm/m/it/10 :\OT1/cmr/m/n/10 0[]\OML
/cmm/m/it/10 :\OT1/cmr/m/n/10 0[]3\OML/cmm/m/it/10 :\OT1/cmr/m/n/10 0[]\OML/cmm
/m/it/10 :\OT1/cmr/m/n/10 0[]\OML/cmm/m/it/10 :\OT1/cmr/m/n/10 0[]\OML/cmm/m/it
/10 :\OT1/cmr/m/n/10 0[]3\OML/cmm/m/it/10 :\OT1/cmr/m/n/10 0\OML/cmm/m/it/10 f\
OT1/cmr/m/n/10 02[]$$[] =
 []


Overfull \hbox (37.12038pt too wide) in paragraph at lines 12--21
\OT1/cmr/m/n/10 2\OML/cmm/m/it/10 ; u[] \OT1/cmr/m/n/10 =
 []


Overfull \hbox (44.89818pt too wide) in paragraph at lines 12--21
\OMS/cmsy/m/n/10 ^^@\OT1/cmr/m/n/10 2\OML/cmm/m/it/10 ; u[] \OT1/cmr/m/n/10 =
 []


Overfull \hbox (36.8924pt too wide) in paragraph at lines 12--21
\OT1/cmr/m/n/10 2\OML/cmm/m/it/10 ; u[] \OT1/cmr/m/n/10 =
 []


Overfull \hbox (44.6702pt too wide) in paragraph at lines 12--21
\OMS/cmsy/m/n/10 ^^@\OT1/cmr/m/n/10 2\OML/cmm/m/it/10 ; u[] \OT1/cmr/m/n/10 =
 []


Overfull \hbox (36.8924pt too wide) in paragraph at lines 12--21
\OT1/cmr/m/n/10 4\OML/cmm/m/it/10 ; u[] \OT1/cmr/m/n/10 =
 []


Overfull \hbox (5.00002pt too wide) in paragraph at lines 12--21
\OT1/cmr/m/n/10 1$
 []

)
! Emergency stop.
<*> \input tex.tex
                  
*** (job aborted, no legal \end found)

 
Here is how much of TeX's memory you used:
 9 strings out of 495059
 160 string characters out of 3182029
 46057 words of memory out of 3000000
 3292 multiletter control sequences out of 15000+200000
 3640 words of font info for 14 fonts, out of 3000000 for 9000
 14 hyphenation exceptions out of 8191
 18i,2n,12p,216b,68s stack positions out of 5000i,500n,10000p,200000b,50000s
!  ==> Fatal error occurred, no output PDF file produced!
