This is pdfTeX, Version 3.1415926-1.40.10 (TeX Live 2009/Debian) (format=pdflatex 2012.10.10)  26 NOV 2012 16:12
entering extended mode
 %&-line parsing enabled.
**\input tex.tex
(./tex.tex
! Undefined control sequence.
l.4 \todo
         {Diese Bilder genauer untersuchen, ob wir da den Ausschnitt zu fr√º...
The control sequence at the end of the top line
of your error message was never \def'ed. If you have
misspelled it (e.g., `\hobx'), type `I' and the correct
spelling (e.g., `I\hbox'). Otherwise just continue,
and I'll forget about whatever was undefined.


! LaTeX Error: Missing \begin{document}.

See the LaTeX manual or LaTeX Companion for explanation.
Type  H <return>  for immediate help.
 ...                                              
                                                  
l.4 \todo{D
           iese Bilder genauer untersuchen, ob wir da den Ausschnitt zu fr√º...

You're in trouble here.  Try typing  <return>  to proceed.
If that doesn't work, type  X <return>  to quit.

Missing character: There is no D in font nullfont!
Missing character: There is no i in font nullfont!
Missing character: There is no e in font nullfont!
Missing character: There is no s in font nullfont!
Missing character: There is no e in font nullfont!
Missing character: There is no B in font nullfont!
Missing character: There is no i in font nullfont!
Missing character: There is no l in font nullfont!
Missing character: There is no d in font nullfont!
Missing character: There is no e in font nullfont!
Missing character: There is no r in font nullfont!
Missing character: There is no g in font nullfont!
Missing character: There is no e in font nullfont!
Missing character: There is no n in font nullfont!
Missing character: There is no a in font nullfont!
Missing character: There is no u in font nullfont!
Missing character: There is no e in font nullfont!
Missing character: There is no r in font nullfont!
Missing character: There is no u in font nullfont!
Missing character: There is no n in font nullfont!
Missing character: There is no t in font nullfont!
Missing character: There is no e in font nullfont!
Missing character: There is no r in font nullfont!
Missing character: There is no s in font nullfont!
Missing character: There is no u in font nullfont!
Missing character: There is no c in font nullfont!
Missing character: There is no h in font nullfont!
Missing character: There is no e in font nullfont!
Missing character: There is no n in font nullfont!
Missing character: There is no , in font nullfont!
Missing character: There is no o in font nullfont!
Missing character: There is no b in font nullfont!
Missing character: There is no w in font nullfont!
Missing character: There is no i in font nullfont!
Missing character: There is no r in font nullfont!
Missing character: There is no d in font nullfont!
Missing character: There is no a in font nullfont!
Missing character: There is no d in font nullfont!
Missing character: There is no e in font nullfont!
Missing character: There is no n in font nullfont!
Missing character: There is no A in font nullfont!
Missing character: There is no u in font nullfont!
Missing character: There is no s in font nullfont!
Missing character: There is no s in font nullfont!
Missing character: There is no c in font nullfont!
Missing character: There is no h in font nullfont!
Missing character: There is no n in font nullfont!
Missing character: There is no i in font nullfont!
Missing character: There is no t in font nullfont!
Missing character: There is no t in font nullfont!
Missing character: There is no z in font nullfont!
Missing character: There is no u in font nullfont!
Missing character: There is no f in font nullfont!
Missing character: There is no r in font nullfont!
Missing character: There is no √ in font nullfont!
Missing character: There is no º in font nullfont!
Missing character: There is no h in font nullfont!
Missing character: There is no a in font nullfont!
Missing character: There is no b in font nullfont!
Missing character: There is no s in font nullfont!
Missing character: There is no c in font nullfont!
Missing character: There is no h in font nullfont!
Missing character: There is no n in font nullfont!
Missing character: There is no e in font nullfont!
Missing character: There is no i in font nullfont!
Missing character: There is no d in font nullfont!
Missing character: There is no e in font nullfont!
Missing character: There is no n in font nullfont!
Missing character: There is no u in font nullfont!
Missing character: There is no n in font nullfont!
Missing character: There is no d in font nullfont!
Missing character: There is no e in font nullfont!
Missing character: There is no s in font nullfont!
Missing character: There is no z in font nullfont!
Missing character: There is no u in font nullfont!
Missing character: There is no D in font nullfont!
Missing character: There is no e in font nullfont!
Missing character: There is no f in font nullfont!
Missing character: There is no L in font nullfont!
Missing character: There is no √ in font nullfont!
Missing character: There is no º in font nullfont!
Missing character: There is no c in font nullfont!
Missing character: There is no k in font nullfont!
Missing character: There is no e in font nullfont!
Missing character: There is no n in font nullfont!
Missing character: There is no k in font nullfont!
Missing character: There is no o in font nullfont!
Missing character: There is no m in font nullfont!
Missing character: There is no m in font nullfont!
Missing character: There is no t in font nullfont!
Missing character: There is no ! in font nullfont!

Overfull \hbox (20.0pt too wide) in paragraph at lines 4--5
[]
 []


! LaTeX Error: Environment figure undefined.

See the LaTeX manual or LaTeX Companion for explanation.
Type  H <return>  for immediate help.
 ...                                              
                                                  
l.6 \begin{figure}
                  [ht]
Your command was ignored.
Type  I <command> <return>  to replace it with another command,
or  <return>  to continue without it.


! LaTeX Error: Missing \begin{document}.

See the LaTeX manual or LaTeX Companion for explanation.
Type  H <return>  for immediate help.
 ...                                              
                                                  
l.6 \begin{figure}[
                   ht]
You're in trouble here.  Try typing  <return>  to proceed.
If that doesn't work, type  X <return>  to quit.

Missing character: There is no [ in font nullfont!
Missing character: There is no h in font nullfont!
Missing character: There is no t in font nullfont!
Missing character: There is no ] in font nullfont!
! Undefined control sequence.
l.8   \subfigure
                [Height and impulse of point $p_1^L$] {
The control sequence at the end of the top line
of your error message was never \def'ed. If you have
misspelled it (e.g., `\hobx'), type `I' and the correct
spelling (e.g., `I\hbox'). Otherwise just continue,
and I'll forget about whatever was undefined.

Missing character: There is no [ in font nullfont!
Missing character: There is no H in font nullfont!
Missing character: There is no e in font nullfont!
Missing character: There is no i in font nullfont!
Missing character: There is no g in font nullfont!
Missing character: There is no h in font nullfont!
Missing character: There is no t in font nullfont!
Missing character: There is no a in font nullfont!
Missing character: There is no n in font nullfont!
Missing character: There is no d in font nullfont!
Missing character: There is no i in font nullfont!
Missing character: There is no m in font nullfont!
Missing character: There is no p in font nullfont!
Missing character: There is no u in font nullfont!
Missing character: There is no l in font nullfont!
Missing character: There is no s in font nullfont!
Missing character: There is no e in font nullfont!
Missing character: There is no o in font nullfont!
Missing character: There is no f in font nullfont!
Missing character: There is no p in font nullfont!
Missing character: There is no o in font nullfont!
Missing character: There is no i in font nullfont!
Missing character: There is no n in font nullfont!
Missing character: There is no t in font nullfont!
LaTeX Font Info:    External font `cmex10' loaded for size
(Font)              <7> on input line 8.
LaTeX Font Info:    External font `cmex10' loaded for size
(Font)              <5> on input line 8.
Missing character: There is no ] in font nullfont!
! Undefined control sequence.
l.9     \includegraphics
                        [scale=\zoomfactor]{{{3_punkte_2_hoehe_verringert/x_...
The control sequence at the end of the top line
of your error message was never \def'ed. If you have
misspelled it (e.g., `\hobx'), type `I' and the correct
spelling (e.g., `I\hbox'). Otherwise just continue,
and I'll forget about whatever was undefined.

Missing character: There is no [ in font nullfont!
Missing character: There is no s in font nullfont!
Missing character: There is no c in font nullfont!
Missing character: There is no a in font nullfont!
Missing character: There is no l in font nullfont!
Missing character: There is no e in font nullfont!
Missing character: There is no = in font nullfont!
! Undefined control sequence.
l.9     \includegraphics[scale=\zoomfactor
                                          ]{{{3_punkte_2_hoehe_verringert/x_...
The control sequence at the end of the top line
of your error message was never \def'ed. If you have
misspelled it (e.g., `\hobx'), type `I' and the correct
spelling (e.g., `I\hbox'). Otherwise just continue,
and I'll forget about whatever was undefined.

Missing character: There is no ] in font nullfont!
Missing character: There is no 3 in font nullfont!
! Missing $ inserted.
<inserted text> 
                $
l.9     \includegraphics[scale=\zoomfactor]{{{3_
                                                punkte_2_hoehe_verringert/x_...
I've inserted a begin-math/end-math symbol since I think
you left one out. Proceed, with fingers crossed.

! Double subscript.
l.9 ...degraphics[scale=\zoomfactor]{{{3_punkte_2_
                                                  hoehe_verringert/x_y_0.0_1...
I treat `x_1_2' essentially like `x_1{}_2'.

! Double subscript.
l.9 ...mfactor]{{{3_punkte_2_hoehe_verringert/x_y_
                                                  0.0_10.0_0.0_9.0_0.0_10.0_...
I treat `x_1_2' essentially like `x_1{}_2'.

! Extra }, or forgotten $.
l.9 ..._10.0_0.0_9.0_0.0_10.0_0.0_10.0_0.0_10.0f0}
                                                  }}
I've deleted a group-closing symbol because it seems to be
spurious, as in `$x}$'. But perhaps the } is legitimate and
you forgot something else, as in `\hbox{$x}'. In such cases
the way to recover is to insert both the forgotten and the
deleted material, e.g., by typing `I$}'.

! Extra }, or forgotten $.
l.9 ...10.0_0.0_9.0_0.0_10.0_0.0_10.0_0.0_10.0f0}}
                                                  }
I've deleted a group-closing symbol because it seems to be
spurious, as in `$x}$'. But perhaps the } is legitimate and
you forgot something else, as in `\hbox{$x}'. In such cases
the way to recover is to insert both the forgotten and the
deleted material, e.g., by typing `I$}'.

! Extra }, or forgotten $.
l.9 ...0.0_0.0_9.0_0.0_10.0_0.0_10.0_0.0_10.0f0}}}
                                                  
I've deleted a group-closing symbol because it seems to be
spurious, as in `$x}$'. But perhaps the } is legitimate and
you forgot something else, as in `\hbox{$x}'. In such cases
the way to recover is to insert both the forgotten and the
deleted material, e.g., by typing `I$}'.

! Undefined control sequence.
l.10     \includegraphics
                         [scale=\zoomfactor]{{{3_punkte_2_hoehe_verringert/x...
The control sequence at the end of the top line
of your error message was never \def'ed. If you have
misspelled it (e.g., `\hobx'), type `I' and the correct
spelling (e.g., `I\hbox'). Otherwise just continue,
and I'll forget about whatever was undefined.

! Undefined control sequence.
l.10     \includegraphics[scale=\zoomfactor
                                           ]{{{3_punkte_2_hoehe_verringert/x...
The control sequence at the end of the top line
of your error message was never \def'ed. If you have
misspelled it (e.g., `\hobx'), type `I' and the correct
spelling (e.g., `I\hbox'). Otherwise just continue,
and I'll forget about whatever was undefined.

! Double subscript.
l.10 ...egraphics[scale=\zoomfactor]{{{3_punkte_2_
                                                  hoehe_verringert/x_y_0.0_1...
I treat `x_1_2' essentially like `x_1{}_2'.

! Double subscript.
l.10 ...factor]{{{3_punkte_2_hoehe_verringert/x_y_
                                                  0.0_10.0_0.0_9.0_0.0_10.0_...
I treat `x_1_2' essentially like `x_1{}_2'.

! Extra }, or forgotten $.
l.11   }
        
I've deleted a group-closing symbol because it seems to be
spurious, as in `$x}$'. But perhaps the } is legitimate and
you forgot something else, as in `\hbox{$x}'. In such cases
the way to recover is to insert both the forgotten and the
deleted material, e.g., by typing `I$}'.

! Missing $ inserted.
<inserted text> 
                $
l.12 
     
I've inserted a begin-math/end-math symbol since I think
you left one out. Proceed, with fingers crossed.


Overfull \hbox (20.0pt too wide) in paragraph at lines 6--12
 [] 
 []


Overfull \hbox (11.0174pt too wide) in paragraph at lines 6--12
 \OML/cmm/m/it/10 p[]$ 
 []


Overfull \hbox (310.95036pt too wide) in paragraph at lines 6--12
 []\OML/cmm/m/it/10 unkte[][]oehe[]erringert=x[][]:\OT1/cmr/m/n/10 0[]0\OML/cmm
/m/it/10 :\OT1/cmr/m/n/10 0[]\OML/cmm/m/it/10 :\OT1/cmr/m/n/10 0[]\OML/cmm/m/it
/10 :\OT1/cmr/m/n/10 0[]\OML/cmm/m/it/10 :\OT1/cmr/m/n/10 0[]0\OML/cmm/m/it/10 
:\OT1/cmr/m/n/10 0[]\OML/cmm/m/it/10 :\OT1/cmr/m/n/10 0[]0\OML/cmm/m/it/10 :\OT
1/cmr/m/n/10 0[]\OML/cmm/m/it/10 :\OT1/cmr/m/n/10 0[]0\OML/cmm/m/it/10 :\OT1/cm
r/m/n/10 0\OML/cmm/m/it/10 f\OT1/cmr/m/n/10 0[\OML/cmm/m/it/10 scale \OT1/cmr/m
/n/10 = 
 []


Overfull \hbox (283.25708pt too wide) in paragraph at lines 6--12
 \OT1/cmr/m/n/10 ][]$ 
 []

! Undefined control sequence.
l.13   \subfigure
                 [Height and impulse of point $p_2^L$] {
The control sequence at the end of the top line
of your error message was never \def'ed. If you have
misspelled it (e.g., `\hobx'), type `I' and the correct
spelling (e.g., `I\hbox'). Otherwise just continue,
and I'll forget about whatever was undefined.


! LaTeX Error: Missing \begin{document}.

See the LaTeX manual or LaTeX Companion for explanation.
Type  H <return>  for immediate help.
 ...                                              
                                                  
l.13   \subfigure[
                  Height and impulse of point $p_2^L$] {
You're in trouble here.  Try typing  <return>  to proceed.
If that doesn't work, type  X <return>  to quit.

Missing character: There is no [ in font nullfont!
Missing character: There is no H in font nullfont!
Missing character: There is no e in font nullfont!
Missing character: There is no i in font nullfont!
Missing character: There is no g in font nullfont!
Missing character: There is no h in font nullfont!
Missing character: There is no t in font nullfont!
Missing character: There is no a in font nullfont!
Missing character: There is no n in font nullfont!
Missing character: There is no d in font nullfont!
Missing character: There is no i in font nullfont!
Missing character: There is no m in font nullfont!
Missing character: There is no p in font nullfont!
Missing character: There is no u in font nullfont!
Missing character: There is no l in font nullfont!
Missing character: There is no s in font nullfont!
Missing character: There is no e in font nullfont!
Missing character: There is no o in font nullfont!
Missing character: There is no f in font nullfont!
Missing character: There is no p in font nullfont!
Missing character: There is no o in font nullfont!
Missing character: There is no i in font nullfont!
Missing character: There is no n in font nullfont!
Missing character: There is no t in font nullfont!
Missing character: There is no ] in font nullfont!
! Undefined control sequence.
l.14     \includegraphics
                         [scale=\zoomfactor]{{{3_punkte_2_hoehe_verringert/0...
The control sequence at the end of the top line
of your error message was never \def'ed. If you have
misspelled it (e.g., `\hobx'), type `I' and the correct
spelling (e.g., `I\hbox'). Otherwise just continue,
and I'll forget about whatever was undefined.

Missing character: There is no [ in font nullfont!
Missing character: There is no s in font nullfont!
Missing character: There is no c in font nullfont!
Missing character: There is no a in font nullfont!
Missing character: There is no l in font nullfont!
Missing character: There is no e in font nullfont!
Missing character: There is no = in font nullfont!
! Undefined control sequence.
l.14     \includegraphics[scale=\zoomfactor
                                           ]{{{3_punkte_2_hoehe_verringert/0...
The control sequence at the end of the top line
of your error message was never \def'ed. If you have
misspelled it (e.g., `\hobx'), type `I' and the correct
spelling (e.g., `I\hbox'). Otherwise just continue,
and I'll forget about whatever was undefined.

Missing character: There is no ] in font nullfont!
Missing character: There is no 3 in font nullfont!
! Missing $ inserted.
<inserted text> 
                $
l.14     \includegraphics[scale=\zoomfactor]{{{3_
                                                 punkte_2_hoehe_verringert/0...
I've inserted a begin-math/end-math symbol since I think
you left one out. Proceed, with fingers crossed.

! Double subscript.
l.14 ...egraphics[scale=\zoomfactor]{{{3_punkte_2_
                                                  hoehe_verringert/0.0_10.0_...
I treat `x_1_2' essentially like `x_1{}_2'.

! Double subscript.
l.14 ...te_2_hoehe_verringert/0.0_10.0_0.0_10.0_x_
                                                  y_0.0_10.0_0.0_10.0_0.0_10...
I treat `x_1_2' essentially like `x_1{}_2'.

! Double subscript.
l.14 ..._2_hoehe_verringert/0.0_10.0_0.0_10.0_x_y_
                                                  0.0_10.0_0.0_10.0_0.0_10.0...
I treat `x_1_2' essentially like `x_1{}_2'.

! Extra }, or forgotten $.
l.14 ...0.0_10.0_x_y_0.0_10.0_0.0_10.0_0.0_10.0f0}
                                                  }}
I've deleted a group-closing symbol because it seems to be
spurious, as in `$x}$'. But perhaps the } is legitimate and
you forgot something else, as in `\hbox{$x}'. In such cases
the way to recover is to insert both the forgotten and the
deleted material, e.g., by typing `I$}'.

! Extra }, or forgotten $.
l.14 ....0_10.0_x_y_0.0_10.0_0.0_10.0_0.0_10.0f0}}
                                                  }
I've deleted a group-closing symbol because it seems to be
spurious, as in `$x}$'. But perhaps the } is legitimate and
you forgot something else, as in `\hbox{$x}'. In such cases
the way to recover is to insert both the forgotten and the
deleted material, e.g., by typing `I$}'.

! Extra }, or forgotten $.
l.14 ...0_10.0_x_y_0.0_10.0_0.0_10.0_0.0_10.0f0}}}
                                                  
I've deleted a group-closing symbol because it seems to be
spurious, as in `$x}$'. But perhaps the } is legitimate and
you forgot something else, as in `\hbox{$x}'. In such cases
the way to recover is to insert both the forgotten and the
deleted material, e.g., by typing `I$}'.

! Undefined control sequence.
l.15     \includegraphics
                         [scale=\zoomfactor]{{{3_punkte_2_hoehe_verringert/0...
The control sequence at the end of the top line
of your error message was never \def'ed. If you have
misspelled it (e.g., `\hobx'), type `I' and the correct
spelling (e.g., `I\hbox'). Otherwise just continue,
and I'll forget about whatever was undefined.

! Undefined control sequence.
l.15     \includegraphics[scale=\zoomfactor
                                           ]{{{3_punkte_2_hoehe_verringert/0...
The control sequence at the end of the top line
of your error message was never \def'ed. If you have
misspelled it (e.g., `\hobx'), type `I' and the correct
spelling (e.g., `I\hbox'). Otherwise just continue,
and I'll forget about whatever was undefined.

! Double subscript.
l.15 ...egraphics[scale=\zoomfactor]{{{3_punkte_2_
                                                  hoehe_verringert/0.0_10.0_...
I treat `x_1_2' essentially like `x_1{}_2'.

! Double subscript.
l.15 ...te_2_hoehe_verringert/0.0_10.0_0.0_10.0_x_
                                                  y_0.0_10.0_0.0_10.0_0.0_10...
I treat `x_1_2' essentially like `x_1{}_2'.

! Double subscript.
l.15 ..._2_hoehe_verringert/0.0_10.0_0.0_10.0_x_y_
                                                  0.0_10.0_0.0_10.0_0.0_10.0...
I treat `x_1_2' essentially like `x_1{}_2'.

! Extra }, or forgotten $.
l.16   }
        
I've deleted a group-closing symbol because it seems to be
spurious, as in `$x}$'. But perhaps the } is legitimate and
you forgot something else, as in `\hbox{$x}'. In such cases
the way to recover is to insert both the forgotten and the
deleted material, e.g., by typing `I$}'.

! Missing $ inserted.
<inserted text> 
                $
l.17 
     
I've inserted a begin-math/end-math symbol since I think
you left one out. Proceed, with fingers crossed.


Overfull \hbox (11.0174pt too wide) in paragraph at lines 13--17
 \OML/cmm/m/it/10 p[]$ 
 []


Overfull \hbox (315.78372pt too wide) in paragraph at lines 13--17
 []\OML/cmm/m/it/10 unkte[][]oehe[]erringert=\OT1/cmr/m/n/10 0\OML/cmm/m/it/10 
:\OT1/cmr/m/n/10 0[]0\OML/cmm/m/it/10 :\OT1/cmr/m/n/10 0[]\OML/cmm/m/it/10 :\OT
1/cmr/m/n/10 0[]0\OML/cmm/m/it/10 :\OT1/cmr/m/n/10 0[][][]\OML/cmm/m/it/10 :\OT
1/cmr/m/n/10 0[]0\OML/cmm/m/it/10 :\OT1/cmr/m/n/10 0[]\OML/cmm/m/it/10 :\OT1/cm
r/m/n/10 0[]0\OML/cmm/m/it/10 :\OT1/cmr/m/n/10 0[]\OML/cmm/m/it/10 :\OT1/cmr/m/
n/10 0[]0\OML/cmm/m/it/10 :\OT1/cmr/m/n/10 0\OML/cmm/m/it/10 f\OT1/cmr/m/n/10 0
[\OML/cmm/m/it/10 scale \OT1/cmr/m/n/10 = 
 []


Overfull \hbox (288.09044pt too wide) in paragraph at lines 13--17
 \OT1/cmr/m/n/10 ][]$ 
 []

! Undefined control sequence.
l.18   \subfigure
                 [Height and impulse of point $p_3^L$] {
The control sequence at the end of the top line
of your error message was never \def'ed. If you have
misspelled it (e.g., `\hobx'), type `I' and the correct
spelling (e.g., `I\hbox'). Otherwise just continue,
and I'll forget about whatever was undefined.


! LaTeX Error: Missing \begin{document}.

See the LaTeX manual or LaTeX Companion for explanation.
Type  H <return>  for immediate help.
 ...                                              
                                                  
l.18   \subfigure[
                  Height and impulse of point $p_3^L$] {
You're in trouble here.  Try typing  <return>  to proceed.
If that doesn't work, type  X <return>  to quit.

Missing character: There is no [ in font nullfont!
Missing character: There is no H in font nullfont!
Missing character: There is no e in font nullfont!
Missing character: There is no i in font nullfont!
Missing character: There is no g in font nullfont!
Missing character: There is no h in font nullfont!
Missing character: There is no t in font nullfont!
Missing character: There is no a in font nullfont!
Missing character: There is no n in font nullfont!
Missing character: There is no d in font nullfont!
Missing character: There is no i in font nullfont!
Missing character: There is no m in font nullfont!
Missing character: There is no p in font nullfont!
Missing character: There is no u in font nullfont!
Missing character: There is no l in font nullfont!
Missing character: There is no s in font nullfont!
Missing character: There is no e in font nullfont!
Missing character: There is no o in font nullfont!
Missing character: There is no f in font nullfont!
Missing character: There is no p in font nullfont!
Missing character: There is no o in font nullfont!
Missing character: There is no i in font nullfont!
Missing character: There is no n in font nullfont!
Missing character: There is no t in font nullfont!
Missing character: There is no ] in font nullfont!
! Undefined control sequence.
l.19     \includegraphics
                         [scale=\zoomfactor]{{{3_punkte_2_hoehe_verringert/0...
The control sequence at the end of the top line
of your error message was never \def'ed. If you have
misspelled it (e.g., `\hobx'), type `I' and the correct
spelling (e.g., `I\hbox'). Otherwise just continue,
and I'll forget about whatever was undefined.

Missing character: There is no [ in font nullfont!
Missing character: There is no s in font nullfont!
Missing character: There is no c in font nullfont!
Missing character: There is no a in font nullfont!
Missing character: There is no l in font nullfont!
Missing character: There is no e in font nullfont!
Missing character: There is no = in font nullfont!
! Undefined control sequence.
l.19     \includegraphics[scale=\zoomfactor
                                           ]{{{3_punkte_2_hoehe_verringert/0...
The control sequence at the end of the top line
of your error message was never \def'ed. If you have
misspelled it (e.g., `\hobx'), type `I' and the correct
spelling (e.g., `I\hbox'). Otherwise just continue,
and I'll forget about whatever was undefined.

Missing character: There is no ] in font nullfont!
Missing character: There is no 3 in font nullfont!
! Missing $ inserted.
<inserted text> 
                $
l.19     \includegraphics[scale=\zoomfactor]{{{3_
                                                 punkte_2_hoehe_verringert/0...
I've inserted a begin-math/end-math symbol since I think
you left one out. Proceed, with fingers crossed.

! Double subscript.
l.19 ...egraphics[scale=\zoomfactor]{{{3_punkte_2_
                                                  hoehe_verringert/0.0_10.0_...
I treat `x_1_2' essentially like `x_1{}_2'.

! Double subscript.
l.19 ...gert/0.0_10.0_0.0_10.0_0.0_9.0_0.0_10.0_x_
                                                  y_0.0_10.0f0}}}
I treat `x_1_2' essentially like `x_1{}_2'.

! Double subscript.
l.19 ...rt/0.0_10.0_0.0_10.0_0.0_9.0_0.0_10.0_x_y_
                                                  0.0_10.0f0}}}
I treat `x_1_2' essentially like `x_1{}_2'.

! Extra }, or forgotten $.
l.19 ..._0.0_10.0_0.0_9.0_0.0_10.0_x_y_0.0_10.0f0}
                                                  }}
I've deleted a group-closing symbol because it seems to be
spurious, as in `$x}$'. But perhaps the } is legitimate and
you forgot something else, as in `\hbox{$x}'. In such cases
the way to recover is to insert both the forgotten and the
deleted material, e.g., by typing `I$}'.

! Extra }, or forgotten $.
l.19 ...0.0_10.0_0.0_9.0_0.0_10.0_x_y_0.0_10.0f0}}
                                                  }
I've deleted a group-closing symbol because it seems to be
spurious, as in `$x}$'. But perhaps the } is legitimate and
you forgot something else, as in `\hbox{$x}'. In such cases
the way to recover is to insert both the forgotten and the
deleted material, e.g., by typing `I$}'.

! Extra }, or forgotten $.
l.19 ....0_10.0_0.0_9.0_0.0_10.0_x_y_0.0_10.0f0}}}
                                                  
I've deleted a group-closing symbol because it seems to be
spurious, as in `$x}$'. But perhaps the } is legitimate and
you forgot something else, as in `\hbox{$x}'. In such cases
the way to recover is to insert both the forgotten and the
deleted material, e.g., by typing `I$}'.

! Undefined control sequence.
l.20     \includegraphics
                         [scale=\zoomfactor]{{{3_punkte_2_hoehe_verringert/0...
The control sequence at the end of the top line
of your error message was never \def'ed. If you have
misspelled it (e.g., `\hobx'), type `I' and the correct
spelling (e.g., `I\hbox'). Otherwise just continue,
and I'll forget about whatever was undefined.

! Undefined control sequence.
l.20     \includegraphics[scale=\zoomfactor
                                           ]{{{3_punkte_2_hoehe_verringert/0...
The control sequence at the end of the top line
of your error message was never \def'ed. If you have
misspelled it (e.g., `\hobx'), type `I' and the correct
spelling (e.g., `I\hbox'). Otherwise just continue,
and I'll forget about whatever was undefined.

! Double subscript.
l.20 ...egraphics[scale=\zoomfactor]{{{3_punkte_2_
                                                  hoehe_verringert/0.0_10.0_...
I treat `x_1_2' essentially like `x_1{}_2'.

! Double subscript.
l.20 ...gert/0.0_10.0_0.0_10.0_0.0_9.0_0.0_10.0_x_
                                                  y_0.0_10.0f1}}}
I treat `x_1_2' essentially like `x_1{}_2'.

! Double subscript.
l.20 ...rt/0.0_10.0_0.0_10.0_0.0_9.0_0.0_10.0_x_y_
                                                  0.0_10.0f1}}}
I treat `x_1_2' essentially like `x_1{}_2'.

! Extra }, or forgotten $.
l.21   }
        
I've deleted a group-closing symbol because it seems to be
spurious, as in `$x}$'. But perhaps the } is legitimate and
you forgot something else, as in `\hbox{$x}'. In such cases
the way to recover is to insert both the forgotten and the
deleted material, e.g., by typing `I$}'.

! Missing $ inserted.
<inserted text> 
                $
l.22 
     
I've inserted a begin-math/end-math symbol since I think
you left one out. Proceed, with fingers crossed.


Overfull \hbox (11.0174pt too wide) in paragraph at lines 18--22
 \OML/cmm/m/it/10 p[]$ 
 []


Overfull \hbox (310.7837pt too wide) in paragraph at lines 18--22
 []\OML/cmm/m/it/10 unkte[][]oehe[]erringert=\OT1/cmr/m/n/10 0\OML/cmm/m/it/10 
:\OT1/cmr/m/n/10 0[]0\OML/cmm/m/it/10 :\OT1/cmr/m/n/10 0[]\OML/cmm/m/it/10 :\OT
1/cmr/m/n/10 0[]0\OML/cmm/m/it/10 :\OT1/cmr/m/n/10 0[]\OML/cmm/m/it/10 :\OT1/cm
r/m/n/10 0[]\OML/cmm/m/it/10 :\OT1/cmr/m/n/10 0[]\OML/cmm/m/it/10 :\OT1/cmr/m/n
/10 0[]0\OML/cmm/m/it/10 :\OT1/cmr/m/n/10 0[][][]\OML/cmm/m/it/10 :\OT1/cmr/m/n
/10 0[]0\OML/cmm/m/it/10 :\OT1/cmr/m/n/10 0\OML/cmm/m/it/10 f\OT1/cmr/m/n/10 0[
\OML/cmm/m/it/10 scale \OT1/cmr/m/n/10 = 
 []


Overfull \hbox (283.09042pt too wide) in paragraph at lines 18--22
 \OT1/cmr/m/n/10 ][]$ 
 []

! Undefined control sequence.
l.23   \subfigure
                 [Height and impulse of point $p_1^R$] {
The control sequence at the end of the top line
of your error message was never \def'ed. If you have
misspelled it (e.g., `\hobx'), type `I' and the correct
spelling (e.g., `I\hbox'). Otherwise just continue,
and I'll forget about whatever was undefined.


! LaTeX Error: Missing \begin{document}.

See the LaTeX manual or LaTeX Companion for explanation.
Type  H <return>  for immediate help.
 ...                                              
                                                  
l.23   \subfigure[
                  Height and impulse of point $p_1^R$] {
You're in trouble here.  Try typing  <return>  to proceed.
If that doesn't work, type  X <return>  to quit.

Missing character: There is no [ in font nullfont!
Missing character: There is no H in font nullfont!
Missing character: There is no e in font nullfont!
Missing character: There is no i in font nullfont!
Missing character: There is no g in font nullfont!
Missing character: There is no h in font nullfont!
Missing character: There is no t in font nullfont!
Missing character: There is no a in font nullfont!
Missing character: There is no n in font nullfont!
Missing character: There is no d in font nullfont!
Missing character: There is no i in font nullfont!
Missing character: There is no m in font nullfont!
Missing character: There is no p in font nullfont!
Missing character: There is no u in font nullfont!
Missing character: There is no l in font nullfont!
Missing character: There is no s in font nullfont!
Missing character: There is no e in font nullfont!
Missing character: There is no o in font nullfont!
Missing character: There is no f in font nullfont!
Missing character: There is no p in font nullfont!
Missing character: There is no o in font nullfont!
Missing character: There is no i in font nullfont!
Missing character: There is no n in font nullfont!
Missing character: There is no t in font nullfont!
Missing character: There is no ] in font nullfont!
! Undefined control sequence.
l.24     \includegraphics
                         [scale=\zoomfactor]{{{3_punkte_2_hoehe_verringert/0...
The control sequence at the end of the top line
of your error message was never \def'ed. If you have
misspelled it (e.g., `\hobx'), type `I' and the correct
spelling (e.g., `I\hbox'). Otherwise just continue,
and I'll forget about whatever was undefined.

Missing character: There is no [ in font nullfont!
Missing character: There is no s in font nullfont!
Missing character: There is no c in font nullfont!
Missing character: There is no a in font nullfont!
Missing character: There is no l in font nullfont!
Missing character: There is no e in font nullfont!
Missing character: There is no = in font nullfont!
! Undefined control sequence.
l.24     \includegraphics[scale=\zoomfactor
                                           ]{{{3_punkte_2_hoehe_verringert/0...
The control sequence at the end of the top line
of your error message was never \def'ed. If you have
misspelled it (e.g., `\hobx'), type `I' and the correct
spelling (e.g., `I\hbox'). Otherwise just continue,
and I'll forget about whatever was undefined.

Missing character: There is no ] in font nullfont!
Missing character: There is no 3 in font nullfont!
! Missing $ inserted.
<inserted text> 
                $
l.24     \includegraphics[scale=\zoomfactor]{{{3_
                                                 punkte_2_hoehe_verringert/0...
I've inserted a begin-math/end-math symbol since I think
you left one out. Proceed, with fingers crossed.

! Double subscript.
l.24 ...egraphics[scale=\zoomfactor]{{{3_punkte_2_
                                                  hoehe_verringert/0.0_10.0_...
I treat `x_1_2' essentially like `x_1{}_2'.

! Double subscript.
l.24 ...{{{3_punkte_2_hoehe_verringert/0.0_10.0_x_
                                                  y_0.0_9.0_0.0_10.0_0.0_10....
I treat `x_1_2' essentially like `x_1{}_2'.

! Double subscript.
l.24 ...{3_punkte_2_hoehe_verringert/0.0_10.0_x_y_
                                                  0.0_9.0_0.0_10.0_0.0_10.0_...
I treat `x_1_2' essentially like `x_1{}_2'.

! Extra }, or forgotten $.
l.24 ..._x_y_0.0_9.0_0.0_10.0_0.0_10.0_0.0_10.0f0}
                                                  }}
I've deleted a group-closing symbol because it seems to be
spurious, as in `$x}$'. But perhaps the } is legitimate and
you forgot something else, as in `\hbox{$x}'. In such cases
the way to recover is to insert both the forgotten and the
deleted material, e.g., by typing `I$}'.

! Extra }, or forgotten $.
l.24 ...x_y_0.0_9.0_0.0_10.0_0.0_10.0_0.0_10.0f0}}
                                                  }
I've deleted a group-closing symbol because it seems to be
spurious, as in `$x}$'. But perhaps the } is legitimate and
you forgot something else, as in `\hbox{$x}'. In such cases
the way to recover is to insert both the forgotten and the
deleted material, e.g., by typing `I$}'.

! Extra }, or forgotten $.
l.24 ..._y_0.0_9.0_0.0_10.0_0.0_10.0_0.0_10.0f0}}}
                                                  
I've deleted a group-closing symbol because it seems to be
spurious, as in `$x}$'. But perhaps the } is legitimate and
you forgot something else, as in `\hbox{$x}'. In such cases
the way to recover is to insert both the forgotten and the
deleted material, e.g., by typing `I$}'.

! Undefined control sequence.
l.25     \includegraphics
                         [scale=\zoomfactor]{{{3_punkte_2_hoehe_verringert/0...
The control sequence at the end of the top line
of your error message was never \def'ed. If you have
misspelled it (e.g., `\hobx'), type `I' and the correct
spelling (e.g., `I\hbox'). Otherwise just continue,
and I'll forget about whatever was undefined.

! Undefined control sequence.
l.25     \includegraphics[scale=\zoomfactor
                                           ]{{{3_punkte_2_hoehe_verringert/0...
The control sequence at the end of the top line
of your error message was never \def'ed. If you have
misspelled it (e.g., `\hobx'), type `I' and the correct
spelling (e.g., `I\hbox'). Otherwise just continue,
and I'll forget about whatever was undefined.

! Double subscript.
l.25 ...egraphics[scale=\zoomfactor]{{{3_punkte_2_
                                                  hoehe_verringert/0.0_10.0_...
I treat `x_1_2' essentially like `x_1{}_2'.

! Double subscript.
l.25 ...{{{3_punkte_2_hoehe_verringert/0.0_10.0_x_
                                                  y_0.0_9.0_0.0_10.0_0.0_10....
I treat `x_1_2' essentially like `x_1{}_2'.

! Double subscript.
l.25 ...{3_punkte_2_hoehe_verringert/0.0_10.0_x_y_
                                                  0.0_9.0_0.0_10.0_0.0_10.0_...
I treat `x_1_2' essentially like `x_1{}_2'.

! Extra }, or forgotten $.
l.26   }
        
I've deleted a group-closing symbol because it seems to be
spurious, as in `$x}$'. But perhaps the } is legitimate and
you forgot something else, as in `\hbox{$x}'. In such cases
the way to recover is to insert both the forgotten and the
deleted material, e.g., by typing `I$}'.

! Missing $ inserted.
<inserted text> 
                $
l.27 
     
I've inserted a begin-math/end-math symbol since I think
you left one out. Proceed, with fingers crossed.


Overfull \hbox (11.59134pt too wide) in paragraph at lines 23--27
 \OML/cmm/m/it/10 p[]$ 
 []


Overfull \hbox (310.7837pt too wide) in paragraph at lines 23--27
 []\OML/cmm/m/it/10 unkte[][]oehe[]erringert=\OT1/cmr/m/n/10 0\OML/cmm/m/it/10 
:\OT1/cmr/m/n/10 0[]0\OML/cmm/m/it/10 :\OT1/cmr/m/n/10 0[][][]\OML/cmm/m/it/10 
:\OT1/cmr/m/n/10 0[]\OML/cmm/m/it/10 :\OT1/cmr/m/n/10 0[]\OML/cmm/m/it/10 :\OT1
/cmr/m/n/10 0[]0\OML/cmm/m/it/10 :\OT1/cmr/m/n/10 0[]\OML/cmm/m/it/10 :\OT1/cmr
/m/n/10 0[]0\OML/cmm/m/it/10 :\OT1/cmr/m/n/10 0[]\OML/cmm/m/it/10 :\OT1/cmr/m/n
/10 0[]0\OML/cmm/m/it/10 :\OT1/cmr/m/n/10 0\OML/cmm/m/it/10 f\OT1/cmr/m/n/10 0[
\OML/cmm/m/it/10 scale \OT1/cmr/m/n/10 = 
 []


Overfull \hbox (283.09042pt too wide) in paragraph at lines 23--27
 \OT1/cmr/m/n/10 ][]$ 
 []

! Undefined control sequence.
l.28   \subfigure
                 [Height and impulse of point $p_2^R$] {
The control sequence at the end of the top line
of your error message was never \def'ed. If you have
misspelled it (e.g., `\hobx'), type `I' and the correct
spelling (e.g., `I\hbox'). Otherwise just continue,
and I'll forget about whatever was undefined.


! LaTeX Error: Missing \begin{document}.

See the LaTeX manual or LaTeX Companion for explanation.
Type  H <return>  for immediate help.
 ...                                              
                                                  
l.28   \subfigure[
                  Height and impulse of point $p_2^R$] {
You're in trouble here.  Try typing  <return>  to proceed.
If that doesn't work, type  X <return>  to quit.

Missing character: There is no [ in font nullfont!
Missing character: There is no H in font nullfont!
Missing character: There is no e in font nullfont!
Missing character: There is no i in font nullfont!
Missing character: There is no g in font nullfont!
Missing character: There is no h in font nullfont!
Missing character: There is no t in font nullfont!
Missing character: There is no a in font nullfont!
Missing character: There is no n in font nullfont!
Missing character: There is no d in font nullfont!
Missing character: There is no i in font nullfont!
Missing character: There is no m in font nullfont!
Missing character: There is no p in font nullfont!
Missing character: There is no u in font nullfont!
Missing character: There is no l in font nullfont!
Missing character: There is no s in font nullfont!
Missing character: There is no e in font nullfont!
Missing character: There is no o in font nullfont!
Missing character: There is no f in font nullfont!
Missing character: There is no p in font nullfont!
Missing character: There is no o in font nullfont!
Missing character: There is no i in font nullfont!
Missing character: There is no n in font nullfont!
Missing character: There is no t in font nullfont!
Missing character: There is no ] in font nullfont!
! Undefined control sequence.
l.29     \includegraphics
                         [scale=\zoomfactor]{{{3_punkte_2_hoehe_verringert/0...
The control sequence at the end of the top line
of your error message was never \def'ed. If you have
misspelled it (e.g., `\hobx'), type `I' and the correct
spelling (e.g., `I\hbox'). Otherwise just continue,
and I'll forget about whatever was undefined.

Missing character: There is no [ in font nullfont!
Missing character: There is no s in font nullfont!
Missing character: There is no c in font nullfont!
Missing character: There is no a in font nullfont!
Missing character: There is no l in font nullfont!
Missing character: There is no e in font nullfont!
Missing character: There is no = in font nullfont!
! Undefined control sequence.
l.29     \includegraphics[scale=\zoomfactor
                                           ]{{{3_punkte_2_hoehe_verringert/0...
The control sequence at the end of the top line
of your error message was never \def'ed. If you have
misspelled it (e.g., `\hobx'), type `I' and the correct
spelling (e.g., `I\hbox'). Otherwise just continue,
and I'll forget about whatever was undefined.

Missing character: There is no ] in font nullfont!
Missing character: There is no 3 in font nullfont!
! Missing $ inserted.
<inserted text> 
                $
l.29     \includegraphics[scale=\zoomfactor]{{{3_
                                                 punkte_2_hoehe_verringert/0...
I've inserted a begin-math/end-math symbol since I think
you left one out. Proceed, with fingers crossed.

! Double subscript.
l.29 ...egraphics[scale=\zoomfactor]{{{3_punkte_2_
                                                  hoehe_verringert/0.0_10.0_...
I treat `x_1_2' essentially like `x_1{}_2'.

! Double subscript.
l.29 ...he_verringert/0.0_10.0_0.0_10.0_0.0_9.0_x_
                                                  y_0.0_10.0_0.0_10.0f0}}}
I treat `x_1_2' essentially like `x_1{}_2'.

! Double subscript.
l.29 ..._verringert/0.0_10.0_0.0_10.0_0.0_9.0_x_y_
                                                  0.0_10.0_0.0_10.0f0}}}
I treat `x_1_2' essentially like `x_1{}_2'.

! Extra }, or forgotten $.
l.29 ..._0.0_10.0_0.0_9.0_x_y_0.0_10.0_0.0_10.0f0}
                                                  }}
I've deleted a group-closing symbol because it seems to be
spurious, as in `$x}$'. But perhaps the } is legitimate and
you forgot something else, as in `\hbox{$x}'. In such cases
the way to recover is to insert both the forgotten and the
deleted material, e.g., by typing `I$}'.

! Extra }, or forgotten $.
l.29 ...0.0_10.0_0.0_9.0_x_y_0.0_10.0_0.0_10.0f0}}
                                                  }
I've deleted a group-closing symbol because it seems to be
spurious, as in `$x}$'. But perhaps the } is legitimate and
you forgot something else, as in `\hbox{$x}'. In such cases
the way to recover is to insert both the forgotten and the
deleted material, e.g., by typing `I$}'.

! Extra }, or forgotten $.
l.29 ....0_10.0_0.0_9.0_x_y_0.0_10.0_0.0_10.0f0}}}
                                                  
I've deleted a group-closing symbol because it seems to be
spurious, as in `$x}$'. But perhaps the } is legitimate and
you forgot something else, as in `\hbox{$x}'. In such cases
the way to recover is to insert both the forgotten and the
deleted material, e.g., by typing `I$}'.

! Undefined control sequence.
l.30     \includegraphics
                         [scale=\zoomfactor]{{{3_punkte_2_hoehe_verringert/0...
The control sequence at the end of the top line
of your error message was never \def'ed. If you have
misspelled it (e.g., `\hobx'), type `I' and the correct
spelling (e.g., `I\hbox'). Otherwise just continue,
and I'll forget about whatever was undefined.

! Undefined control sequence.
l.30     \includegraphics[scale=\zoomfactor
                                           ]{{{3_punkte_2_hoehe_verringert/0...
The control sequence at the end of the top line
of your error message was never \def'ed. If you have
misspelled it (e.g., `\hobx'), type `I' and the correct
spelling (e.g., `I\hbox'). Otherwise just continue,
and I'll forget about whatever was undefined.

! Double subscript.
l.30 ...egraphics[scale=\zoomfactor]{{{3_punkte_2_
                                                  hoehe_verringert/0.0_10.0_...
I treat `x_1_2' essentially like `x_1{}_2'.

! Double subscript.
l.30 ...he_verringert/0.0_10.0_0.0_10.0_0.0_9.0_x_
                                                  y_0.0_10.0_0.0_10.0f1}}}
I treat `x_1_2' essentially like `x_1{}_2'.

! Double subscript.
l.30 ..._verringert/0.0_10.0_0.0_10.0_0.0_9.0_x_y_
                                                  0.0_10.0_0.0_10.0f1}}}
I treat `x_1_2' essentially like `x_1{}_2'.

! Extra }, or forgotten $.
l.31   }
        
I've deleted a group-closing symbol because it seems to be
spurious, as in `$x}$'. But perhaps the } is legitimate and
you forgot something else, as in `\hbox{$x}'. In such cases
the way to recover is to insert both the forgotten and the
deleted material, e.g., by typing `I$}'.

! Missing $ inserted.
<inserted text> 
                $
l.32 
     
I've inserted a begin-math/end-math symbol since I think
you left one out. Proceed, with fingers crossed.


Overfull \hbox (11.59134pt too wide) in paragraph at lines 28--32
 \OML/cmm/m/it/10 p[]$ 
 []


Overfull \hbox (310.7837pt too wide) in paragraph at lines 28--32
 []\OML/cmm/m/it/10 unkte[][]oehe[]erringert=\OT1/cmr/m/n/10 0\OML/cmm/m/it/10 
:\OT1/cmr/m/n/10 0[]0\OML/cmm/m/it/10 :\OT1/cmr/m/n/10 0[]\OML/cmm/m/it/10 :\OT
1/cmr/m/n/10 0[]0\OML/cmm/m/it/10 :\OT1/cmr/m/n/10 0[]\OML/cmm/m/it/10 :\OT1/cm
r/m/n/10 0[]\OML/cmm/m/it/10 :\OT1/cmr/m/n/10 0[][][]\OML/cmm/m/it/10 :\OT1/cmr
/m/n/10 0[]0\OML/cmm/m/it/10 :\OT1/cmr/m/n/10 0[]\OML/cmm/m/it/10 :\OT1/cmr/m/n
/10 0[]0\OML/cmm/m/it/10 :\OT1/cmr/m/n/10 0\OML/cmm/m/it/10 f\OT1/cmr/m/n/10 0[
\OML/cmm/m/it/10 scale \OT1/cmr/m/n/10 = 
 []


Overfull \hbox (283.09042pt too wide) in paragraph at lines 28--32
 \OT1/cmr/m/n/10 ][]$ 
 []

! Undefined control sequence.
l.33   \subfigure
                 [Height and impulse of point $p_3^R$] {
The control sequence at the end of the top line
of your error message was never \def'ed. If you have
misspelled it (e.g., `\hobx'), type `I' and the correct
spelling (e.g., `I\hbox'). Otherwise just continue,
and I'll forget about whatever was undefined.


! LaTeX Error: Missing \begin{document}.

See the LaTeX manual or LaTeX Companion for explanation.
Type  H <return>  for immediate help.
 ...                                              
                                                  
l.33   \subfigure[
                  Height and impulse of point $p_3^R$] {
You're in trouble here.  Try typing  <return>  to proceed.
If that doesn't work, type  X <return>  to quit.

Missing character: There is no [ in font nullfont!
Missing character: There is no H in font nullfont!
Missing character: There is no e in font nullfont!
Missing character: There is no i in font nullfont!
Missing character: There is no g in font nullfont!
Missing character: There is no h in font nullfont!
Missing character: There is no t in font nullfont!
Missing character: There is no a in font nullfont!
Missing character: There is no n in font nullfont!
Missing character: There is no d in font nullfont!
Missing character: There is no i in font nullfont!
Missing character: There is no m in font nullfont!
Missing character: There is no p in font nullfont!
Missing character: There is no u in font nullfont!
Missing character: There is no l in font nullfont!
Missing character: There is no s in font nullfont!
Missing character: There is no e in font nullfont!
Missing character: There is no o in font nullfont!
Missing character: There is no f in font nullfont!
Missing character: There is no p in font nullfont!
Missing character: There is no o in font nullfont!
Missing character: There is no i in font nullfont!
Missing character: There is no n in font nullfont!
Missing character: There is no t in font nullfont!
Missing character: There is no ] in font nullfont!
! Undefined control sequence.
l.34     \includegraphics
                         [scale=\zoomfactor]{{{3_punkte_2_hoehe_verringert/0...
The control sequence at the end of the top line
of your error message was never \def'ed. If you have
misspelled it (e.g., `\hobx'), type `I' and the correct
spelling (e.g., `I\hbox'). Otherwise just continue,
and I'll forget about whatever was undefined.

Missing character: There is no [ in font nullfont!
Missing character: There is no s in font nullfont!
Missing character: There is no c in font nullfont!
Missing character: There is no a in font nullfont!
Missing character: There is no l in font nullfont!
Missing character: There is no e in font nullfont!
Missing character: There is no = in font nullfont!
! Undefined control sequence.
l.34     \includegraphics[scale=\zoomfactor
                                           ]{{{3_punkte_2_hoehe_verringert/0...
The control sequence at the end of the top line
of your error message was never \def'ed. If you have
misspelled it (e.g., `\hobx'), type `I' and the correct
spelling (e.g., `I\hbox'). Otherwise just continue,
and I'll forget about whatever was undefined.

Missing character: There is no ] in font nullfont!
Missing character: There is no 3 in font nullfont!
! Missing $ inserted.
<inserted text> 
                $
l.34     \includegraphics[scale=\zoomfactor]{{{3_
                                                 punkte_2_hoehe_verringert/0...
I've inserted a begin-math/end-math symbol since I think
you left one out. Proceed, with fingers crossed.

! Double subscript.
l.34 ...egraphics[scale=\zoomfactor]{{{3_punkte_2_
                                                  hoehe_verringert/0.0_10.0_...
I treat `x_1_2' essentially like `x_1{}_2'.

! Double subscript.
l.34 ...10.0_0.0_10.0_0.0_9.0_0.0_10.0_0.0_10.0_x_
                                                  yf0}}}
I treat `x_1_2' essentially like `x_1{}_2'.

! Extra }, or forgotten $.
l.34 ..._0.0_10.0_0.0_9.0_0.0_10.0_0.0_10.0_x_yf0}
                                                  }}
I've deleted a group-closing symbol because it seems to be
spurious, as in `$x}$'. But perhaps the } is legitimate and
you forgot something else, as in `\hbox{$x}'. In such cases
the way to recover is to insert both the forgotten and the
deleted material, e.g., by typing `I$}'.

! Extra }, or forgotten $.
l.34 ...0.0_10.0_0.0_9.0_0.0_10.0_0.0_10.0_x_yf0}}
                                                  }
I've deleted a group-closing symbol because it seems to be
spurious, as in `$x}$'. But perhaps the } is legitimate and
you forgot something else, as in `\hbox{$x}'. In such cases
the way to recover is to insert both the forgotten and the
deleted material, e.g., by typing `I$}'.

! Extra }, or forgotten $.
l.34 ....0_10.0_0.0_9.0_0.0_10.0_0.0_10.0_x_yf0}}}
                                                  
I've deleted a group-closing symbol because it seems to be
spurious, as in `$x}$'. But perhaps the } is legitimate and
you forgot something else, as in `\hbox{$x}'. In such cases
the way to recover is to insert both the forgotten and the
deleted material, e.g., by typing `I$}'.

! Undefined control sequence.
l.35     \includegraphics
                         [scale=\zoomfactor]{{{3_punkte_2_hoehe_verringert/0...
The control sequence at the end of the top line
of your error message was never \def'ed. If you have
misspelled it (e.g., `\hobx'), type `I' and the correct
spelling (e.g., `I\hbox'). Otherwise just continue,
and I'll forget about whatever was undefined.

! Undefined control sequence.
l.35     \includegraphics[scale=\zoomfactor
                                           ]{{{3_punkte_2_hoehe_verringert/0...
The control sequence at the end of the top line
of your error message was never \def'ed. If you have
misspelled it (e.g., `\hobx'), type `I' and the correct
spelling (e.g., `I\hbox'). Otherwise just continue,
and I'll forget about whatever was undefined.

! Double subscript.
l.35 ...egraphics[scale=\zoomfactor]{{{3_punkte_2_
                                                  hoehe_verringert/0.0_10.0_...
I treat `x_1_2' essentially like `x_1{}_2'.

! Double subscript.
l.35 ...10.0_0.0_10.0_0.0_9.0_0.0_10.0_0.0_10.0_x_
                                                  yf1}}}
I treat `x_1_2' essentially like `x_1{}_2'.

! Extra }, or forgotten $.
l.36   }
        
I've deleted a group-closing symbol because it seems to be
spurious, as in `$x}$'. But perhaps the } is legitimate and
you forgot something else, as in `\hbox{$x}'. In such cases
the way to recover is to insert both the forgotten and the
deleted material, e.g., by typing `I$}'.


! LaTeX Error: \caption outside float.

See the LaTeX manual or LaTeX Companion for explanation.
Type  H <return>  for immediate help.
 ...                                              
                                                  
l.37   \caption
               {Three points for each triangle. All points except $p_2$ have...

You're in trouble here.  Try typing  <return>  to proceed.
If that doesn't work, type  X <return>  to quit.

! Missing } inserted.
<inserted text> 
                }
l.37 ...nts for each triangle. All points except $
                                                  p_2$ have height 10, impul...
I've inserted something that you may have forgotten.
(See the <inserted text> above.)
With luck, this will get me unwedged. But if you
really didn't forget anything, try typing `2' now; then
my insertion and my current dilemma will both disappear.

Missing character: There is no p in font nullfont!
! Missing $ inserted.
<inserted text> 
                $
l.37 ...s for each triangle. All points except $p_
                                                  2$ have height 10, impulse...
I've inserted a begin-math/end-math symbol since I think
you left one out. Proceed, with fingers crossed.

Missing character: There is no h in font nullfont!
Missing character: There is no a in font nullfont!
Missing character: There is no v in font nullfont!
Missing character: There is no e in font nullfont!
Missing character: There is no h in font nullfont!
Missing character: There is no e in font nullfont!
Missing character: There is no i in font nullfont!
Missing character: There is no g in font nullfont!
Missing character: There is no h in font nullfont!
Missing character: There is no t in font nullfont!
Missing character: There is no 1 in font nullfont!
Missing character: There is no 0 in font nullfont!
Missing character: There is no , in font nullfont!
Missing character: There is no i in font nullfont!
Missing character: There is no m in font nullfont!
Missing character: There is no p in font nullfont!
Missing character: There is no u in font nullfont!
Missing character: There is no l in font nullfont!
Missing character: There is no s in font nullfont!
Missing character: There is no e in font nullfont!
Missing character: There is no 0 in font nullfont!
Missing character: There is no . in font nullfont!
Missing character: There is no P in font nullfont!
Missing character: There is no o in font nullfont!
Missing character: There is no i in font nullfont!
Missing character: There is no n in font nullfont!
Missing character: There is no t in font nullfont!
Missing character: There is no i in font nullfont!
Missing character: There is no s in font nullfont!
Missing character: There is no s in font nullfont!
Missing character: There is no e in font nullfont!
Missing character: There is no t in font nullfont!
Missing character: There is no t in font nullfont!
Missing character: There is no o in font nullfont!
Missing character: There is no . in font nullfont!

! LaTeX Error: \begin{document} ended by \end{figure}.

See the LaTeX manual or LaTeX Companion for explanation.
Type  H <return>  for immediate help.
 ...                                              
                                                  
l.39 \end{figure}
                 
Your command was ignored.
Type  I <command> <return>  to replace it with another command,
or  <return>  to continue without it.

! Missing } inserted.
<inserted text> 
                }
l.39 \end{figure}
                 
I've inserted something that you may have forgotten.
(See the <inserted text> above.)
With luck, this will get me unwedged. But if you
really didn't forget anything, try typing `2' now; then
my insertion and my current dilemma will both disappear.

! Missing } inserted.
<inserted text> 
                }
l.39 \end{figure}
                 
I've inserted something that you may have forgotten.
(See the <inserted text> above.)
With luck, this will get me unwedged. But if you
really didn't forget anything, try typing `2' now; then
my insertion and my current dilemma will both disappear.

! Missing } inserted.
<inserted text> 
                }
l.39 \end{figure}
                 
I've inserted something that you may have forgotten.
(See the <inserted text> above.)
With luck, this will get me unwedged. But if you
really didn't forget anything, try typing `2' now; then
my insertion and my current dilemma will both disappear.

! Missing } inserted.
<inserted text> 
                }
l.39 \end{figure}
                 
I've inserted something that you may have forgotten.
(See the <inserted text> above.)
With luck, this will get me unwedged. But if you
really didn't forget anything, try typing `2' now; then
my insertion and my current dilemma will both disappear.

! Missing } inserted.
<inserted text> 
                }
l.39 \end{figure}
                 
I've inserted something that you may have forgotten.
(See the <inserted text> above.)
With luck, this will get me unwedged. But if you
really didn't forget anything, try typing `2' now; then
my insertion and my current dilemma will both disappear.

! Missing } inserted.
<inserted text> 
                }
l.39 \end{figure}
                 
I've inserted something that you may have forgotten.
(See the <inserted text> above.)
With luck, this will get me unwedged. But if you
really didn't forget anything, try typing `2' now; then
my insertion and my current dilemma will both disappear.

! Missing } inserted.
<inserted text> 
                }
l.39 \end{figure}
                 
I've inserted something that you may have forgotten.
(See the <inserted text> above.)
With luck, this will get me unwedged. But if you
really didn't forget anything, try typing `2' now; then
my insertion and my current dilemma will both disappear.

! Missing } inserted.
<inserted text> 
                }
l.39 \end{figure}
                 
I've inserted something that you may have forgotten.
(See the <inserted text> above.)
With luck, this will get me unwedged. But if you
really didn't forget anything, try typing `2' now; then
my insertion and my current dilemma will both disappear.

! Missing } inserted.
<inserted text> 
                }
l.39 \end{figure}
                 
I've inserted something that you may have forgotten.
(See the <inserted text> above.)
With luck, this will get me unwedged. But if you
really didn't forget anything, try typing `2' now; then
my insertion and my current dilemma will both disappear.

! Missing } inserted.
<inserted text> 
                }
l.39 \end{figure}
                 
I've inserted something that you may have forgotten.
(See the <inserted text> above.)
With luck, this will get me unwedged. But if you
really didn't forget anything, try typing `2' now; then
my insertion and my current dilemma will both disappear.

! Missing } inserted.
<inserted text> 
                }
l.39 \end{figure}
                 
I've inserted something that you may have forgotten.
(See the <inserted text> above.)
With luck, this will get me unwedged. But if you
really didn't forget anything, try typing `2' now; then
my insertion and my current dilemma will both disappear.

! Missing } inserted.
<inserted text> 
                }
l.39 \end{figure}
                 
I've inserted something that you may have forgotten.
(See the <inserted text> above.)
With luck, this will get me unwedged. But if you
really didn't forget anything, try typing `2' now; then
my insertion and my current dilemma will both disappear.

! Missing } inserted.
<inserted text> 
                }
l.39 \end{figure}
                 
I've inserted something that you may have forgotten.
(See the <inserted text> above.)
With luck, this will get me unwedged. But if you
really didn't forget anything, try typing `2' now; then
my insertion and my current dilemma will both disappear.

! Missing } inserted.
<inserted text> 
                }
l.39 \end{figure}
                 
I've inserted something that you may have forgotten.
(See the <inserted text> above.)
With luck, this will get me unwedged. But if you
really didn't forget anything, try typing `2' now; then
my insertion and my current dilemma will both disappear.

! Missing } inserted.
<inserted text> 
                }
l.39 \end{figure}
                 
I've inserted something that you may have forgotten.
(See the <inserted text> above.)
With luck, this will get me unwedged. But if you
really didn't forget anything, try typing `2' now; then
my insertion and my current dilemma will both disappear.

! Missing } inserted.
<inserted text> 
                }
l.39 \end{figure}
                 
I've inserted something that you may have forgotten.
(See the <inserted text> above.)
With luck, this will get me unwedged. But if you
really didn't forget anything, try typing `2' now; then
my insertion and my current dilemma will both disappear.

! Missing } inserted.
<inserted text> 
                }
l.39 \end{figure}
                 
I've inserted something that you may have forgotten.
(See the <inserted text> above.)
With luck, this will get me unwedged. But if you
really didn't forget anything, try typing `2' now; then
my insertion and my current dilemma will both disappear.

! Missing } inserted.
<inserted text> 
                }
l.39 \end{figure}
                 
I've inserted something that you may have forgotten.
(See the <inserted text> above.)
With luck, this will get me unwedged. But if you
really didn't forget anything, try typing `2' now; then
my insertion and my current dilemma will both disappear.

! Missing } inserted.
<inserted text> 
                }
l.39 \end{figure}
                 
I've inserted something that you may have forgotten.
(See the <inserted text> above.)
With luck, this will get me unwedged. But if you
really didn't forget anything, try typing `2' now; then
my insertion and my current dilemma will both disappear.

! Missing } inserted.
<inserted text> 
                }
l.39 \end{figure}
                 
I've inserted something that you may have forgotten.
(See the <inserted text> above.)
With luck, this will get me unwedged. But if you
really didn't forget anything, try typing `2' now; then
my insertion and my current dilemma will both disappear.

! Missing } inserted.
<inserted text> 
                }
l.39 \end{figure}
                 
I've inserted something that you may have forgotten.
(See the <inserted text> above.)
With luck, this will get me unwedged. But if you
really didn't forget anything, try typing `2' now; then
my insertion and my current dilemma will both disappear.

! Missing } inserted.
<inserted text> 
                }
l.39 \end{figure}
                 
I've inserted something that you may have forgotten.
(See the <inserted text> above.)
With luck, this will get me unwedged. But if you
really didn't forget anything, try typing `2' now; then
my insertion and my current dilemma will both disappear.

! Missing } inserted.
<inserted text> 
                }
l.39 \end{figure}
                 
I've inserted something that you may have forgotten.
(See the <inserted text> above.)
With luck, this will get me unwedged. But if you
really didn't forget anything, try typing `2' now; then
my insertion and my current dilemma will both disappear.

)
! Emergency stop.
<*> \input tex.tex
                  
*** (job aborted, no legal \end found)

 
Here is how much of TeX's memory you used:
 9 strings out of 494617
 160 string characters out of 1172294
 48840 words of memory out of 3000000
 3322 multiletter control sequences out of 15000+50000
 3640 words of font info for 14 fonts, out of 3000000 for 9000
 289 hyphenation exceptions out of 8191
 18i,4n,12p,154b,82s stack positions out of 5000i,500n,10000p,200000b,50000s
!  ==> Fatal error occurred, no output PDF file produced!
