This is pdfTeX, Version 3.1415926-1.40.10 (TeX Live 2009/Debian) (format=pdflatex 2012.10.10)  26 NOV 2012 15:57
entering extended mode
 %&-line parsing enabled.
**\input tex.tex
(./tex.tex

! LaTeX Error: Environment figure undefined.

See the LaTeX manual or LaTeX Companion for explanation.
Type  H <return>  for immediate help.
 ...                                              
                                                  
l.3 \begin{figure}
                  [ht]
Your command was ignored.
Type  I <command> <return>  to replace it with another command,
or  <return>  to continue without it.


! LaTeX Error: Missing \begin{document}.

See the LaTeX manual or LaTeX Companion for explanation.
Type  H <return>  for immediate help.
 ...                                              
                                                  
l.3 \begin{figure}[
                   ht]
You're in trouble here.  Try typing  <return>  to proceed.
If that doesn't work, type  X <return>  to quit.

Missing character: There is no [ in font nullfont!
Missing character: There is no h in font nullfont!
Missing character: There is no t in font nullfont!
Missing character: There is no ] in font nullfont!
! Undefined control sequence.
l.5   \subfigure
                [] {
The control sequence at the end of the top line
of your error message was never \def'ed. If you have
misspelled it (e.g., `\hobx'), type `I' and the correct
spelling (e.g., `I\hbox'). Otherwise just continue,
and I'll forget about whatever was undefined.

Missing character: There is no [ in font nullfont!
Missing character: There is no ] in font nullfont!
! Undefined control sequence.
l.6     \includegraphics
                        [scale=\zoomfactor]{{{2_random_new/x_y_-1.7_10.6_-1....
The control sequence at the end of the top line
of your error message was never \def'ed. If you have
misspelled it (e.g., `\hobx'), type `I' and the correct
spelling (e.g., `I\hbox'). Otherwise just continue,
and I'll forget about whatever was undefined.

Missing character: There is no [ in font nullfont!
Missing character: There is no s in font nullfont!
Missing character: There is no c in font nullfont!
Missing character: There is no a in font nullfont!
Missing character: There is no l in font nullfont!
Missing character: There is no e in font nullfont!
Missing character: There is no = in font nullfont!
! Undefined control sequence.
l.6     \includegraphics[scale=\zoomfactor
                                          ]{{{2_random_new/x_y_-1.7_10.6_-1....
The control sequence at the end of the top line
of your error message was never \def'ed. If you have
misspelled it (e.g., `\hobx'), type `I' and the correct
spelling (e.g., `I\hbox'). Otherwise just continue,
and I'll forget about whatever was undefined.

Missing character: There is no ] in font nullfont!
Missing character: There is no 2 in font nullfont!
! Missing $ inserted.
<inserted text> 
                $
l.6     \includegraphics[scale=\zoomfactor]{{{2_
                                                random_new/x_y_-1.7_10.6_-1....
I've inserted a begin-math/end-math symbol since I think
you left one out. Proceed, with fingers crossed.

LaTeX Font Info:    External font `cmex10' loaded for size
(Font)              <7> on input line 6.
LaTeX Font Info:    External font `cmex10' loaded for size
(Font)              <5> on input line 6.
! Double subscript.
l.6 ...hics[scale=\zoomfactor]{{{2_random_new/x_y_
                                                  -1.7_10.6_-1.4_9.1_3.8_11....
I treat `x_1_2' essentially like `x_1{}_2'.

! Extra }, or forgotten $.
l.6 ...ndom_new/x_y_-1.7_10.6_-1.4_9.1_3.8_11.6f1}
                                                  }}
I've deleted a group-closing symbol because it seems to be
spurious, as in `$x}$'. But perhaps the } is legitimate and
you forgot something else, as in `\hbox{$x}'. In such cases
the way to recover is to insert both the forgotten and the
deleted material, e.g., by typing `I$}'.

! Extra }, or forgotten $.
l.6 ...dom_new/x_y_-1.7_10.6_-1.4_9.1_3.8_11.6f1}}
                                                  }
I've deleted a group-closing symbol because it seems to be
spurious, as in `$x}$'. But perhaps the } is legitimate and
you forgot something else, as in `\hbox{$x}'. In such cases
the way to recover is to insert both the forgotten and the
deleted material, e.g., by typing `I$}'.

! Extra }, or forgotten $.
l.6 ...om_new/x_y_-1.7_10.6_-1.4_9.1_3.8_11.6f1}}}
                                                  
I've deleted a group-closing symbol because it seems to be
spurious, as in `$x}$'. But perhaps the } is legitimate and
you forgot something else, as in `\hbox{$x}'. In such cases
the way to recover is to insert both the forgotten and the
deleted material, e.g., by typing `I$}'.

! Extra }, or forgotten $.
l.7   }
       
I've deleted a group-closing symbol because it seems to be
spurious, as in `$x}$'. But perhaps the } is legitimate and
you forgot something else, as in `\hbox{$x}'. In such cases
the way to recover is to insert both the forgotten and the
deleted material, e.g., by typing `I$}'.

! Undefined control sequence.
l.8   \subfigure
                [] {
The control sequence at the end of the top line
of your error message was never \def'ed. If you have
misspelled it (e.g., `\hobx'), type `I' and the correct
spelling (e.g., `I\hbox'). Otherwise just continue,
and I'll forget about whatever was undefined.

! Undefined control sequence.
l.9     \includegraphics
                        [scale=\zoomfactor]{{{2_random_new/-2.9_8.8_-1.7_10....
The control sequence at the end of the top line
of your error message was never \def'ed. If you have
misspelled it (e.g., `\hobx'), type `I' and the correct
spelling (e.g., `I\hbox'). Otherwise just continue,
and I'll forget about whatever was undefined.

! Undefined control sequence.
l.9     \includegraphics[scale=\zoomfactor
                                          ]{{{2_random_new/-2.9_8.8_-1.7_10....
The control sequence at the end of the top line
of your error message was never \def'ed. If you have
misspelled it (e.g., `\hobx'), type `I' and the correct
spelling (e.g., `I\hbox'). Otherwise just continue,
and I'll forget about whatever was undefined.

! Double subscript.
l.9 ...actor]{{{2_random_new/-2.9_8.8_-1.7_10.6_x_
                                                  y_3.8_11.6f0}}}
I treat `x_1_2' essentially like `x_1{}_2'.

! Double subscript.
l.9 ...tor]{{{2_random_new/-2.9_8.8_-1.7_10.6_x_y_
                                                  3.8_11.6f0}}}
I treat `x_1_2' essentially like `x_1{}_2'.

! Undefined control sequence.
l.11   \subfigure
                 [] {
The control sequence at the end of the top line
of your error message was never \def'ed. If you have
misspelled it (e.g., `\hobx'), type `I' and the correct
spelling (e.g., `I\hbox'). Otherwise just continue,
and I'll forget about whatever was undefined.

! Undefined control sequence.
l.12     \includegraphics
                         [scale=\zoomfactor]{{{2_random_new/-2.9_8.8_-1.7_10...
The control sequence at the end of the top line
of your error message was never \def'ed. If you have
misspelled it (e.g., `\hobx'), type `I' and the correct
spelling (e.g., `I\hbox'). Otherwise just continue,
and I'll forget about whatever was undefined.

! Undefined control sequence.
l.12     \includegraphics[scale=\zoomfactor
                                           ]{{{2_random_new/-2.9_8.8_-1.7_10...
The control sequence at the end of the top line
of your error message was never \def'ed. If you have
misspelled it (e.g., `\hobx'), type `I' and the correct
spelling (e.g., `I\hbox'). Otherwise just continue,
and I'll forget about whatever was undefined.

! Double subscript.
l.12 ..._random_new/-2.9_8.8_-1.7_10.6_-1.4_9.1_x_
                                                  yf1}}}
I treat `x_1_2' essentially like `x_1{}_2'.

! Undefined control sequence.
l.14   \subfigure
                 [] {
The control sequence at the end of the top line
of your error message was never \def'ed. If you have
misspelled it (e.g., `\hobx'), type `I' and the correct
spelling (e.g., `I\hbox'). Otherwise just continue,
and I'll forget about whatever was undefined.

! Undefined control sequence.
l.15     \includegraphics
                         [scale=\zoomfactor]{{{2_random_new/-2.9_8.8_-1.7_10...
The control sequence at the end of the top line
of your error message was never \def'ed. If you have
misspelled it (e.g., `\hobx'), type `I' and the correct
spelling (e.g., `I\hbox'). Otherwise just continue,
and I'll forget about whatever was undefined.

! Undefined control sequence.
l.15     \includegraphics[scale=\zoomfactor
                                           ]{{{2_random_new/-2.9_8.8_-1.7_10...
The control sequence at the end of the top line
of your error message was never \def'ed. If you have
misspelled it (e.g., `\hobx'), type `I' and the correct
spelling (e.g., `I\hbox'). Otherwise just continue,
and I'll forget about whatever was undefined.

! Double subscript.
l.15 ...ctor]{{{2_random_new/-2.9_8.8_-1.7_10.6_x_
                                                  y_3.8_11.6f1}}}
I treat `x_1_2' essentially like `x_1{}_2'.

! Double subscript.
l.15 ...or]{{{2_random_new/-2.9_8.8_-1.7_10.6_x_y_
                                                  3.8_11.6f1}}}
I treat `x_1_2' essentially like `x_1{}_2'.

! Undefined control sequence.
l.17   \subfigure
                 [] {
The control sequence at the end of the top line
of your error message was never \def'ed. If you have
misspelled it (e.g., `\hobx'), type `I' and the correct
spelling (e.g., `I\hbox'). Otherwise just continue,
and I'll forget about whatever was undefined.

! Undefined control sequence.
l.18     \includegraphics
                         [scale=\zoomfactor]{{{2_random_new/x_y_-1.7_10.6_-1...
The control sequence at the end of the top line
of your error message was never \def'ed. If you have
misspelled it (e.g., `\hobx'), type `I' and the correct
spelling (e.g., `I\hbox'). Otherwise just continue,
and I'll forget about whatever was undefined.

! Undefined control sequence.
l.18     \includegraphics[scale=\zoomfactor
                                           ]{{{2_random_new/x_y_-1.7_10.6_-1...
The control sequence at the end of the top line
of your error message was never \def'ed. If you have
misspelled it (e.g., `\hobx'), type `I' and the correct
spelling (e.g., `I\hbox'). Otherwise just continue,
and I'll forget about whatever was undefined.

! Double subscript.
l.18 ...ics[scale=\zoomfactor]{{{2_random_new/x_y_
                                                  -1.7_10.6_-1.4_9.1_3.8_11....
I treat `x_1_2' essentially like `x_1{}_2'.

! Undefined control sequence.
l.20   \subfigure
                 [] {
The control sequence at the end of the top line
of your error message was never \def'ed. If you have
misspelled it (e.g., `\hobx'), type `I' and the correct
spelling (e.g., `I\hbox'). Otherwise just continue,
and I'll forget about whatever was undefined.

! Undefined control sequence.
l.21     \includegraphics
                         [scale=\zoomfactor]{{{2_random_new/-2.9_8.8_-1.7_10...
The control sequence at the end of the top line
of your error message was never \def'ed. If you have
misspelled it (e.g., `\hobx'), type `I' and the correct
spelling (e.g., `I\hbox'). Otherwise just continue,
and I'll forget about whatever was undefined.

! Undefined control sequence.
l.21     \includegraphics[scale=\zoomfactor
                                           ]{{{2_random_new/-2.9_8.8_-1.7_10...
The control sequence at the end of the top line
of your error message was never \def'ed. If you have
misspelled it (e.g., `\hobx'), type `I' and the correct
spelling (e.g., `I\hbox'). Otherwise just continue,
and I'll forget about whatever was undefined.

! Double subscript.
l.21 ..._random_new/-2.9_8.8_-1.7_10.6_-1.4_9.1_x_
                                                  yf0}}}
I treat `x_1_2' essentially like `x_1{}_2'.

! Undefined control sequence.
l.23   \subfigure
                 [] {
The control sequence at the end of the top line
of your error message was never \def'ed. If you have
misspelled it (e.g., `\hobx'), type `I' and the correct
spelling (e.g., `I\hbox'). Otherwise just continue,
and I'll forget about whatever was undefined.

! Undefined control sequence.
l.24     \includegraphics
                         [scale=\zoomfactor]{{{2_random_new/-2.9_8.8_x_y_-1....
The control sequence at the end of the top line
of your error message was never \def'ed. If you have
misspelled it (e.g., `\hobx'), type `I' and the correct
spelling (e.g., `I\hbox'). Otherwise just continue,
and I'll forget about whatever was undefined.

! Undefined control sequence.
l.24     \includegraphics[scale=\zoomfactor
                                           ]{{{2_random_new/-2.9_8.8_x_y_-1....
The control sequence at the end of the top line
of your error message was never \def'ed. If you have
misspelled it (e.g., `\hobx'), type `I' and the correct
spelling (e.g., `I\hbox'). Otherwise just continue,
and I'll forget about whatever was undefined.

! Double subscript.
l.24 ...le=\zoomfactor]{{{2_random_new/-2.9_8.8_x_
                                                  y_-1.4_9.1_3.8_11.6f1}}}
I treat `x_1_2' essentially like `x_1{}_2'.

! Double subscript.
l.24 ...=\zoomfactor]{{{2_random_new/-2.9_8.8_x_y_
                                                  -1.4_9.1_3.8_11.6f1}}}
I treat `x_1_2' essentially like `x_1{}_2'.

! Undefined control sequence.
l.26   \subfigure
                 [] {
The control sequence at the end of the top line
of your error message was never \def'ed. If you have
misspelled it (e.g., `\hobx'), type `I' and the correct
spelling (e.g., `I\hbox'). Otherwise just continue,
and I'll forget about whatever was undefined.

! Undefined control sequence.
l.27     \includegraphics
                         [scale=\zoomfactor]{{{2_random_new/-2.9_8.8_x_y_-1....
The control sequence at the end of the top line
of your error message was never \def'ed. If you have
misspelled it (e.g., `\hobx'), type `I' and the correct
spelling (e.g., `I\hbox'). Otherwise just continue,
and I'll forget about whatever was undefined.

! Undefined control sequence.
l.27     \includegraphics[scale=\zoomfactor
                                           ]{{{2_random_new/-2.9_8.8_x_y_-1....
The control sequence at the end of the top line
of your error message was never \def'ed. If you have
misspelled it (e.g., `\hobx'), type `I' and the correct
spelling (e.g., `I\hbox'). Otherwise just continue,
and I'll forget about whatever was undefined.

! Double subscript.
l.27 ...le=\zoomfactor]{{{2_random_new/-2.9_8.8_x_
                                                  y_-1.4_9.1_3.8_11.6f0}}}
I treat `x_1_2' essentially like `x_1{}_2'.

! Double subscript.
l.27 ...=\zoomfactor]{{{2_random_new/-2.9_8.8_x_y_
                                                  -1.4_9.1_3.8_11.6f0}}}
I treat `x_1_2' essentially like `x_1{}_2'.


! LaTeX Error: \caption outside float.

See the LaTeX manual or LaTeX Companion for explanation.
Type  H <return>  for immediate help.
 ...                                              
                                                  
l.29   \caption
               {Two points for each triangle. Values for the points are: $u_...

You're in trouble here.  Try typing  <return>  to proceed.
If that doesn't work, type  X <return>  to quit.

! Missing } inserted.
<inserted text> 
                }
l.29 ...ach triangle. Values for the points are: $
                                                  u_1^L = -2.9, h_1^L = 8.8,...
I've inserted something that you may have forgotten.
(See the <inserted text> above.)
With luck, this will get me unwedged. But if you
really didn't forget anything, try typing `2' now; then
my insertion and my current dilemma will both disappear.

Missing character: There is no u in font nullfont!
! Missing $ inserted.
<inserted text> 
                $
l.29 ...h triangle. Values for the points are: $u_
                                                  1^L = -2.9, h_1^L = 8.8, u...
I've inserted a begin-math/end-math symbol since I think
you left one out. Proceed, with fingers crossed.

Missing character: There is no . in font nullfont!

! LaTeX Error: \begin{document} ended by \end{figure}.

See the LaTeX manual or LaTeX Companion for explanation.
Type  H <return>  for immediate help.
 ...                                              
                                                  
l.31 \end{figure}
                 
Your command was ignored.
Type  I <command> <return>  to replace it with another command,
or  <return>  to continue without it.

! Missing } inserted.
<inserted text> 
                }
l.31 \end{figure}
                 
I've inserted something that you may have forgotten.
(See the <inserted text> above.)
With luck, this will get me unwedged. But if you
really didn't forget anything, try typing `2' now; then
my insertion and my current dilemma will both disappear.

! Missing } inserted.
<inserted text> 
                }
l.31 \end{figure}
                 
I've inserted something that you may have forgotten.
(See the <inserted text> above.)
With luck, this will get me unwedged. But if you
really didn't forget anything, try typing `2' now; then
my insertion and my current dilemma will both disappear.

! Missing } inserted.
<inserted text> 
                }
l.31 \end{figure}
                 
I've inserted something that you may have forgotten.
(See the <inserted text> above.)
With luck, this will get me unwedged. But if you
really didn't forget anything, try typing `2' now; then
my insertion and my current dilemma will both disappear.

)
! Emergency stop.
<*> \input tex.tex
                  
*** (job aborted, no legal \end found)

 
Here is how much of TeX's memory you used:
 9 strings out of 494617
 160 string characters out of 1172294
 46840 words of memory out of 3000000
 3322 multiletter control sequences out of 15000+50000
 3640 words of font info for 14 fonts, out of 3000000 for 9000
 289 hyphenation exceptions out of 8191
 18i,5n,12p,197b,76s stack positions out of 5000i,500n,10000p,200000b,50000s
!  ==> Fatal error occurred, no output PDF file produced!
