This is pdfTeX, Version 3.1415926-1.40.10 (TeX Live 2009/Debian) (format=pdflatex 2012.10.10)  26 NOV 2012 15:20
entering extended mode
 %&-line parsing enabled.
**\input tex.tex
(./tex.tex

! LaTeX Error: Environment figure undefined.

See the LaTeX manual or LaTeX Companion for explanation.
Type  H <return>  for immediate help.
 ...                                              
                                                  
l.5 \begin{figure}
                  [ht]
Your command was ignored.
Type  I <command> <return>  to replace it with another command,
or  <return>  to continue without it.


! LaTeX Error: Missing \begin{document}.

See the LaTeX manual or LaTeX Companion for explanation.
Type  H <return>  for immediate help.
 ...                                              
                                                  
l.5 \begin{figure}[
                   ht]
You're in trouble here.  Try typing  <return>  to proceed.
If that doesn't work, type  X <return>  to quit.

Missing character: There is no [ in font nullfont!
Missing character: There is no h in font nullfont!
Missing character: There is no t in font nullfont!
Missing character: There is no ] in font nullfont!
! Undefined control sequence.
l.7   \subfigure
                [Height and impulse for point] {
The control sequence at the end of the top line
of your error message was never \def'ed. If you have
misspelled it (e.g., `\hobx'), type `I' and the correct
spelling (e.g., `I\hbox'). Otherwise just continue,
and I'll forget about whatever was undefined.

Missing character: There is no [ in font nullfont!
Missing character: There is no H in font nullfont!
Missing character: There is no e in font nullfont!
Missing character: There is no i in font nullfont!
Missing character: There is no g in font nullfont!
Missing character: There is no h in font nullfont!
Missing character: There is no t in font nullfont!
Missing character: There is no a in font nullfont!
Missing character: There is no n in font nullfont!
Missing character: There is no d in font nullfont!
Missing character: There is no i in font nullfont!
Missing character: There is no m in font nullfont!
Missing character: There is no p in font nullfont!
Missing character: There is no u in font nullfont!
Missing character: There is no l in font nullfont!
Missing character: There is no s in font nullfont!
Missing character: There is no e in font nullfont!
Missing character: There is no f in font nullfont!
Missing character: There is no o in font nullfont!
Missing character: There is no r in font nullfont!
Missing character: There is no p in font nullfont!
Missing character: There is no o in font nullfont!
Missing character: There is no i in font nullfont!
Missing character: There is no n in font nullfont!
Missing character: There is no t in font nullfont!
Missing character: There is no ] in font nullfont!
! Undefined control sequence.
l.8     \includegraphics
                        [scale=\zoomfactor]{{{2_punkte_alles_10_0/x_y_0.0_10...
The control sequence at the end of the top line
of your error message was never \def'ed. If you have
misspelled it (e.g., `\hobx'), type `I' and the correct
spelling (e.g., `I\hbox'). Otherwise just continue,
and I'll forget about whatever was undefined.

Missing character: There is no [ in font nullfont!
Missing character: There is no s in font nullfont!
Missing character: There is no c in font nullfont!
Missing character: There is no a in font nullfont!
Missing character: There is no l in font nullfont!
Missing character: There is no e in font nullfont!
Missing character: There is no = in font nullfont!
! Undefined control sequence.
l.8     \includegraphics[scale=\zoomfactor
                                          ]{{{2_punkte_alles_10_0/x_y_0.0_10...
The control sequence at the end of the top line
of your error message was never \def'ed. If you have
misspelled it (e.g., `\hobx'), type `I' and the correct
spelling (e.g., `I\hbox'). Otherwise just continue,
and I'll forget about whatever was undefined.

Missing character: There is no ] in font nullfont!
Missing character: There is no 2 in font nullfont!
! Missing $ inserted.
<inserted text> 
                $
l.8     \includegraphics[scale=\zoomfactor]{{{2_
                                                punkte_alles_10_0/x_y_0.0_10...
I've inserted a begin-math/end-math symbol since I think
you left one out. Proceed, with fingers crossed.

LaTeX Font Info:    External font `cmex10' loaded for size
(Font)              <7> on input line 8.
LaTeX Font Info:    External font `cmex10' loaded for size
(Font)              <5> on input line 8.
! Double subscript.
l.8 ...ale=\zoomfactor]{{{2_punkte_alles_10_0/x_y_
                                                  0.0_10.0_0.0_10.0_0.0_10.0...
I treat `x_1_2' essentially like `x_1{}_2'.

! Extra }, or forgotten $.
l.8 ...lles_10_0/x_y_0.0_10.0_0.0_10.0_0.0_10.0f0}
                                                  }}
I've deleted a group-closing symbol because it seems to be
spurious, as in `$x}$'. But perhaps the } is legitimate and
you forgot something else, as in `\hbox{$x}'. In such cases
the way to recover is to insert both the forgotten and the
deleted material, e.g., by typing `I$}'.

! Extra }, or forgotten $.
l.8 ...les_10_0/x_y_0.0_10.0_0.0_10.0_0.0_10.0f0}}
                                                  }
I've deleted a group-closing symbol because it seems to be
spurious, as in `$x}$'. But perhaps the } is legitimate and
you forgot something else, as in `\hbox{$x}'. In such cases
the way to recover is to insert both the forgotten and the
deleted material, e.g., by typing `I$}'.

! Extra }, or forgotten $.
l.8 ...es_10_0/x_y_0.0_10.0_0.0_10.0_0.0_10.0f0}}}
                                                  
I've deleted a group-closing symbol because it seems to be
spurious, as in `$x}$'. But perhaps the } is legitimate and
you forgot something else, as in `\hbox{$x}'. In such cases
the way to recover is to insert both the forgotten and the
deleted material, e.g., by typing `I$}'.

! Undefined control sequence.
l.9     \includegraphics
                        [scale=\zoomfactor]{{{2_punkte_alles_10_0/0.0_10.0_0...
The control sequence at the end of the top line
of your error message was never \def'ed. If you have
misspelled it (e.g., `\hobx'), type `I' and the correct
spelling (e.g., `I\hbox'). Otherwise just continue,
and I'll forget about whatever was undefined.

! Undefined control sequence.
l.9     \includegraphics[scale=\zoomfactor
                                          ]{{{2_punkte_alles_10_0/0.0_10.0_0...
The control sequence at the end of the top line
of your error message was never \def'ed. If you have
misspelled it (e.g., `\hobx'), type `I' and the correct
spelling (e.g., `I\hbox'). Otherwise just continue,
and I'll forget about whatever was undefined.

! Double subscript.
l.9 ...{{{2_punkte_alles_10_0/0.0_10.0_0.0_10.0_x_
                                                  y_0.0_10.0f1}}}
I treat `x_1_2' essentially like `x_1{}_2'.

! Double subscript.
l.9 ...{2_punkte_alles_10_0/0.0_10.0_0.0_10.0_x_y_
                                                  0.0_10.0f1}}}
I treat `x_1_2' essentially like `x_1{}_2'.

! Extra }, or forgotten $.
l.10   }
        
I've deleted a group-closing symbol because it seems to be
spurious, as in `$x}$'. But perhaps the } is legitimate and
you forgot something else, as in `\hbox{$x}'. In such cases
the way to recover is to insert both the forgotten and the
deleted material, e.g., by typing `I$}'.

! Undefined control sequence.
l.11   \subfigure
                 [] {
The control sequence at the end of the top line
of your error message was never \def'ed. If you have
misspelled it (e.g., `\hobx'), type `I' and the correct
spelling (e.g., `I\hbox'). Otherwise just continue,
and I'll forget about whatever was undefined.

! Undefined control sequence.
l.12     \includegraphics
                         [scale=\zoomfactor]{{{2_punkte_alles_10_0/0.0_10.0_...
The control sequence at the end of the top line
of your error message was never \def'ed. If you have
misspelled it (e.g., `\hobx'), type `I' and the correct
spelling (e.g., `I\hbox'). Otherwise just continue,
and I'll forget about whatever was undefined.

! Undefined control sequence.
l.12     \includegraphics[scale=\zoomfactor
                                           ]{{{2_punkte_alles_10_0/0.0_10.0_...
The control sequence at the end of the top line
of your error message was never \def'ed. If you have
misspelled it (e.g., `\hobx'), type `I' and the correct
spelling (e.g., `I\hbox'). Otherwise just continue,
and I'll forget about whatever was undefined.

! Double subscript.
l.12 ...{{2_punkte_alles_10_0/0.0_10.0_0.0_10.0_x_
                                                  y_0.0_10.0f0}}}
I treat `x_1_2' essentially like `x_1{}_2'.

! Double subscript.
l.12 ...2_punkte_alles_10_0/0.0_10.0_0.0_10.0_x_y_
                                                  0.0_10.0f0}}}
I treat `x_1_2' essentially like `x_1{}_2'.

! Undefined control sequence.
l.14   \subfigure
                 [] {
The control sequence at the end of the top line
of your error message was never \def'ed. If you have
misspelled it (e.g., `\hobx'), type `I' and the correct
spelling (e.g., `I\hbox'). Otherwise just continue,
and I'll forget about whatever was undefined.

! Undefined control sequence.
l.15     \includegraphics
                         [scale=\zoomfactor]{{{2_punkte_alles_10_0/x_y_0.0_1...
The control sequence at the end of the top line
of your error message was never \def'ed. If you have
misspelled it (e.g., `\hobx'), type `I' and the correct
spelling (e.g., `I\hbox'). Otherwise just continue,
and I'll forget about whatever was undefined.

! Undefined control sequence.
l.15     \includegraphics[scale=\zoomfactor
                                           ]{{{2_punkte_alles_10_0/x_y_0.0_1...
The control sequence at the end of the top line
of your error message was never \def'ed. If you have
misspelled it (e.g., `\hobx'), type `I' and the correct
spelling (e.g., `I\hbox'). Otherwise just continue,
and I'll forget about whatever was undefined.

! Double subscript.
l.15 ...le=\zoomfactor]{{{2_punkte_alles_10_0/x_y_
                                                  0.0_10.0_0.0_10.0_0.0_10.0...
I treat `x_1_2' essentially like `x_1{}_2'.


! LaTeX Error: \caption outside float.

See the LaTeX manual or LaTeX Companion for explanation.
Type  H <return>  for immediate help.
 ...                                              
                                                  
l.17   \caption
               {Two points for each triangle. All support points have height...

You're in trouble here.  Try typing  <return>  to proceed.
If that doesn't work, type  X <return>  to quit.

! Missing } inserted.
<inserted text> 
                }
l.17 ...ort points have height 10 and impulse 0. $
                                                  h$ ranges from 8 to 12, $u...
I've inserted something that you may have forgotten.
(See the <inserted text> above.)
With luck, this will get me unwedged. But if you
really didn't forget anything, try typing `2' now; then
my insertion and my current dilemma will both disappear.

Missing character: There is no h in font nullfont!
Missing character: There is no u in font nullfont!
! Extra }, or forgotten $.
l.17 ...h$ ranges from 8 to 12, $u$ from -4 to 4.}
                                                  
I've deleted a group-closing symbol because it seems to be
spurious, as in `$x}$'. But perhaps the } is legitimate and
you forgot something else, as in `\hbox{$x}'. In such cases
the way to recover is to insert both the forgotten and the
deleted material, e.g., by typing `I$}'.


! LaTeX Error: \begin{document} ended by \end{figure}.

See the LaTeX manual or LaTeX Companion for explanation.
Type  H <return>  for immediate help.
 ...                                              
                                                  
l.19 \end{figure}
                 
Your command was ignored.
Type  I <command> <return>  to replace it with another command,
or  <return>  to continue without it.

! Missing $ inserted.
<inserted text> 
                $
l.19 \end{figure}
                 
I've inserted something that you may have forgotten.
(See the <inserted text> above.)
With luck, this will get me unwedged. But if you
really didn't forget anything, try typing `2' now; then
my insertion and my current dilemma will both disappear.

! Missing } inserted.
<inserted text> 
                }
l.19 \end{figure}
                 
I've inserted something that you may have forgotten.
(See the <inserted text> above.)
With luck, this will get me unwedged. But if you
really didn't forget anything, try typing `2' now; then
my insertion and my current dilemma will both disappear.

! Missing } inserted.
<inserted text> 
                }
l.19 \end{figure}
                 
I've inserted something that you may have forgotten.
(See the <inserted text> above.)
With luck, this will get me unwedged. But if you
really didn't forget anything, try typing `2' now; then
my insertion and my current dilemma will both disappear.

! Missing } inserted.
<inserted text> 
                }
l.19 \end{figure}
                 
I've inserted something that you may have forgotten.
(See the <inserted text> above.)
With luck, this will get me unwedged. But if you
really didn't forget anything, try typing `2' now; then
my insertion and my current dilemma will both disappear.

! Missing } inserted.
<inserted text> 
                }
l.19 \end{figure}
                 
I've inserted something that you may have forgotten.
(See the <inserted text> above.)
With luck, this will get me unwedged. But if you
really didn't forget anything, try typing `2' now; then
my insertion and my current dilemma will both disappear.


Overfull \hbox (20.0pt too wide) in paragraph at lines 5--20
[]
 []


Overfull \hbox (215.20135pt too wide) in paragraph at lines 5--20
[]\OML/cmm/m/it/10 unkte[]lles[]\OT1/cmr/m/n/10 0[]\OML/cmm/m/it/10 =x[][]:\OT1
/cmr/m/n/10 0[]0\OML/cmm/m/it/10 :\OT1/cmr/m/n/10 0[]\OML/cmm/m/it/10 :\OT1/cmr
/m/n/10 0[]0\OML/cmm/m/it/10 :\OT1/cmr/m/n/10 0[]\OML/cmm/m/it/10 :\OT1/cmr/m/n
/10 0[]0\OML/cmm/m/it/10 :\OT1/cmr/m/n/10 0\OML/cmm/m/it/10 f\OT1/cmr/m/n/10 0[
\OML/cmm/m/it/10 scale \OT1/cmr/m/n/10 =
 []


Overfull \hbox (1073.49408pt too wide) in paragraph at lines 5--20
\OT1/cmr/m/n/10 ][][][][][][]$$\OML/cmm/m/it/10 rangesfrom\OT1/cmr/m/n/10 8\OML
/cmm/m/it/10 to\OT1/cmr/m/n/10 12\OML/cmm/m/it/10 ;$$from \OMS/cmsy/m/n/10 ^^@
 []


Overfull \hbox (21.23616pt too wide) in paragraph at lines 5--20
\OT1/cmr/m/n/10 4\OML/cmm/m/it/10 to\OT1/cmr/m/n/10 4\OML/cmm/m/it/10 :[]$ 
 []

)
! Emergency stop.
<*> \input tex.tex
                  
*** (job aborted, no legal \end found)

 
Here is how much of TeX's memory you used:
 9 strings out of 494617
 160 string characters out of 1172294
 46840 words of memory out of 3000000
 3322 multiletter control sequences out of 15000+50000
 3640 words of font info for 14 fonts, out of 3000000 for 9000
 289 hyphenation exceptions out of 8191
 18i,5n,12p,150b,76s stack positions out of 5000i,500n,10000p,200000b,50000s
!  ==> Fatal error occurred, no output PDF file produced!
