This is pdfTeX, Version 3.1415926-1.40.10 (TeX Live 2009/Debian) (format=pdflatex 2012.10.10)  26 NOV 2012 15:37
entering extended mode
 %&-line parsing enabled.
**\input tex.tex
(./tex.tex

! LaTeX Error: Environment figure undefined.

See the LaTeX manual or LaTeX Companion for explanation.
Type  H <return>  for immediate help.
 ...                                              
                                                  
l.3 \begin{figure}
                  [ht]
Your command was ignored.
Type  I <command> <return>  to replace it with another command,
or  <return>  to continue without it.


! LaTeX Error: Missing \begin{document}.

See the LaTeX manual or LaTeX Companion for explanation.
Type  H <return>  for immediate help.
 ...                                              
                                                  
l.3 \begin{figure}[
                   ht]
You're in trouble here.  Try typing  <return>  to proceed.
If that doesn't work, type  X <return>  to quit.

Missing character: There is no [ in font nullfont!
Missing character: There is no h in font nullfont!
Missing character: There is no t in font nullfont!
Missing character: There is no ] in font nullfont!
! Undefined control sequence.
l.5 \subfigure
              [] { \includegraphics[scale=\zoomfactor]{{{3_punkte_1_geschwin...
The control sequence at the end of the top line
of your error message was never \def'ed. If you have
misspelled it (e.g., `\hobx'), type `I' and the correct
spelling (e.g., `I\hbox'). Otherwise just continue,
and I'll forget about whatever was undefined.

Missing character: There is no [ in font nullfont!
Missing character: There is no ] in font nullfont!
! Undefined control sequence.
l.5 \subfigure[] { \includegraphics
                                   [scale=\zoomfactor]{{{3_punkte_1_geschwin...
The control sequence at the end of the top line
of your error message was never \def'ed. If you have
misspelled it (e.g., `\hobx'), type `I' and the correct
spelling (e.g., `I\hbox'). Otherwise just continue,
and I'll forget about whatever was undefined.

Missing character: There is no [ in font nullfont!
Missing character: There is no s in font nullfont!
Missing character: There is no c in font nullfont!
Missing character: There is no a in font nullfont!
Missing character: There is no l in font nullfont!
Missing character: There is no e in font nullfont!
Missing character: There is no = in font nullfont!
! Undefined control sequence.
l.5 ...gure[] { \includegraphics[scale=\zoomfactor
                                                  ]{{{3_punkte_1_geschwindig...
The control sequence at the end of the top line
of your error message was never \def'ed. If you have
misspelled it (e.g., `\hobx'), type `I' and the correct
spelling (e.g., `I\hbox'). Otherwise just continue,
and I'll forget about whatever was undefined.

Missing character: There is no ] in font nullfont!
Missing character: There is no 3 in font nullfont!
! Missing $ inserted.
<inserted text> 
                $
l.5 ... { \includegraphics[scale=\zoomfactor]{{{3_
                                                  punkte_1_geschwindigkeit_v...
I've inserted a begin-math/end-math symbol since I think
you left one out. Proceed, with fingers crossed.

LaTeX Font Info:    External font `cmex10' loaded for size
(Font)              <7> on input line 5.
LaTeX Font Info:    External font `cmex10' loaded for size
(Font)              <5> on input line 5.
! Double subscript.
l.5 ...degraphics[scale=\zoomfactor]{{{3_punkte_1_
                                                  geschwindigkeit_verringert...
I treat `x_1_2' essentially like `x_1{}_2'.

! Double subscript.
l.5 ...{3_punkte_1_geschwindigkeit_verringert/x_y_
                                                  0.0_10.0_0.0_10.0_0.0_10.0...
I treat `x_1_2' essentially like `x_1{}_2'.

! Extra }, or forgotten $.
l.5 ...10.0_0.0_10.0_0.0_10.0_0.0_10.0_0.0_10.0f0}
                                                  }} }
I've deleted a group-closing symbol because it seems to be
spurious, as in `$x}$'. But perhaps the } is legitimate and
you forgot something else, as in `\hbox{$x}'. In such cases
the way to recover is to insert both the forgotten and the
deleted material, e.g., by typing `I$}'.

! Extra }, or forgotten $.
l.5 ...0.0_0.0_10.0_0.0_10.0_0.0_10.0_0.0_10.0f0}}
                                                  } }
I've deleted a group-closing symbol because it seems to be
spurious, as in `$x}$'. But perhaps the } is legitimate and
you forgot something else, as in `\hbox{$x}'. In such cases
the way to recover is to insert both the forgotten and the
deleted material, e.g., by typing `I$}'.

! Extra }, or forgotten $.
l.5 ....0_0.0_10.0_0.0_10.0_0.0_10.0_0.0_10.0f0}}}
                                                   }
I've deleted a group-closing symbol because it seems to be
spurious, as in `$x}$'. But perhaps the } is legitimate and
you forgot something else, as in `\hbox{$x}'. In such cases
the way to recover is to insert both the forgotten and the
deleted material, e.g., by typing `I$}'.

! Extra }, or forgotten $.
l.5 ..._0.0_10.0_0.0_10.0_0.0_10.0_0.0_10.0f0}}} }
                                                  
I've deleted a group-closing symbol because it seems to be
spurious, as in `$x}$'. But perhaps the } is legitimate and
you forgot something else, as in `\hbox{$x}'. In such cases
the way to recover is to insert both the forgotten and the
deleted material, e.g., by typing `I$}'.

! Undefined control sequence.
l.6 \subfigure
              [] { \includegraphics[scale=\zoomfactor]{{{3_punkte_1_geschwin...
The control sequence at the end of the top line
of your error message was never \def'ed. If you have
misspelled it (e.g., `\hobx'), type `I' and the correct
spelling (e.g., `I\hbox'). Otherwise just continue,
and I'll forget about whatever was undefined.

! Undefined control sequence.
l.6 \subfigure[] { \includegraphics
                                   [scale=\zoomfactor]{{{3_punkte_1_geschwin...
The control sequence at the end of the top line
of your error message was never \def'ed. If you have
misspelled it (e.g., `\hobx'), type `I' and the correct
spelling (e.g., `I\hbox'). Otherwise just continue,
and I'll forget about whatever was undefined.

! Undefined control sequence.
l.6 ...gure[] { \includegraphics[scale=\zoomfactor
                                                  ]{{{3_punkte_1_geschwindig...
The control sequence at the end of the top line
of your error message was never \def'ed. If you have
misspelled it (e.g., `\hobx'), type `I' and the correct
spelling (e.g., `I\hbox'). Otherwise just continue,
and I'll forget about whatever was undefined.

! Double subscript.
l.6 ...degraphics[scale=\zoomfactor]{{{3_punkte_1_
                                                  geschwindigkeit_verringert...
I treat `x_1_2' essentially like `x_1{}_2'.

! Double subscript.
l.6 ...{3_punkte_1_geschwindigkeit_verringert/x_y_
                                                  0.0_10.0_0.0_10.0_0.0_10.0...
I treat `x_1_2' essentially like `x_1{}_2'.

! Missing $ inserted.
<inserted text> 
                $
l.7 
    
I've inserted a begin-math/end-math symbol since I think
you left one out. Proceed, with fingers crossed.


Overfull \hbox (20.0pt too wide) in paragraph at lines 3--7
 [] 
 []


Overfull \hbox (703.50267pt too wide) in paragraph at lines 3--7
 []\OML/cmm/m/it/10 unkte[][]eschwindigkeit[]erringert=x[][]:\OT1/cmr/m/n/10 0[
]0\OML/cmm/m/it/10 :\OT1/cmr/m/n/10 0[]\OML/cmm/m/it/10 :\OT1/cmr/m/n/10 0[]0\O
ML/cmm/m/it/10 :\OT1/cmr/m/n/10 0[]\OML/cmm/m/it/10 :\OT1/cmr/m/n/10 0[]0\OML/c
mm/m/it/10 :\OT1/cmr/m/n/10 0[]\OML/cmm/m/it/10 :\OT1/cmr/m/n/10 0[]0\OML/cmm/m
/it/10 :\OT1/cmr/m/n/10 0[]\OML/cmm/m/it/10 :\OT1/cmr/m/n/10 0[]0\OML/cmm/m/it/
10 :\OT1/cmr/m/n/10 0\OML/cmm/m/it/10 f\OT1/cmr/m/n/10 0[][]$ 
 []

! Undefined control sequence.
l.8 \subfigure
              [] { \includegraphics[scale=\zoomfactor]{{{3_punkte_1_geschwin...
The control sequence at the end of the top line
of your error message was never \def'ed. If you have
misspelled it (e.g., `\hobx'), type `I' and the correct
spelling (e.g., `I\hbox'). Otherwise just continue,
and I'll forget about whatever was undefined.


! LaTeX Error: Missing \begin{document}.

See the LaTeX manual or LaTeX Companion for explanation.
Type  H <return>  for immediate help.
 ...                                              
                                                  
l.8 \subfigure[
               ] { \includegraphics[scale=\zoomfactor]{{{3_punkte_1_geschwin...

You're in trouble here.  Try typing  <return>  to proceed.
If that doesn't work, type  X <return>  to quit.

Missing character: There is no [ in font nullfont!
Missing character: There is no ] in font nullfont!
! Undefined control sequence.
l.8 \subfigure[] { \includegraphics
                                   [scale=\zoomfactor]{{{3_punkte_1_geschwin...
The control sequence at the end of the top line
of your error message was never \def'ed. If you have
misspelled it (e.g., `\hobx'), type `I' and the correct
spelling (e.g., `I\hbox'). Otherwise just continue,
and I'll forget about whatever was undefined.

Missing character: There is no [ in font nullfont!
Missing character: There is no s in font nullfont!
Missing character: There is no c in font nullfont!
Missing character: There is no a in font nullfont!
Missing character: There is no l in font nullfont!
Missing character: There is no e in font nullfont!
Missing character: There is no = in font nullfont!
! Undefined control sequence.
l.8 ...gure[] { \includegraphics[scale=\zoomfactor
                                                  ]{{{3_punkte_1_geschwindig...
The control sequence at the end of the top line
of your error message was never \def'ed. If you have
misspelled it (e.g., `\hobx'), type `I' and the correct
spelling (e.g., `I\hbox'). Otherwise just continue,
and I'll forget about whatever was undefined.

Missing character: There is no ] in font nullfont!
Missing character: There is no 3 in font nullfont!
! Missing $ inserted.
<inserted text> 
                $
l.8 ... { \includegraphics[scale=\zoomfactor]{{{3_
                                                  punkte_1_geschwindigkeit_v...
I've inserted a begin-math/end-math symbol since I think
you left one out. Proceed, with fingers crossed.

! Double subscript.
l.8 ...degraphics[scale=\zoomfactor]{{{3_punkte_1_
                                                  geschwindigkeit_verringert...
I treat `x_1_2' essentially like `x_1{}_2'.

! Double subscript.
l.8 ...kte_1_geschwindigkeit_verringert/0.0_9.0_x_
                                                  y_0.0_10.0_0.0_10.0_0.0_10...
I treat `x_1_2' essentially like `x_1{}_2'.

! Double subscript.
l.8 ...e_1_geschwindigkeit_verringert/0.0_9.0_x_y_
                                                  0.0_10.0_0.0_10.0_0.0_10.0...
I treat `x_1_2' essentially like `x_1{}_2'.

! Extra }, or forgotten $.
l.8 ..._x_y_0.0_10.0_0.0_10.0_0.0_10.0_0.0_10.0f0}
                                                  }} }
I've deleted a group-closing symbol because it seems to be
spurious, as in `$x}$'. But perhaps the } is legitimate and
you forgot something else, as in `\hbox{$x}'. In such cases
the way to recover is to insert both the forgotten and the
deleted material, e.g., by typing `I$}'.

! Extra }, or forgotten $.
l.8 ...x_y_0.0_10.0_0.0_10.0_0.0_10.0_0.0_10.0f0}}
                                                  } }
I've deleted a group-closing symbol because it seems to be
spurious, as in `$x}$'. But perhaps the } is legitimate and
you forgot something else, as in `\hbox{$x}'. In such cases
the way to recover is to insert both the forgotten and the
deleted material, e.g., by typing `I$}'.

! Extra }, or forgotten $.
l.8 ..._y_0.0_10.0_0.0_10.0_0.0_10.0_0.0_10.0f0}}}
                                                   }
I've deleted a group-closing symbol because it seems to be
spurious, as in `$x}$'. But perhaps the } is legitimate and
you forgot something else, as in `\hbox{$x}'. In such cases
the way to recover is to insert both the forgotten and the
deleted material, e.g., by typing `I$}'.

! Extra }, or forgotten $.
l.8 ..._0.0_10.0_0.0_10.0_0.0_10.0_0.0_10.0f0}}} }
                                                  
I've deleted a group-closing symbol because it seems to be
spurious, as in `$x}$'. But perhaps the } is legitimate and
you forgot something else, as in `\hbox{$x}'. In such cases
the way to recover is to insert both the forgotten and the
deleted material, e.g., by typing `I$}'.

! Undefined control sequence.
l.9 \subfigure
              [] { \includegraphics[scale=\zoomfactor]{{{3_punkte_1_geschwin...
The control sequence at the end of the top line
of your error message was never \def'ed. If you have
misspelled it (e.g., `\hobx'), type `I' and the correct
spelling (e.g., `I\hbox'). Otherwise just continue,
and I'll forget about whatever was undefined.

! Undefined control sequence.
l.9 \subfigure[] { \includegraphics
                                   [scale=\zoomfactor]{{{3_punkte_1_geschwin...
The control sequence at the end of the top line
of your error message was never \def'ed. If you have
misspelled it (e.g., `\hobx'), type `I' and the correct
spelling (e.g., `I\hbox'). Otherwise just continue,
and I'll forget about whatever was undefined.

! Undefined control sequence.
l.9 ...gure[] { \includegraphics[scale=\zoomfactor
                                                  ]{{{3_punkte_1_geschwindig...
The control sequence at the end of the top line
of your error message was never \def'ed. If you have
misspelled it (e.g., `\hobx'), type `I' and the correct
spelling (e.g., `I\hbox'). Otherwise just continue,
and I'll forget about whatever was undefined.

! Double subscript.
l.9 ...degraphics[scale=\zoomfactor]{{{3_punkte_1_
                                                  geschwindigkeit_verringert...
I treat `x_1_2' essentially like `x_1{}_2'.

! Double subscript.
l.9 ...kte_1_geschwindigkeit_verringert/0.0_9.0_x_
                                                  y_0.0_10.0_0.0_10.0_0.0_10...
I treat `x_1_2' essentially like `x_1{}_2'.

! Double subscript.
l.9 ...e_1_geschwindigkeit_verringert/0.0_9.0_x_y_
                                                  0.0_10.0_0.0_10.0_0.0_10.0...
I treat `x_1_2' essentially like `x_1{}_2'.

! Missing $ inserted.
<inserted text> 
                $
l.10 
     
I've inserted a begin-math/end-math symbol since I think
you left one out. Proceed, with fingers crossed.


Overfull \hbox (693.16933pt too wide) in paragraph at lines 8--10
 []\OML/cmm/m/it/10 unkte[][]eschwindigkeit[]erringert=\OT1/cmr/m/n/10 0\OML/cm
m/m/it/10 :\OT1/cmr/m/n/10 0[]\OML/cmm/m/it/10 :\OT1/cmr/m/n/10 0[][][]\OML/cmm
/m/it/10 :\OT1/cmr/m/n/10 0[]0\OML/cmm/m/it/10 :\OT1/cmr/m/n/10 0[]\OML/cmm/m/i
t/10 :\OT1/cmr/m/n/10 0[]0\OML/cmm/m/it/10 :\OT1/cmr/m/n/10 0[]\OML/cmm/m/it/10
 :\OT1/cmr/m/n/10 0[]0\OML/cmm/m/it/10 :\OT1/cmr/m/n/10 0[]\OML/cmm/m/it/10 :\O
T1/cmr/m/n/10 0[]0\OML/cmm/m/it/10 :\OT1/cmr/m/n/10 0\OML/cmm/m/it/10 f\OT1/cmr
/m/n/10 0[][]$ 
 []

! Undefined control sequence.
l.11 \subfigure
               [] { \includegraphics[scale=\zoomfactor]{{{3_punkte_1_geschwi...
The control sequence at the end of the top line
of your error message was never \def'ed. If you have
misspelled it (e.g., `\hobx'), type `I' and the correct
spelling (e.g., `I\hbox'). Otherwise just continue,
and I'll forget about whatever was undefined.


! LaTeX Error: Missing \begin{document}.

See the LaTeX manual or LaTeX Companion for explanation.
Type  H <return>  for immediate help.
 ...                                              
                                                  
l.11 \subfigure[
                ] { \includegraphics[scale=\zoomfactor]{{{3_punkte_1_geschwi...

You're in trouble here.  Try typing  <return>  to proceed.
If that doesn't work, type  X <return>  to quit.

Missing character: There is no [ in font nullfont!
Missing character: There is no ] in font nullfont!
! Undefined control sequence.
l.11 \subfigure[] { \includegraphics
                                    [scale=\zoomfactor]{{{3_punkte_1_geschwi...
The control sequence at the end of the top line
of your error message was never \def'ed. If you have
misspelled it (e.g., `\hobx'), type `I' and the correct
spelling (e.g., `I\hbox'). Otherwise just continue,
and I'll forget about whatever was undefined.

Missing character: There is no [ in font nullfont!
Missing character: There is no s in font nullfont!
Missing character: There is no c in font nullfont!
Missing character: There is no a in font nullfont!
Missing character: There is no l in font nullfont!
Missing character: There is no e in font nullfont!
Missing character: There is no = in font nullfont!
! Undefined control sequence.
l.11 ...ure[] { \includegraphics[scale=\zoomfactor
                                                  ]{{{3_punkte_1_geschwindig...
The control sequence at the end of the top line
of your error message was never \def'ed. If you have
misspelled it (e.g., `\hobx'), type `I' and the correct
spelling (e.g., `I\hbox'). Otherwise just continue,
and I'll forget about whatever was undefined.

Missing character: There is no ] in font nullfont!
Missing character: There is no 3 in font nullfont!
! Missing $ inserted.
<inserted text> 
                $
l.11 ...{ \includegraphics[scale=\zoomfactor]{{{3_
                                                  punkte_1_geschwindigkeit_v...
I've inserted a begin-math/end-math symbol since I think
you left one out. Proceed, with fingers crossed.

! Double subscript.
l.11 ...egraphics[scale=\zoomfactor]{{{3_punkte_1_
                                                  geschwindigkeit_verringert...
I treat `x_1_2' essentially like `x_1{}_2'.

! Double subscript.
l.11 ...hwindigkeit_verringert/0.0_9.0_0.0_10.0_x_
                                                  y_0.0_10.0_0.0_10.0_0.0_10...
I treat `x_1_2' essentially like `x_1{}_2'.

! Double subscript.
l.11 ...indigkeit_verringert/0.0_9.0_0.0_10.0_x_y_
                                                  0.0_10.0_0.0_10.0_0.0_10.0...
I treat `x_1_2' essentially like `x_1{}_2'.

! Extra }, or forgotten $.
l.11 ...0.0_10.0_x_y_0.0_10.0_0.0_10.0_0.0_10.0f0}
                                                  }} }
I've deleted a group-closing symbol because it seems to be
spurious, as in `$x}$'. But perhaps the } is legitimate and
you forgot something else, as in `\hbox{$x}'. In such cases
the way to recover is to insert both the forgotten and the
deleted material, e.g., by typing `I$}'.

! Extra }, or forgotten $.
l.11 ....0_10.0_x_y_0.0_10.0_0.0_10.0_0.0_10.0f0}}
                                                  } }
I've deleted a group-closing symbol because it seems to be
spurious, as in `$x}$'. But perhaps the } is legitimate and
you forgot something else, as in `\hbox{$x}'. In such cases
the way to recover is to insert both the forgotten and the
deleted material, e.g., by typing `I$}'.

! Extra }, or forgotten $.
l.11 ...0_10.0_x_y_0.0_10.0_0.0_10.0_0.0_10.0f0}}}
                                                   }
I've deleted a group-closing symbol because it seems to be
spurious, as in `$x}$'. But perhaps the } is legitimate and
you forgot something else, as in `\hbox{$x}'. In such cases
the way to recover is to insert both the forgotten and the
deleted material, e.g., by typing `I$}'.

! Extra }, or forgotten $.
l.11 ...10.0_x_y_0.0_10.0_0.0_10.0_0.0_10.0f0}}} }
                                                  
I've deleted a group-closing symbol because it seems to be
spurious, as in `$x}$'. But perhaps the } is legitimate and
you forgot something else, as in `\hbox{$x}'. In such cases
the way to recover is to insert both the forgotten and the
deleted material, e.g., by typing `I$}'.

! Undefined control sequence.
l.12 \subfigure
               [] { \includegraphics[scale=\zoomfactor]{{{3_punkte_1_geschwi...
The control sequence at the end of the top line
of your error message was never \def'ed. If you have
misspelled it (e.g., `\hobx'), type `I' and the correct
spelling (e.g., `I\hbox'). Otherwise just continue,
and I'll forget about whatever was undefined.

! Undefined control sequence.
l.12 \subfigure[] { \includegraphics
                                    [scale=\zoomfactor]{{{3_punkte_1_geschwi...
The control sequence at the end of the top line
of your error message was never \def'ed. If you have
misspelled it (e.g., `\hobx'), type `I' and the correct
spelling (e.g., `I\hbox'). Otherwise just continue,
and I'll forget about whatever was undefined.

! Undefined control sequence.
l.12 ...ure[] { \includegraphics[scale=\zoomfactor
                                                  ]{{{3_punkte_1_geschwindig...
The control sequence at the end of the top line
of your error message was never \def'ed. If you have
misspelled it (e.g., `\hobx'), type `I' and the correct
spelling (e.g., `I\hbox'). Otherwise just continue,
and I'll forget about whatever was undefined.

! Double subscript.
l.12 ...egraphics[scale=\zoomfactor]{{{3_punkte_1_
                                                  geschwindigkeit_verringert...
I treat `x_1_2' essentially like `x_1{}_2'.

! Double subscript.
l.12 ...hwindigkeit_verringert/0.0_9.0_0.0_10.0_x_
                                                  y_0.0_10.0_0.0_10.0_0.0_10...
I treat `x_1_2' essentially like `x_1{}_2'.

! Double subscript.
l.12 ...indigkeit_verringert/0.0_9.0_0.0_10.0_x_y_
                                                  0.0_10.0_0.0_10.0_0.0_10.0...
I treat `x_1_2' essentially like `x_1{}_2'.

! Missing $ inserted.
<inserted text> 
                $
l.13 
     
I've inserted a begin-math/end-math symbol since I think
you left one out. Proceed, with fingers crossed.


Overfull \hbox (693.16933pt too wide) in paragraph at lines 11--13
 []\OML/cmm/m/it/10 unkte[][]eschwindigkeit[]erringert=\OT1/cmr/m/n/10 0\OML/cm
m/m/it/10 :\OT1/cmr/m/n/10 0[]\OML/cmm/m/it/10 :\OT1/cmr/m/n/10 0[]\OML/cmm/m/i
t/10 :\OT1/cmr/m/n/10 0[]0\OML/cmm/m/it/10 :\OT1/cmr/m/n/10 0[][][]\OML/cmm/m/i
t/10 :\OT1/cmr/m/n/10 0[]0\OML/cmm/m/it/10 :\OT1/cmr/m/n/10 0[]\OML/cmm/m/it/10
 :\OT1/cmr/m/n/10 0[]0\OML/cmm/m/it/10 :\OT1/cmr/m/n/10 0[]\OML/cmm/m/it/10 :\O
T1/cmr/m/n/10 0[]0\OML/cmm/m/it/10 :\OT1/cmr/m/n/10 0\OML/cmm/m/it/10 f\OT1/cmr
/m/n/10 0[][]$ 
 []

! Undefined control sequence.
l.14 \subfigure
               [] { \includegraphics[scale=\zoomfactor]{{{3_punkte_1_geschwi...
The control sequence at the end of the top line
of your error message was never \def'ed. If you have
misspelled it (e.g., `\hobx'), type `I' and the correct
spelling (e.g., `I\hbox'). Otherwise just continue,
and I'll forget about whatever was undefined.


! LaTeX Error: Missing \begin{document}.

See the LaTeX manual or LaTeX Companion for explanation.
Type  H <return>  for immediate help.
 ...                                              
                                                  
l.14 \subfigure[
                ] { \includegraphics[scale=\zoomfactor]{{{3_punkte_1_geschwi...

You're in trouble here.  Try typing  <return>  to proceed.
If that doesn't work, type  X <return>  to quit.

Missing character: There is no [ in font nullfont!
Missing character: There is no ] in font nullfont!
! Undefined control sequence.
l.14 \subfigure[] { \includegraphics
                                    [scale=\zoomfactor]{{{3_punkte_1_geschwi...
The control sequence at the end of the top line
of your error message was never \def'ed. If you have
misspelled it (e.g., `\hobx'), type `I' and the correct
spelling (e.g., `I\hbox'). Otherwise just continue,
and I'll forget about whatever was undefined.

Missing character: There is no [ in font nullfont!
Missing character: There is no s in font nullfont!
Missing character: There is no c in font nullfont!
Missing character: There is no a in font nullfont!
Missing character: There is no l in font nullfont!
Missing character: There is no e in font nullfont!
Missing character: There is no = in font nullfont!
! Undefined control sequence.
l.14 ...ure[] { \includegraphics[scale=\zoomfactor
                                                  ]{{{3_punkte_1_geschwindig...
The control sequence at the end of the top line
of your error message was never \def'ed. If you have
misspelled it (e.g., `\hobx'), type `I' and the correct
spelling (e.g., `I\hbox'). Otherwise just continue,
and I'll forget about whatever was undefined.

Missing character: There is no ] in font nullfont!
Missing character: There is no 3 in font nullfont!
! Missing $ inserted.
<inserted text> 
                $
l.14 ...{ \includegraphics[scale=\zoomfactor]{{{3_
                                                  punkte_1_geschwindigkeit_v...
I've inserted a begin-math/end-math symbol since I think
you left one out. Proceed, with fingers crossed.

! Double subscript.
l.14 ...egraphics[scale=\zoomfactor]{{{3_punkte_1_
                                                  geschwindigkeit_verringert...
I treat `x_1_2' essentially like `x_1{}_2'.

! Double subscript.
l.14 ...it_verringert/0.0_9.0_0.0_10.0_0.0_10.0_x_
                                                  y_0.0_10.0_0.0_10.0f0}}} }
I treat `x_1_2' essentially like `x_1{}_2'.

! Double subscript.
l.14 ..._verringert/0.0_9.0_0.0_10.0_0.0_10.0_x_y_
                                                  0.0_10.0_0.0_10.0f0}}} }
I treat `x_1_2' essentially like `x_1{}_2'.

! Extra }, or forgotten $.
l.14 ...0.0_10.0_0.0_10.0_x_y_0.0_10.0_0.0_10.0f0}
                                                  }} }
I've deleted a group-closing symbol because it seems to be
spurious, as in `$x}$'. But perhaps the } is legitimate and
you forgot something else, as in `\hbox{$x}'. In such cases
the way to recover is to insert both the forgotten and the
deleted material, e.g., by typing `I$}'.

! Extra }, or forgotten $.
l.14 ....0_10.0_0.0_10.0_x_y_0.0_10.0_0.0_10.0f0}}
                                                  } }
I've deleted a group-closing symbol because it seems to be
spurious, as in `$x}$'. But perhaps the } is legitimate and
you forgot something else, as in `\hbox{$x}'. In such cases
the way to recover is to insert both the forgotten and the
deleted material, e.g., by typing `I$}'.

! Extra }, or forgotten $.
l.14 ...0_10.0_0.0_10.0_x_y_0.0_10.0_0.0_10.0f0}}}
                                                   }
I've deleted a group-closing symbol because it seems to be
spurious, as in `$x}$'. But perhaps the } is legitimate and
you forgot something else, as in `\hbox{$x}'. In such cases
the way to recover is to insert both the forgotten and the
deleted material, e.g., by typing `I$}'.

! Extra }, or forgotten $.
l.14 ...10.0_0.0_10.0_x_y_0.0_10.0_0.0_10.0f0}}} }
                                                  
I've deleted a group-closing symbol because it seems to be
spurious, as in `$x}$'. But perhaps the } is legitimate and
you forgot something else, as in `\hbox{$x}'. In such cases
the way to recover is to insert both the forgotten and the
deleted material, e.g., by typing `I$}'.

! Undefined control sequence.
l.15 \subfigure
               [] { \includegraphics[scale=\zoomfactor]{{{3_punkte_1_geschwi...
The control sequence at the end of the top line
of your error message was never \def'ed. If you have
misspelled it (e.g., `\hobx'), type `I' and the correct
spelling (e.g., `I\hbox'). Otherwise just continue,
and I'll forget about whatever was undefined.

! Undefined control sequence.
l.15 \subfigure[] { \includegraphics
                                    [scale=\zoomfactor]{{{3_punkte_1_geschwi...
The control sequence at the end of the top line
of your error message was never \def'ed. If you have
misspelled it (e.g., `\hobx'), type `I' and the correct
spelling (e.g., `I\hbox'). Otherwise just continue,
and I'll forget about whatever was undefined.

! Undefined control sequence.
l.15 ...ure[] { \includegraphics[scale=\zoomfactor
                                                  ]{{{3_punkte_1_geschwindig...
The control sequence at the end of the top line
of your error message was never \def'ed. If you have
misspelled it (e.g., `\hobx'), type `I' and the correct
spelling (e.g., `I\hbox'). Otherwise just continue,
and I'll forget about whatever was undefined.

! Double subscript.
l.15 ...egraphics[scale=\zoomfactor]{{{3_punkte_1_
                                                  geschwindigkeit_verringert...
I treat `x_1_2' essentially like `x_1{}_2'.

! Double subscript.
l.15 ...it_verringert/0.0_9.0_0.0_10.0_0.0_10.0_x_
                                                  y_0.0_10.0_0.0_10.0f1}}} }
I treat `x_1_2' essentially like `x_1{}_2'.

! Double subscript.
l.15 ..._verringert/0.0_9.0_0.0_10.0_0.0_10.0_x_y_
                                                  0.0_10.0_0.0_10.0f1}}} }
I treat `x_1_2' essentially like `x_1{}_2'.

! Missing $ inserted.
<inserted text> 
                $
l.16 
     
I've inserted a begin-math/end-math symbol since I think
you left one out. Proceed, with fingers crossed.


Overfull \hbox (693.16933pt too wide) in paragraph at lines 14--16
 []\OML/cmm/m/it/10 unkte[][]eschwindigkeit[]erringert=\OT1/cmr/m/n/10 0\OML/cm
m/m/it/10 :\OT1/cmr/m/n/10 0[]\OML/cmm/m/it/10 :\OT1/cmr/m/n/10 0[]\OML/cmm/m/i
t/10 :\OT1/cmr/m/n/10 0[]0\OML/cmm/m/it/10 :\OT1/cmr/m/n/10 0[]\OML/cmm/m/it/10
 :\OT1/cmr/m/n/10 0[]0\OML/cmm/m/it/10 :\OT1/cmr/m/n/10 0[][][]\OML/cmm/m/it/10
 :\OT1/cmr/m/n/10 0[]0\OML/cmm/m/it/10 :\OT1/cmr/m/n/10 0[]\OML/cmm/m/it/10 :\O
T1/cmr/m/n/10 0[]0\OML/cmm/m/it/10 :\OT1/cmr/m/n/10 0\OML/cmm/m/it/10 f\OT1/cmr
/m/n/10 0[][]$ 
 []

! Undefined control sequence.
l.17 \subfigure
               [] { \includegraphics[scale=\zoomfactor]{{{3_punkte_1_geschwi...
The control sequence at the end of the top line
of your error message was never \def'ed. If you have
misspelled it (e.g., `\hobx'), type `I' and the correct
spelling (e.g., `I\hbox'). Otherwise just continue,
and I'll forget about whatever was undefined.


! LaTeX Error: Missing \begin{document}.

See the LaTeX manual or LaTeX Companion for explanation.
Type  H <return>  for immediate help.
 ...                                              
                                                  
l.17 \subfigure[
                ] { \includegraphics[scale=\zoomfactor]{{{3_punkte_1_geschwi...

You're in trouble here.  Try typing  <return>  to proceed.
If that doesn't work, type  X <return>  to quit.

Missing character: There is no [ in font nullfont!
Missing character: There is no ] in font nullfont!
! Undefined control sequence.
l.17 \subfigure[] { \includegraphics
                                    [scale=\zoomfactor]{{{3_punkte_1_geschwi...
The control sequence at the end of the top line
of your error message was never \def'ed. If you have
misspelled it (e.g., `\hobx'), type `I' and the correct
spelling (e.g., `I\hbox'). Otherwise just continue,
and I'll forget about whatever was undefined.

Missing character: There is no [ in font nullfont!
Missing character: There is no s in font nullfont!
Missing character: There is no c in font nullfont!
Missing character: There is no a in font nullfont!
Missing character: There is no l in font nullfont!
Missing character: There is no e in font nullfont!
Missing character: There is no = in font nullfont!
! Undefined control sequence.
l.17 ...ure[] { \includegraphics[scale=\zoomfactor
                                                  ]{{{3_punkte_1_geschwindig...
The control sequence at the end of the top line
of your error message was never \def'ed. If you have
misspelled it (e.g., `\hobx'), type `I' and the correct
spelling (e.g., `I\hbox'). Otherwise just continue,
and I'll forget about whatever was undefined.

Missing character: There is no ] in font nullfont!
Missing character: There is no 3 in font nullfont!
! Missing $ inserted.
<inserted text> 
                $
l.17 ...{ \includegraphics[scale=\zoomfactor]{{{3_
                                                  punkte_1_geschwindigkeit_v...
I've inserted a begin-math/end-math symbol since I think
you left one out. Proceed, with fingers crossed.

! Double subscript.
l.17 ...egraphics[scale=\zoomfactor]{{{3_punkte_1_
                                                  geschwindigkeit_verringert...
I treat `x_1_2' essentially like `x_1{}_2'.

! Double subscript.
l.17 ...gert/0.0_9.0_0.0_10.0_0.0_10.0_0.0_10.0_x_
                                                  y_0.0_10.0f0}}} }
I treat `x_1_2' essentially like `x_1{}_2'.

! Double subscript.
l.17 ...rt/0.0_9.0_0.0_10.0_0.0_10.0_0.0_10.0_x_y_
                                                  0.0_10.0f0}}} }
I treat `x_1_2' essentially like `x_1{}_2'.

! Extra }, or forgotten $.
l.17 ...0.0_10.0_0.0_10.0_0.0_10.0_x_y_0.0_10.0f0}
                                                  }} }
I've deleted a group-closing symbol because it seems to be
spurious, as in `$x}$'. But perhaps the } is legitimate and
you forgot something else, as in `\hbox{$x}'. In such cases
the way to recover is to insert both the forgotten and the
deleted material, e.g., by typing `I$}'.

! Extra }, or forgotten $.
l.17 ....0_10.0_0.0_10.0_0.0_10.0_x_y_0.0_10.0f0}}
                                                  } }
I've deleted a group-closing symbol because it seems to be
spurious, as in `$x}$'. But perhaps the } is legitimate and
you forgot something else, as in `\hbox{$x}'. In such cases
the way to recover is to insert both the forgotten and the
deleted material, e.g., by typing `I$}'.

! Extra }, or forgotten $.
l.17 ...0_10.0_0.0_10.0_0.0_10.0_x_y_0.0_10.0f0}}}
                                                   }
I've deleted a group-closing symbol because it seems to be
spurious, as in `$x}$'. But perhaps the } is legitimate and
you forgot something else, as in `\hbox{$x}'. In such cases
the way to recover is to insert both the forgotten and the
deleted material, e.g., by typing `I$}'.

! Extra }, or forgotten $.
l.17 ...10.0_0.0_10.0_0.0_10.0_x_y_0.0_10.0f0}}} }
                                                  
I've deleted a group-closing symbol because it seems to be
spurious, as in `$x}$'. But perhaps the } is legitimate and
you forgot something else, as in `\hbox{$x}'. In such cases
the way to recover is to insert both the forgotten and the
deleted material, e.g., by typing `I$}'.

! Undefined control sequence.
l.18 \subfigure
               [] { \includegraphics[scale=\zoomfactor]{{{3_punkte_1_geschwi...
The control sequence at the end of the top line
of your error message was never \def'ed. If you have
misspelled it (e.g., `\hobx'), type `I' and the correct
spelling (e.g., `I\hbox'). Otherwise just continue,
and I'll forget about whatever was undefined.

! Undefined control sequence.
l.18 \subfigure[] { \includegraphics
                                    [scale=\zoomfactor]{{{3_punkte_1_geschwi...
The control sequence at the end of the top line
of your error message was never \def'ed. If you have
misspelled it (e.g., `\hobx'), type `I' and the correct
spelling (e.g., `I\hbox'). Otherwise just continue,
and I'll forget about whatever was undefined.

! Undefined control sequence.
l.18 ...ure[] { \includegraphics[scale=\zoomfactor
                                                  ]{{{3_punkte_1_geschwindig...
The control sequence at the end of the top line
of your error message was never \def'ed. If you have
misspelled it (e.g., `\hobx'), type `I' and the correct
spelling (e.g., `I\hbox'). Otherwise just continue,
and I'll forget about whatever was undefined.

! Double subscript.
l.18 ...egraphics[scale=\zoomfactor]{{{3_punkte_1_
                                                  geschwindigkeit_verringert...
I treat `x_1_2' essentially like `x_1{}_2'.

! Double subscript.
l.18 ...gert/0.0_9.0_0.0_10.0_0.0_10.0_0.0_10.0_x_
                                                  y_0.0_10.0f1}}} }
I treat `x_1_2' essentially like `x_1{}_2'.

! Double subscript.
l.18 ...rt/0.0_9.0_0.0_10.0_0.0_10.0_0.0_10.0_x_y_
                                                  0.0_10.0f1}}} }
I treat `x_1_2' essentially like `x_1{}_2'.

! Missing $ inserted.
<inserted text> 
                $
l.19 
     
I've inserted a begin-math/end-math symbol since I think
you left one out. Proceed, with fingers crossed.


Overfull \hbox (693.16933pt too wide) in paragraph at lines 17--19
 []\OML/cmm/m/it/10 unkte[][]eschwindigkeit[]erringert=\OT1/cmr/m/n/10 0\OML/cm
m/m/it/10 :\OT1/cmr/m/n/10 0[]\OML/cmm/m/it/10 :\OT1/cmr/m/n/10 0[]\OML/cmm/m/i
t/10 :\OT1/cmr/m/n/10 0[]0\OML/cmm/m/it/10 :\OT1/cmr/m/n/10 0[]\OML/cmm/m/it/10
 :\OT1/cmr/m/n/10 0[]0\OML/cmm/m/it/10 :\OT1/cmr/m/n/10 0[]\OML/cmm/m/it/10 :\O
T1/cmr/m/n/10 0[]0\OML/cmm/m/it/10 :\OT1/cmr/m/n/10 0[][][]\OML/cmm/m/it/10 :\O
T1/cmr/m/n/10 0[]0\OML/cmm/m/it/10 :\OT1/cmr/m/n/10 0\OML/cmm/m/it/10 f\OT1/cmr
/m/n/10 0[][]$ 
 []

! Undefined control sequence.
l.20 \subfigure
               [] { \includegraphics[scale=\zoomfactor]{{{3_punkte_1_geschwi...
The control sequence at the end of the top line
of your error message was never \def'ed. If you have
misspelled it (e.g., `\hobx'), type `I' and the correct
spelling (e.g., `I\hbox'). Otherwise just continue,
and I'll forget about whatever was undefined.


! LaTeX Error: Missing \begin{document}.

See the LaTeX manual or LaTeX Companion for explanation.
Type  H <return>  for immediate help.
 ...                                              
                                                  
l.20 \subfigure[
                ] { \includegraphics[scale=\zoomfactor]{{{3_punkte_1_geschwi...

You're in trouble here.  Try typing  <return>  to proceed.
If that doesn't work, type  X <return>  to quit.

Missing character: There is no [ in font nullfont!
Missing character: There is no ] in font nullfont!
! Undefined control sequence.
l.20 \subfigure[] { \includegraphics
                                    [scale=\zoomfactor]{{{3_punkte_1_geschwi...
The control sequence at the end of the top line
of your error message was never \def'ed. If you have
misspelled it (e.g., `\hobx'), type `I' and the correct
spelling (e.g., `I\hbox'). Otherwise just continue,
and I'll forget about whatever was undefined.

Missing character: There is no [ in font nullfont!
Missing character: There is no s in font nullfont!
Missing character: There is no c in font nullfont!
Missing character: There is no a in font nullfont!
Missing character: There is no l in font nullfont!
Missing character: There is no e in font nullfont!
Missing character: There is no = in font nullfont!
! Undefined control sequence.
l.20 ...ure[] { \includegraphics[scale=\zoomfactor
                                                  ]{{{3_punkte_1_geschwindig...
The control sequence at the end of the top line
of your error message was never \def'ed. If you have
misspelled it (e.g., `\hobx'), type `I' and the correct
spelling (e.g., `I\hbox'). Otherwise just continue,
and I'll forget about whatever was undefined.

Missing character: There is no ] in font nullfont!
Missing character: There is no 3 in font nullfont!
! Missing $ inserted.
<inserted text> 
                $
l.20 ...{ \includegraphics[scale=\zoomfactor]{{{3_
                                                  punkte_1_geschwindigkeit_v...
I've inserted a begin-math/end-math symbol since I think
you left one out. Proceed, with fingers crossed.

! Double subscript.
l.20 ...egraphics[scale=\zoomfactor]{{{3_punkte_1_
                                                  geschwindigkeit_verringert...
I treat `x_1_2' essentially like `x_1{}_2'.

! Double subscript.
l.20 ...9.0_0.0_10.0_0.0_10.0_0.0_10.0_0.0_10.0_x_
                                                  yf0}}} }
I treat `x_1_2' essentially like `x_1{}_2'.

! Extra }, or forgotten $.
l.20 ...0.0_10.0_0.0_10.0_0.0_10.0_0.0_10.0_x_yf0}
                                                  }} }
I've deleted a group-closing symbol because it seems to be
spurious, as in `$x}$'. But perhaps the } is legitimate and
you forgot something else, as in `\hbox{$x}'. In such cases
the way to recover is to insert both the forgotten and the
deleted material, e.g., by typing `I$}'.

! Extra }, or forgotten $.
l.20 ....0_10.0_0.0_10.0_0.0_10.0_0.0_10.0_x_yf0}}
                                                  } }
I've deleted a group-closing symbol because it seems to be
spurious, as in `$x}$'. But perhaps the } is legitimate and
you forgot something else, as in `\hbox{$x}'. In such cases
the way to recover is to insert both the forgotten and the
deleted material, e.g., by typing `I$}'.

! Extra }, or forgotten $.
l.20 ...0_10.0_0.0_10.0_0.0_10.0_0.0_10.0_x_yf0}}}
                                                   }
I've deleted a group-closing symbol because it seems to be
spurious, as in `$x}$'. But perhaps the } is legitimate and
you forgot something else, as in `\hbox{$x}'. In such cases
the way to recover is to insert both the forgotten and the
deleted material, e.g., by typing `I$}'.

! Extra }, or forgotten $.
l.20 ...10.0_0.0_10.0_0.0_10.0_0.0_10.0_x_yf0}}} }
                                                  
I've deleted a group-closing symbol because it seems to be
spurious, as in `$x}$'. But perhaps the } is legitimate and
you forgot something else, as in `\hbox{$x}'. In such cases
the way to recover is to insert both the forgotten and the
deleted material, e.g., by typing `I$}'.

! Undefined control sequence.
l.21 \subfigure
               [] { \includegraphics[scale=\zoomfactor]{{{3_punkte_1_geschwi...
The control sequence at the end of the top line
of your error message was never \def'ed. If you have
misspelled it (e.g., `\hobx'), type `I' and the correct
spelling (e.g., `I\hbox'). Otherwise just continue,
and I'll forget about whatever was undefined.

! Undefined control sequence.
l.21 \subfigure[] { \includegraphics
                                    [scale=\zoomfactor]{{{3_punkte_1_geschwi...
The control sequence at the end of the top line
of your error message was never \def'ed. If you have
misspelled it (e.g., `\hobx'), type `I' and the correct
spelling (e.g., `I\hbox'). Otherwise just continue,
and I'll forget about whatever was undefined.

! Undefined control sequence.
l.21 ...ure[] { \includegraphics[scale=\zoomfactor
                                                  ]{{{3_punkte_1_geschwindig...
The control sequence at the end of the top line
of your error message was never \def'ed. If you have
misspelled it (e.g., `\hobx'), type `I' and the correct
spelling (e.g., `I\hbox'). Otherwise just continue,
and I'll forget about whatever was undefined.

! Double subscript.
l.21 ...egraphics[scale=\zoomfactor]{{{3_punkte_1_
                                                  geschwindigkeit_verringert...
I treat `x_1_2' essentially like `x_1{}_2'.

! Double subscript.
l.21 ...9.0_0.0_10.0_0.0_10.0_0.0_10.0_0.0_10.0_x_
                                                  yf1}}} }
I treat `x_1_2' essentially like `x_1{}_2'.


! LaTeX Error: \caption outside float.

See the LaTeX manual or LaTeX Companion for explanation.
Type  H <return>  for immediate help.
 ...                                              
                                                  
l.22 \caption
             {Three points for each triangle. All points except $p_1$ have h...

You're in trouble here.  Try typing  <return>  to proceed.
If that doesn't work, type  X <return>  to quit.

! Missing } inserted.
<inserted text> 
                }
l.22 ...nts for each triangle. All points except $
                                                  p_1$ have height 10, impul...
I've inserted something that you may have forgotten.
(See the <inserted text> above.)
With luck, this will get me unwedged. But if you
really didn't forget anything, try typing `2' now; then
my insertion and my current dilemma will both disappear.

Missing character: There is no p in font nullfont!
! Missing $ inserted.
<inserted text> 
                $
l.22 ...s for each triangle. All points except $p_
                                                  1$ have height 10, impulse...
I've inserted a begin-math/end-math symbol since I think
you left one out. Proceed, with fingers crossed.

Missing character: There is no h in font nullfont!
Missing character: There is no a in font nullfont!
Missing character: There is no v in font nullfont!
Missing character: There is no e in font nullfont!
Missing character: There is no h in font nullfont!
Missing character: There is no e in font nullfont!
Missing character: There is no i in font nullfont!
Missing character: There is no g in font nullfont!
Missing character: There is no h in font nullfont!
Missing character: There is no t in font nullfont!
Missing character: There is no 1 in font nullfont!
Missing character: There is no 0 in font nullfont!
Missing character: There is no , in font nullfont!
Missing character: There is no i in font nullfont!
Missing character: There is no m in font nullfont!
Missing character: There is no p in font nullfont!
Missing character: There is no u in font nullfont!
Missing character: There is no l in font nullfont!
Missing character: There is no s in font nullfont!
Missing character: There is no e in font nullfont!
Missing character: There is no 0 in font nullfont!
Missing character: There is no . in font nullfont!
Missing character: There is no P in font nullfont!
Missing character: There is no o in font nullfont!
Missing character: There is no i in font nullfont!
Missing character: There is no n in font nullfont!
Missing character: There is no t in font nullfont!
Missing character: There is no i in font nullfont!
Missing character: There is no s in font nullfont!
Missing character: There is no s in font nullfont!
Missing character: There is no e in font nullfont!
Missing character: There is no t in font nullfont!
Missing character: There is no t in font nullfont!
Missing character: There is no o in font nullfont!
Missing character: There is no . in font nullfont!

! LaTeX Error: \begin{document} ended by \end{figure}.

See the LaTeX manual or LaTeX Companion for explanation.
Type  H <return>  for immediate help.
 ...                                              
                                                  
l.24 \end{figure}
                 
Your command was ignored.
Type  I <command> <return>  to replace it with another command,
or  <return>  to continue without it.

! Missing } inserted.
<inserted text> 
                }
l.24 \end{figure}
                 
I've inserted something that you may have forgotten.
(See the <inserted text> above.)
With luck, this will get me unwedged. But if you
really didn't forget anything, try typing `2' now; then
my insertion and my current dilemma will both disappear.

! Missing } inserted.
<inserted text> 
                }
l.24 \end{figure}
                 
I've inserted something that you may have forgotten.
(See the <inserted text> above.)
With luck, this will get me unwedged. But if you
really didn't forget anything, try typing `2' now; then
my insertion and my current dilemma will both disappear.

! Missing } inserted.
<inserted text> 
                }
l.24 \end{figure}
                 
I've inserted something that you may have forgotten.
(See the <inserted text> above.)
With luck, this will get me unwedged. But if you
really didn't forget anything, try typing `2' now; then
my insertion and my current dilemma will both disappear.

! Missing } inserted.
<inserted text> 
                }
l.24 \end{figure}
                 
I've inserted something that you may have forgotten.
(See the <inserted text> above.)
With luck, this will get me unwedged. But if you
really didn't forget anything, try typing `2' now; then
my insertion and my current dilemma will both disappear.

! Missing } inserted.
<inserted text> 
                }
l.24 \end{figure}
                 
I've inserted something that you may have forgotten.
(See the <inserted text> above.)
With luck, this will get me unwedged. But if you
really didn't forget anything, try typing `2' now; then
my insertion and my current dilemma will both disappear.

! Missing } inserted.
<inserted text> 
                }
l.24 \end{figure}
                 
I've inserted something that you may have forgotten.
(See the <inserted text> above.)
With luck, this will get me unwedged. But if you
really didn't forget anything, try typing `2' now; then
my insertion and my current dilemma will both disappear.

! Missing } inserted.
<inserted text> 
                }
l.24 \end{figure}
                 
I've inserted something that you may have forgotten.
(See the <inserted text> above.)
With luck, this will get me unwedged. But if you
really didn't forget anything, try typing `2' now; then
my insertion and my current dilemma will both disappear.

! Missing } inserted.
<inserted text> 
                }
l.24 \end{figure}
                 
I've inserted something that you may have forgotten.
(See the <inserted text> above.)
With luck, this will get me unwedged. But if you
really didn't forget anything, try typing `2' now; then
my insertion and my current dilemma will both disappear.

! Missing } inserted.
<inserted text> 
                }
l.24 \end{figure}
                 
I've inserted something that you may have forgotten.
(See the <inserted text> above.)
With luck, this will get me unwedged. But if you
really didn't forget anything, try typing `2' now; then
my insertion and my current dilemma will both disappear.

! Missing } inserted.
<inserted text> 
                }
l.24 \end{figure}
                 
I've inserted something that you may have forgotten.
(See the <inserted text> above.)
With luck, this will get me unwedged. But if you
really didn't forget anything, try typing `2' now; then
my insertion and my current dilemma will both disappear.

! Missing } inserted.
<inserted text> 
                }
l.24 \end{figure}
                 
I've inserted something that you may have forgotten.
(See the <inserted text> above.)
With luck, this will get me unwedged. But if you
really didn't forget anything, try typing `2' now; then
my insertion and my current dilemma will both disappear.

! Missing } inserted.
<inserted text> 
                }
l.24 \end{figure}
                 
I've inserted something that you may have forgotten.
(See the <inserted text> above.)
With luck, this will get me unwedged. But if you
really didn't forget anything, try typing `2' now; then
my insertion and my current dilemma will both disappear.

! Missing } inserted.
<inserted text> 
                }
l.24 \end{figure}
                 
I've inserted something that you may have forgotten.
(See the <inserted text> above.)
With luck, this will get me unwedged. But if you
really didn't forget anything, try typing `2' now; then
my insertion and my current dilemma will both disappear.

! Missing } inserted.
<inserted text> 
                }
l.24 \end{figure}
                 
I've inserted something that you may have forgotten.
(See the <inserted text> above.)
With luck, this will get me unwedged. But if you
really didn't forget anything, try typing `2' now; then
my insertion and my current dilemma will both disappear.

! Missing } inserted.
<inserted text> 
                }
l.24 \end{figure}
                 
I've inserted something that you may have forgotten.
(See the <inserted text> above.)
With luck, this will get me unwedged. But if you
really didn't forget anything, try typing `2' now; then
my insertion and my current dilemma will both disappear.

! Missing } inserted.
<inserted text> 
                }
l.24 \end{figure}
                 
I've inserted something that you may have forgotten.
(See the <inserted text> above.)
With luck, this will get me unwedged. But if you
really didn't forget anything, try typing `2' now; then
my insertion and my current dilemma will both disappear.

! Missing } inserted.
<inserted text> 
                }
l.24 \end{figure}
                 
I've inserted something that you may have forgotten.
(See the <inserted text> above.)
With luck, this will get me unwedged. But if you
really didn't forget anything, try typing `2' now; then
my insertion and my current dilemma will both disappear.

! Missing } inserted.
<inserted text> 
                }
l.24 \end{figure}
                 
I've inserted something that you may have forgotten.
(See the <inserted text> above.)
With luck, this will get me unwedged. But if you
really didn't forget anything, try typing `2' now; then
my insertion and my current dilemma will both disappear.

! Missing } inserted.
<inserted text> 
                }
l.24 \end{figure}
                 
I've inserted something that you may have forgotten.
(See the <inserted text> above.)
With luck, this will get me unwedged. But if you
really didn't forget anything, try typing `2' now; then
my insertion and my current dilemma will both disappear.

! Missing } inserted.
<inserted text> 
                }
l.24 \end{figure}
                 
I've inserted something that you may have forgotten.
(See the <inserted text> above.)
With luck, this will get me unwedged. But if you
really didn't forget anything, try typing `2' now; then
my insertion and my current dilemma will both disappear.

! Missing } inserted.
<inserted text> 
                }
l.24 \end{figure}
                 
I've inserted something that you may have forgotten.
(See the <inserted text> above.)
With luck, this will get me unwedged. But if you
really didn't forget anything, try typing `2' now; then
my insertion and my current dilemma will both disappear.

! Missing } inserted.
<inserted text> 
                }
l.24 \end{figure}
                 
I've inserted something that you may have forgotten.
(See the <inserted text> above.)
With luck, this will get me unwedged. But if you
really didn't forget anything, try typing `2' now; then
my insertion and my current dilemma will both disappear.

! Missing } inserted.
<inserted text> 
                }
l.24 \end{figure}
                 
I've inserted something that you may have forgotten.
(See the <inserted text> above.)
With luck, this will get me unwedged. But if you
really didn't forget anything, try typing `2' now; then
my insertion and my current dilemma will both disappear.


Overfull \hbox (896.37671pt too wide) in paragraph at lines 20--25
[]\OML/cmm/m/it/10 unkte[][]eschwindigkeit[]erringert=\OT1/cmr/m/n/10 0\OML/cmm
/m/it/10 :\OT1/cmr/m/n/10 0[]\OML/cmm/m/it/10 :\OT1/cmr/m/n/10 0[]\OML/cmm/m/it
/10 :\OT1/cmr/m/n/10 0[]0\OML/cmm/m/it/10 :\OT1/cmr/m/n/10 0[]\OML/cmm/m/it/10 
:\OT1/cmr/m/n/10 0[]0\OML/cmm/m/it/10 :\OT1/cmr/m/n/10 0[]\OML/cmm/m/it/10 :\OT
1/cmr/m/n/10 0[]0\OML/cmm/m/it/10 :\OT1/cmr/m/n/10 0[]\OML/cmm/m/it/10 :\OT1/cm
r/m/n/10 0[]0\OML/cmm/m/it/10 :\OT1/cmr/m/n/10 0[][]\OML/cmm/m/it/10 f\OT1/cmr/
m/n/10 0[][][]$$[]$
 []


Overfull \hbox (9.51738pt too wide) in paragraph at lines 20--25
\OML/cmm/m/it/10 p[]$
 []


Overfull \hbox (22.22224pt too wide) in paragraph at lines 20--25
\OT1/cmr/m/n/10 (9\OML/cmm/m/it/10 ; \OT1/cmr/m/n/10 0)$
 []

)
! Emergency stop.
<*> \input tex.tex
                  
*** (job aborted, no legal \end found)

 
Here is how much of TeX's memory you used:
 9 strings out of 494617
 160 string characters out of 1172294
 48840 words of memory out of 3000000
 3322 multiletter control sequences out of 15000+50000
 3640 words of font info for 14 fonts, out of 3000000 for 9000
 289 hyphenation exceptions out of 8191
 18i,5n,12p,179b,84s stack positions out of 5000i,500n,10000p,200000b,50000s
!  ==> Fatal error occurred, no output PDF file produced!
